<?xml version="1.0" encoding="UTF-8"?>
<testsuite xmlns:xsi="http://www.w3.org/2001/XMLSchema-instance" xsi:noNamespaceSchemaLocation="https://maven.apache.org/surefire/maven-surefire-plugin/xsd/surefire-test-report.xsd" name="cm.pak.services.impl.DefaultExtensionServiceTest" time="8.439" tests="4" errors="4" skipped="0" failures="0">
  <properties>
    <property name="sun.desktop" value="windows"/>
    <property name="awt.toolkit" value="sun.awt.windows.WToolkit"/>
    <property name="file.encoding.pkg" value="sun.io"/>
    <property name="java.specification.version" value="1.8"/>
    <property name="sun.cpu.isalist" value="amd64"/>
    <property name="sun.jnu.encoding" value="Cp1252"/>
    <property name="java.class.path" value="C:\Users\dieunedort.bekondo\IdeaProjects\pak-training\training-core\target\test-classes;C:\Users\dieunedort.bekondo\IdeaProjects\pak-training\training-core\target\classes;C:\Users\dieunedort.bekondo\.m2\repository\org\springframework\boot\spring-boot-starter-mail\2.6.4\spring-boot-starter-mail-2.6.4.jar;C:\Users\dieunedort.bekondo\.m2\repository\org\springframework\boot\spring-boot-starter\2.6.4\spring-boot-starter-2.6.4.jar;C:\Users\dieunedort.bekondo\.m2\repository\org\springframework\boot\spring-boot\2.6.4\spring-boot-2.6.4.jar;C:\Users\dieunedort.bekondo\.m2\repository\org\springframework\boot\spring-boot-autoconfigure\2.6.4\spring-boot-autoconfigure-2.6.4.jar;C:\Users\dieunedort.bekondo\.m2\repository\org\springframework\boot\spring-boot-starter-logging\2.6.4\spring-boot-starter-logging-2.6.4.jar;C:\Users\dieunedort.bekondo\.m2\repository\ch\qos\logback\logback-classic\1.2.10\logback-classic-1.2.10.jar;C:\Users\dieunedort.bekondo\.m2\repository\ch\qos\logback\logback-core\1.2.10\logback-core-1.2.10.jar;C:\Users\dieunedort.bekondo\.m2\repository\org\apache\logging\log4j\log4j-to-slf4j\2.17.1\log4j-to-slf4j-2.17.1.jar;C:\Users\dieunedort.bekondo\.m2\repository\org\apache\logging\log4j\log4j-api\2.17.1\log4j-api-2.17.1.jar;C:\Users\dieunedort.bekondo\.m2\repository\org\slf4j\jul-to-slf4j\1.7.36\jul-to-slf4j-1.7.36.jar;C:\Users\dieunedort.bekondo\.m2\repository\jakarta\annotation\jakarta.annotation-api\1.3.5\jakarta.annotation-api-1.3.5.jar;C:\Users\dieunedort.bekondo\.m2\repository\org\yaml\snakeyaml\1.29\snakeyaml-1.29.jar;C:\Users\dieunedort.bekondo\.m2\repository\org\springframework\spring-context-support\5.3.16\spring-context-support-5.3.16.jar;C:\Users\dieunedort.bekondo\.m2\repository\org\springframework\spring-beans\5.3.16\spring-beans-5.3.16.jar;C:\Users\dieunedort.bekondo\.m2\repository\org\springframework\spring-context\5.3.16\spring-context-5.3.16.jar;C:\Users\dieunedort.bekondo\.m2\repository\org\springframework\spring-aop\5.3.16\spring-aop-5.3.16.jar;C:\Users\dieunedort.bekondo\.m2\repository\org\springframework\spring-expression\5.3.16\spring-expression-5.3.16.jar;C:\Users\dieunedort.bekondo\.m2\repository\com\sun\mail\jakarta.mail\1.6.7\jakarta.mail-1.6.7.jar;C:\Users\dieunedort.bekondo\.m2\repository\com\sun\activation\jakarta.activation\1.2.2\jakarta.activation-1.2.2.jar;C:\Users\dieunedort.bekondo\.m2\repository\com\sun\mail\javax.mail\1.6.1\javax.mail-1.6.1.jar;C:\Users\dieunedort.bekondo\.m2\repository\javax\activation\activation\1.1\activation-1.1.jar;C:\Users\dieunedort.bekondo\IdeaProjects\pak-training\training-data\target\training-data-1.0-SNAPSHOT.jar;C:\Users\dieunedort.bekondo\.m2\repository\org\springframework\boot\spring-boot-starter-data-jpa\2.6.4\spring-boot-starter-data-jpa-2.6.4.jar;C:\Users\dieunedort.bekondo\.m2\repository\org\springframework\boot\spring-boot-starter-aop\2.6.4\spring-boot-starter-aop-2.6.4.jar;C:\Users\dieunedort.bekondo\.m2\repository\org\aspectj\aspectjweaver\1.9.7\aspectjweaver-1.9.7.jar;C:\Users\dieunedort.bekondo\.m2\repository\org\springframework\boot\spring-boot-starter-jdbc\2.6.4\spring-boot-starter-jdbc-2.6.4.jar;C:\Users\dieunedort.bekondo\.m2\repository\com\zaxxer\HikariCP\4.0.3\HikariCP-4.0.3.jar;C:\Users\dieunedort.bekondo\.m2\repository\org\springframework\spring-jdbc\5.3.16\spring-jdbc-5.3.16.jar;C:\Users\dieunedort.bekondo\.m2\repository\jakarta\transaction\jakarta.transaction-api\1.3.3\jakarta.transaction-api-1.3.3.jar;C:\Users\dieunedort.bekondo\.m2\repository\jakarta\persistence\jakarta.persistence-api\2.2.3\jakarta.persistence-api-2.2.3.jar;C:\Users\dieunedort.bekondo\.m2\repository\org\hibernate\hibernate-core\5.6.5.Final\hibernate-core-5.6.5.Final.jar;C:\Users\dieunedort.bekondo\.m2\repository\org\jboss\logging\jboss-logging\3.4.3.Final\jboss-logging-3.4.3.Final.jar;C:\Users\dieunedort.bekondo\.m2\repository\net\bytebuddy\byte-buddy\1.11.22\byte-buddy-1.11.22.jar;C:\Users\dieunedort.bekondo\.m2\repository\antlr\antlr\2.7.7\antlr-2.7.7.jar;C:\Users\dieunedort.bekondo\.m2\repository\org\jboss\jandex\2.4.2.Final\jandex-2.4.2.Final.jar;C:\Users\dieunedort.bekondo\.m2\repository\com\fasterxml\classmate\1.5.1\classmate-1.5.1.jar;C:\Users\dieunedort.bekondo\.m2\repository\org\hibernate\common\hibernate-commons-annotations\5.1.2.Final\hibernate-commons-annotations-5.1.2.Final.jar;C:\Users\dieunedort.bekondo\.m2\repository\org\glassfish\jaxb\jaxb-runtime\2.3.6\jaxb-runtime-2.3.6.jar;C:\Users\dieunedort.bekondo\.m2\repository\jakarta\xml\bind\jakarta.xml.bind-api\2.3.3\jakarta.xml.bind-api-2.3.3.jar;C:\Users\dieunedort.bekondo\.m2\repository\org\glassfish\jaxb\txw2\2.3.6\txw2-2.3.6.jar;C:\Users\dieunedort.bekondo\.m2\repository\com\sun\istack\istack-commons-runtime\3.0.12\istack-commons-runtime-3.0.12.jar;C:\Users\dieunedort.bekondo\.m2\repository\org\springframework\data\spring-data-jpa\2.6.2\spring-data-jpa-2.6.2.jar;C:\Users\dieunedort.bekondo\.m2\repository\org\springframework\data\spring-data-commons\2.6.2\spring-data-commons-2.6.2.jar;C:\Users\dieunedort.bekondo\.m2\repository\org\springframework\spring-orm\5.3.16\spring-orm-5.3.16.jar;C:\Users\dieunedort.bekondo\.m2\repository\org\springframework\spring-tx\5.3.16\spring-tx-5.3.16.jar;C:\Users\dieunedort.bekondo\.m2\repository\org\slf4j\slf4j-api\1.7.36\slf4j-api-1.7.36.jar;C:\Users\dieunedort.bekondo\.m2\repository\org\springframework\spring-aspects\5.3.16\spring-aspects-5.3.16.jar;C:\Users\dieunedort.bekondo\.m2\repository\org\springframework\boot\spring-boot-starter-validation\2.6.4\spring-boot-starter-validation-2.6.4.jar;C:\Users\dieunedort.bekondo\.m2\repository\org\apache\tomcat\embed\tomcat-embed-el\9.0.58\tomcat-embed-el-9.0.58.jar;C:\Users\dieunedort.bekondo\.m2\repository\org\hibernate\validator\hibernate-validator\6.2.2.Final\hibernate-validator-6.2.2.Final.jar;C:\Users\dieunedort.bekondo\.m2\repository\jakarta\validation\jakarta.validation-api\2.0.2\jakarta.validation-api-2.0.2.jar;C:\Users\dieunedort.bekondo\.m2\repository\org\codehaus\jackson\jackson-mapper-asl\1.9.13\jackson-mapper-asl-1.9.13.jar;C:\Users\dieunedort.bekondo\.m2\repository\org\codehaus\jackson\jackson-core-asl\1.9.13\jackson-core-asl-1.9.13.jar;C:\Users\dieunedort.bekondo\.m2\repository\com\h2database\h2\1.4.200\h2-1.4.200.jar;C:\Users\dieunedort.bekondo\.m2\repository\com\fasterxml\jackson\core\jackson-databind\2.13.1\jackson-databind-2.13.1.jar;C:\Users\dieunedort.bekondo\.m2\repository\com\fasterxml\jackson\core\jackson-annotations\2.13.1\jackson-annotations-2.13.1.jar;C:\Users\dieunedort.bekondo\.m2\repository\com\fasterxml\jackson\core\jackson-core\2.13.1\jackson-core-2.13.1.jar;C:\Users\dieunedort.bekondo\.m2\repository\org\springframework\spring-test\5.3.16\spring-test-5.3.16.jar;C:\Users\dieunedort.bekondo\.m2\repository\org\springframework\spring-core\5.3.16\spring-core-5.3.16.jar;C:\Users\dieunedort.bekondo\.m2\repository\org\springframework\spring-jcl\5.3.16\spring-jcl-5.3.16.jar;C:\Users\dieunedort.bekondo\.m2\repository\junit\junit\4.12\junit-4.12.jar;C:\Users\dieunedort.bekondo\.m2\repository\org\hamcrest\hamcrest-core\2.2\hamcrest-core-2.2.jar;C:\Users\dieunedort.bekondo\.m2\repository\org\hamcrest\hamcrest\2.2\hamcrest-2.2.jar;"/>
    <property name="java.vm.vendor" value="Oracle Corporation"/>
    <property name="sun.arch.data.model" value="64"/>
    <property name="user.variant" value=""/>
    <property name="java.vendor.url" value="http://java.oracle.com/"/>
    <property name="user.timezone" value="Africa/Luanda"/>
    <property name="java.vm.specification.version" value="1.8"/>
    <property name="os.name" value="Windows 10"/>
    <property name="user.country" value="CM"/>
    <property name="sun.java.launcher" value="SUN_STANDARD"/>
    <property name="sun.boot.library.path" value="C:\Program Files\Java\jdk1.8.0_321\jre\bin"/>
    <property name="sun.java.command" value="C:\Users\DIEUNE~1.BEK\AppData\Local\Temp\surefire4562451424892661172\surefirebooter349466105068257530.jar C:\Users\dieunedort.bekondo\AppData\Local\Temp\surefire4562451424892661172 2022-09-01T11-35-04_507-jvmRun1 surefire481153301302540147tmp surefire_11947484120263905864tmp"/>
    <property name="surefire.test.class.path" value="C:\Users\dieunedort.bekondo\IdeaProjects\pak-training\training-core\target\test-classes;C:\Users\dieunedort.bekondo\IdeaProjects\pak-training\training-core\target\classes;C:\Users\dieunedort.bekondo\.m2\repository\org\springframework\boot\spring-boot-starter-mail\2.6.4\spring-boot-starter-mail-2.6.4.jar;C:\Users\dieunedort.bekondo\.m2\repository\org\springframework\boot\spring-boot-starter\2.6.4\spring-boot-starter-2.6.4.jar;C:\Users\dieunedort.bekondo\.m2\repository\org\springframework\boot\spring-boot\2.6.4\spring-boot-2.6.4.jar;C:\Users\dieunedort.bekondo\.m2\repository\org\springframework\boot\spring-boot-autoconfigure\2.6.4\spring-boot-autoconfigure-2.6.4.jar;C:\Users\dieunedort.bekondo\.m2\repository\org\springframework\boot\spring-boot-starter-logging\2.6.4\spring-boot-starter-logging-2.6.4.jar;C:\Users\dieunedort.bekondo\.m2\repository\ch\qos\logback\logback-classic\1.2.10\logback-classic-1.2.10.jar;C:\Users\dieunedort.bekondo\.m2\repository\ch\qos\logback\logback-core\1.2.10\logback-core-1.2.10.jar;C:\Users\dieunedort.bekondo\.m2\repository\org\apache\logging\log4j\log4j-to-slf4j\2.17.1\log4j-to-slf4j-2.17.1.jar;C:\Users\dieunedort.bekondo\.m2\repository\org\apache\logging\log4j\log4j-api\2.17.1\log4j-api-2.17.1.jar;C:\Users\dieunedort.bekondo\.m2\repository\org\slf4j\jul-to-slf4j\1.7.36\jul-to-slf4j-1.7.36.jar;C:\Users\dieunedort.bekondo\.m2\repository\jakarta\annotation\jakarta.annotation-api\1.3.5\jakarta.annotation-api-1.3.5.jar;C:\Users\dieunedort.bekondo\.m2\repository\org\yaml\snakeyaml\1.29\snakeyaml-1.29.jar;C:\Users\dieunedort.bekondo\.m2\repository\org\springframework\spring-context-support\5.3.16\spring-context-support-5.3.16.jar;C:\Users\dieunedort.bekondo\.m2\repository\org\springframework\spring-beans\5.3.16\spring-beans-5.3.16.jar;C:\Users\dieunedort.bekondo\.m2\repository\org\springframework\spring-context\5.3.16\spring-context-5.3.16.jar;C:\Users\dieunedort.bekondo\.m2\repository\org\springframework\spring-aop\5.3.16\spring-aop-5.3.16.jar;C:\Users\dieunedort.bekondo\.m2\repository\org\springframework\spring-expression\5.3.16\spring-expression-5.3.16.jar;C:\Users\dieunedort.bekondo\.m2\repository\com\sun\mail\jakarta.mail\1.6.7\jakarta.mail-1.6.7.jar;C:\Users\dieunedort.bekondo\.m2\repository\com\sun\activation\jakarta.activation\1.2.2\jakarta.activation-1.2.2.jar;C:\Users\dieunedort.bekondo\.m2\repository\com\sun\mail\javax.mail\1.6.1\javax.mail-1.6.1.jar;C:\Users\dieunedort.bekondo\.m2\repository\javax\activation\activation\1.1\activation-1.1.jar;C:\Users\dieunedort.bekondo\IdeaProjects\pak-training\training-data\target\training-data-1.0-SNAPSHOT.jar;C:\Users\dieunedort.bekondo\.m2\repository\org\springframework\boot\spring-boot-starter-data-jpa\2.6.4\spring-boot-starter-data-jpa-2.6.4.jar;C:\Users\dieunedort.bekondo\.m2\repository\org\springframework\boot\spring-boot-starter-aop\2.6.4\spring-boot-starter-aop-2.6.4.jar;C:\Users\dieunedort.bekondo\.m2\repository\org\aspectj\aspectjweaver\1.9.7\aspectjweaver-1.9.7.jar;C:\Users\dieunedort.bekondo\.m2\repository\org\springframework\boot\spring-boot-starter-jdbc\2.6.4\spring-boot-starter-jdbc-2.6.4.jar;C:\Users\dieunedort.bekondo\.m2\repository\com\zaxxer\HikariCP\4.0.3\HikariCP-4.0.3.jar;C:\Users\dieunedort.bekondo\.m2\repository\org\springframework\spring-jdbc\5.3.16\spring-jdbc-5.3.16.jar;C:\Users\dieunedort.bekondo\.m2\repository\jakarta\transaction\jakarta.transaction-api\1.3.3\jakarta.transaction-api-1.3.3.jar;C:\Users\dieunedort.bekondo\.m2\repository\jakarta\persistence\jakarta.persistence-api\2.2.3\jakarta.persistence-api-2.2.3.jar;C:\Users\dieunedort.bekondo\.m2\repository\org\hibernate\hibernate-core\5.6.5.Final\hibernate-core-5.6.5.Final.jar;C:\Users\dieunedort.bekondo\.m2\repository\org\jboss\logging\jboss-logging\3.4.3.Final\jboss-logging-3.4.3.Final.jar;C:\Users\dieunedort.bekondo\.m2\repository\net\bytebuddy\byte-buddy\1.11.22\byte-buddy-1.11.22.jar;C:\Users\dieunedort.bekondo\.m2\repository\antlr\antlr\2.7.7\antlr-2.7.7.jar;C:\Users\dieunedort.bekondo\.m2\repository\org\jboss\jandex\2.4.2.Final\jandex-2.4.2.Final.jar;C:\Users\dieunedort.bekondo\.m2\repository\com\fasterxml\classmate\1.5.1\classmate-1.5.1.jar;C:\Users\dieunedort.bekondo\.m2\repository\org\hibernate\common\hibernate-commons-annotations\5.1.2.Final\hibernate-commons-annotations-5.1.2.Final.jar;C:\Users\dieunedort.bekondo\.m2\repository\org\glassfish\jaxb\jaxb-runtime\2.3.6\jaxb-runtime-2.3.6.jar;C:\Users\dieunedort.bekondo\.m2\repository\jakarta\xml\bind\jakarta.xml.bind-api\2.3.3\jakarta.xml.bind-api-2.3.3.jar;C:\Users\dieunedort.bekondo\.m2\repository\org\glassfish\jaxb\txw2\2.3.6\txw2-2.3.6.jar;C:\Users\dieunedort.bekondo\.m2\repository\com\sun\istack\istack-commons-runtime\3.0.12\istack-commons-runtime-3.0.12.jar;C:\Users\dieunedort.bekondo\.m2\repository\org\springframework\data\spring-data-jpa\2.6.2\spring-data-jpa-2.6.2.jar;C:\Users\dieunedort.bekondo\.m2\repository\org\springframework\data\spring-data-commons\2.6.2\spring-data-commons-2.6.2.jar;C:\Users\dieunedort.bekondo\.m2\repository\org\springframework\spring-orm\5.3.16\spring-orm-5.3.16.jar;C:\Users\dieunedort.bekondo\.m2\repository\org\springframework\spring-tx\5.3.16\spring-tx-5.3.16.jar;C:\Users\dieunedort.bekondo\.m2\repository\org\slf4j\slf4j-api\1.7.36\slf4j-api-1.7.36.jar;C:\Users\dieunedort.bekondo\.m2\repository\org\springframework\spring-aspects\5.3.16\spring-aspects-5.3.16.jar;C:\Users\dieunedort.bekondo\.m2\repository\org\springframework\boot\spring-boot-starter-validation\2.6.4\spring-boot-starter-validation-2.6.4.jar;C:\Users\dieunedort.bekondo\.m2\repository\org\apache\tomcat\embed\tomcat-embed-el\9.0.58\tomcat-embed-el-9.0.58.jar;C:\Users\dieunedort.bekondo\.m2\repository\org\hibernate\validator\hibernate-validator\6.2.2.Final\hibernate-validator-6.2.2.Final.jar;C:\Users\dieunedort.bekondo\.m2\repository\jakarta\validation\jakarta.validation-api\2.0.2\jakarta.validation-api-2.0.2.jar;C:\Users\dieunedort.bekondo\.m2\repository\org\codehaus\jackson\jackson-mapper-asl\1.9.13\jackson-mapper-asl-1.9.13.jar;C:\Users\dieunedort.bekondo\.m2\repository\org\codehaus\jackson\jackson-core-asl\1.9.13\jackson-core-asl-1.9.13.jar;C:\Users\dieunedort.bekondo\.m2\repository\com\h2database\h2\1.4.200\h2-1.4.200.jar;C:\Users\dieunedort.bekondo\.m2\repository\com\fasterxml\jackson\core\jackson-databind\2.13.1\jackson-databind-2.13.1.jar;C:\Users\dieunedort.bekondo\.m2\repository\com\fasterxml\jackson\core\jackson-annotations\2.13.1\jackson-annotations-2.13.1.jar;C:\Users\dieunedort.bekondo\.m2\repository\com\fasterxml\jackson\core\jackson-core\2.13.1\jackson-core-2.13.1.jar;C:\Users\dieunedort.bekondo\.m2\repository\org\springframework\spring-test\5.3.16\spring-test-5.3.16.jar;C:\Users\dieunedort.bekondo\.m2\repository\org\springframework\spring-core\5.3.16\spring-core-5.3.16.jar;C:\Users\dieunedort.bekondo\.m2\repository\org\springframework\spring-jcl\5.3.16\spring-jcl-5.3.16.jar;C:\Users\dieunedort.bekondo\.m2\repository\junit\junit\4.12\junit-4.12.jar;C:\Users\dieunedort.bekondo\.m2\repository\org\hamcrest\hamcrest-core\2.2\hamcrest-core-2.2.jar;C:\Users\dieunedort.bekondo\.m2\repository\org\hamcrest\hamcrest\2.2\hamcrest-2.2.jar;"/>
    <property name="sun.cpu.endian" value="little"/>
    <property name="user.home" value="C:\Users\dieunedort.bekondo"/>
    <property name="user.language" value="fr"/>
    <property name="java.specification.vendor" value="Oracle Corporation"/>
    <property name="java.home" value="C:\Program Files\Java\jdk1.8.0_321\jre"/>
    <property name="basedir" value="C:\Users\dieunedort.bekondo\IdeaProjects\pak-training\training-core"/>
    <property name="file.separator" value="\"/>
    <property name="line.separator" value="&#10;"/>
    <property name="java.vm.specification.vendor" value="Oracle Corporation"/>
    <property name="java.specification.name" value="Java Platform API Specification"/>
    <property name="java.awt.graphicsenv" value="sun.awt.Win32GraphicsEnvironment"/>
    <property name="surefire.real.class.path" value="C:\Users\DIEUNE~1.BEK\AppData\Local\Temp\surefire4562451424892661172\surefirebooter349466105068257530.jar"/>
    <property name="sun.boot.class.path" value="C:\Program Files\Java\jdk1.8.0_321\jre\lib\resources.jar;C:\Program Files\Java\jdk1.8.0_321\jre\lib\rt.jar;C:\Program Files\Java\jdk1.8.0_321\jre\lib\sunrsasign.jar;C:\Program Files\Java\jdk1.8.0_321\jre\lib\jsse.jar;C:\Program Files\Java\jdk1.8.0_321\jre\lib\jce.jar;C:\Program Files\Java\jdk1.8.0_321\jre\lib\charsets.jar;C:\Program Files\Java\jdk1.8.0_321\jre\lib\jfr.jar;C:\Program Files\Java\jdk1.8.0_321\jre\classes"/>
    <property name="user.script" value=""/>
    <property name="sun.management.compiler" value="HotSpot 64-Bit Tiered Compilers"/>
    <property name="java.runtime.version" value="1.8.0_321-b07"/>
    <property name="user.name" value="dieunedort.bekondo"/>
    <property name="path.separator" value=";"/>
    <property name="os.version" value="10.0"/>
    <property name="java.endorsed.dirs" value="C:\Program Files\Java\jdk1.8.0_321\jre\lib\endorsed"/>
    <property name="java.runtime.name" value="Java(TM) SE Runtime Environment"/>
    <property name="file.encoding" value="Cp1252"/>
    <property name="java.vm.name" value="Java HotSpot(TM) 64-Bit Server VM"/>
    <property name="localRepository" value="C:\Users\dieunedort.bekondo\.m2\repository"/>
    <property name="java.vendor.url.bug" value="http://bugreport.sun.com/bugreport/"/>
    <property name="java.io.tmpdir" value="C:\Users\DIEUNE~1.BEK\AppData\Local\Temp\"/>
    <property name="idea.version" value="2021.3.3"/>
    <property name="java.version" value="1.8.0_321"/>
    <property name="user.dir" value="C:\Users\dieunedort.bekondo\IdeaProjects\pak-training\training-core"/>
    <property name="os.arch" value="amd64"/>
    <property name="java.vm.specification.name" value="Java Virtual Machine Specification"/>
    <property name="java.awt.printerjob" value="sun.awt.windows.WPrinterJob"/>
    <property name="sun.os.patch.level" value=""/>
    <property name="java.library.path" value="C:\Program Files\Java\jdk1.8.0_321\jre\bin;C:\WINDOWS\Sun\Java\bin;C:\WINDOWS\system32;C:\WINDOWS;C:\Program Files (x86)\Common Files\Oracle\Java\javapath;C:\WINDOWS\system32;C:\WINDOWS;C:\WINDOWS\System32\Wbem;C:\WINDOWS\System32\WindowsPowerShell\v1.0\;C:\WINDOWS\System32\OpenSSH\;C:\Program Files\Intel\WiFi\bin\;C:\Program Files\Common Files\Intel\WirelessCommon\;c:\Program Files (x86)\Intel\Intel(R) Management Engine Components\DAL;c:\Program Files\Intel\Intel(R) Management Engine Components\DAL;C:\Program Files\Java\jre1.8.0_321\\bin;C:\Program Files\nodejs\;C:\Users\dieunedort.bekondo\AppData\Local\Microsoft\WindowsApps;C:\Users\dieunedort.bekondo\AppData\Local\Programs\Git\cmd;C:\Users\dieunedort.bekondo\AppData\Local\Programs\Microsoft VS Code\bin;C:\Users\dieunedort.bekondo\AppData\Roaming\npm;."/>
    <property name="java.vm.info" value="mixed mode"/>
    <property name="java.vendor" value="Oracle Corporation"/>
    <property name="java.vm.version" value="25.321-b07"/>
    <property name="java.ext.dirs" value="C:\Program Files\Java\jdk1.8.0_321\jre\lib\ext;C:\WINDOWS\Sun\Java\lib\ext"/>
    <property name="sun.io.unicode.encoding" value="UnicodeLittle"/>
    <property name="java.class.version" value="52.0"/>
  </properties>
  <testcase name="installModule" classname="cm.pak.services.impl.DefaultExtensionServiceTest" time="0.306">
    <error message="Unrecognized field &quot;path&quot; (class cm.pak.data.MenuData), not marked as ignorable (10 known properties: &quot;label&quot;, &quot;viewComponent&quot;, &quot;name&quot;, &quot;actions&quot;, &quot;order&quot;, &quot;listComponent&quot;, &quot;viewMode&quot;, &quot;source&quot;, &quot;metadata&quot;, &quot;children&quot;])&#10; at [Source: (File); line: 14, column: 16] (through reference chain: cm.pak.data.ModuleData[&quot;menus&quot;]-&gt;java.util.HashSet[0]-&gt;cm.pak.data.MenuData[&quot;path&quot;])" type="com.fasterxml.jackson.databind.exc.UnrecognizedPropertyException">com.fasterxml.jackson.databind.exc.UnrecognizedPropertyException: 
Unrecognized field "path" (class cm.pak.data.MenuData), not marked as ignorable (10 known properties: "label", "viewComponent", "name", "actions", "order", "listComponent", "viewMode", "source", "metadata", "children"])
 at [Source: (File); line: 14, column: 16] (through reference chain: cm.pak.data.ModuleData["menus"]->java.util.HashSet[0]->cm.pak.data.MenuData["path"])
	at cm.pak.services.impl.DefaultExtensionServiceTest.setUp(DefaultExtensionServiceTest.java:40)
</error>
    <system-out><![CDATA[11:35:11.402 [main] DEBUG org.springframework.test.context.junit4.SpringJUnit4ClassRunner - SpringJUnit4ClassRunner constructor called with [class cm.pak.services.impl.DefaultExtensionServiceTest]
11:35:11.418 [main] DEBUG org.springframework.test.context.BootstrapUtils - Instantiating CacheAwareContextLoaderDelegate from class [org.springframework.test.context.cache.DefaultCacheAwareContextLoaderDelegate]
11:35:11.440 [main] DEBUG org.springframework.test.context.BootstrapUtils - Instantiating BootstrapContext using constructor [public org.springframework.test.context.support.DefaultBootstrapContext(java.lang.Class,org.springframework.test.context.CacheAwareContextLoaderDelegate)]
11:35:11.502 [main] DEBUG org.springframework.test.context.BootstrapUtils - Instantiating TestContextBootstrapper for test class [cm.pak.services.impl.DefaultExtensionServiceTest] from class [org.springframework.test.context.support.DefaultTestContextBootstrapper]
11:35:11.540 [main] DEBUG org.springframework.test.context.support.AbstractDelegatingSmartContextLoader - Delegating to AnnotationConfigContextLoader to process context configuration [ContextConfigurationAttributes@3aeaafa6 declaringClass = 'cm.pak.services.impl.DefaultExtensionServiceTest', classes = '{class cm.pak.TrainingCoreConfig}', locations = '{}', inheritLocations = true, initializers = '{}', inheritInitializers = true, name = [null], contextLoaderClass = 'org.springframework.test.context.ContextLoader'].
11:35:11.603 [main] DEBUG org.springframework.test.context.support.ActiveProfilesUtils - Could not find an 'annotation declaring class' for annotation type [org.springframework.test.context.ActiveProfiles] and class [cm.pak.services.impl.DefaultExtensionServiceTest]
11:35:11.618 [main] DEBUG org.springframework.test.context.support.DefaultTestContextBootstrapper - @TestExecutionListeners is not present for class [cm.pak.services.impl.DefaultExtensionServiceTest]: using defaults.
11:35:11.618 [main] INFO org.springframework.test.context.support.DefaultTestContextBootstrapper - Loaded default TestExecutionListener class names from location [META-INF/spring.factories]: [org.springframework.test.context.web.ServletTestExecutionListener, org.springframework.test.context.support.DirtiesContextBeforeModesTestExecutionListener, org.springframework.test.context.event.ApplicationEventsTestExecutionListener, org.springframework.test.context.support.DependencyInjectionTestExecutionListener, org.springframework.test.context.support.DirtiesContextTestExecutionListener, org.springframework.test.context.transaction.TransactionalTestExecutionListener, org.springframework.test.context.jdbc.SqlScriptsTestExecutionListener, org.springframework.test.context.event.EventPublishingTestExecutionListener]
11:35:11.640 [main] DEBUG org.springframework.test.context.support.DefaultTestContextBootstrapper - Skipping candidate TestExecutionListener [org.springframework.test.context.web.ServletTestExecutionListener] due to a missing dependency. Specify custom listener classes or make the default listener classes and their required dependencies available. Offending class: [javax/servlet/ServletContext]
11:35:11.656 [main] INFO org.springframework.test.context.support.DefaultTestContextBootstrapper - Using TestExecutionListeners: [org.springframework.test.context.support.DirtiesContextBeforeModesTestExecutionListener@12028586, org.springframework.test.context.event.ApplicationEventsTestExecutionListener@17776a8, org.springframework.test.context.support.DependencyInjectionTestExecutionListener@69a10787, org.springframework.test.context.support.DirtiesContextTestExecutionListener@2d127a61, org.springframework.test.context.transaction.TransactionalTestExecutionListener@2bbaf4f0, org.springframework.test.context.jdbc.SqlScriptsTestExecutionListener@11c20519, org.springframework.test.context.event.EventPublishingTestExecutionListener@70beb599]
11:35:11.656 [main] DEBUG org.springframework.test.annotation.ProfileValueUtils - Retrieved @ProfileValueSourceConfiguration [null] for test class [cm.pak.services.impl.DefaultExtensionServiceTest]
11:35:11.656 [main] DEBUG org.springframework.test.annotation.ProfileValueUtils - Retrieved ProfileValueSource type [class org.springframework.test.annotation.SystemProfileValueSource] for class [cm.pak.services.impl.DefaultExtensionServiceTest]
11:35:11.656 [main] DEBUG org.springframework.test.annotation.ProfileValueUtils - Retrieved @ProfileValueSourceConfiguration [null] for test class [cm.pak.services.impl.DefaultExtensionServiceTest]
11:35:11.656 [main] DEBUG org.springframework.test.annotation.ProfileValueUtils - Retrieved ProfileValueSource type [class org.springframework.test.annotation.SystemProfileValueSource] for class [cm.pak.services.impl.DefaultExtensionServiceTest]
11:35:11.656 [main] DEBUG org.springframework.test.annotation.ProfileValueUtils - Retrieved @ProfileValueSourceConfiguration [null] for test class [cm.pak.services.impl.DefaultExtensionServiceTest]
11:35:11.656 [main] DEBUG org.springframework.test.annotation.ProfileValueUtils - Retrieved ProfileValueSource type [class org.springframework.test.annotation.SystemProfileValueSource] for class [cm.pak.services.impl.DefaultExtensionServiceTest]
11:35:11.671 [main] DEBUG org.springframework.test.context.support.AbstractDirtiesContextTestExecutionListener - Before test class: context [DefaultTestContext@3ffcd140 testClass = DefaultExtensionServiceTest, testInstance = [null], testMethod = [null], testException = [null], mergedContextConfiguration = [MergedContextConfiguration@23bb8443 testClass = DefaultExtensionServiceTest, locations = '{}', classes = '{class cm.pak.TrainingCoreConfig}', contextInitializerClasses = '[]', activeProfiles = '{}', propertySourceLocations = '{}', propertySourceProperties = '{}', contextCustomizers = set[[empty]], contextLoader = 'org.springframework.test.context.support.DelegatingSmartContextLoader', parent = [null]], attributes = map[[empty]]], class annotated with @DirtiesContext [false] with mode [null].
11:35:11.671 [main] DEBUG org.springframework.test.annotation.ProfileValueUtils - Retrieved @ProfileValueSourceConfiguration [null] for test class [cm.pak.services.impl.DefaultExtensionServiceTest]
11:35:11.671 [main] DEBUG org.springframework.test.annotation.ProfileValueUtils - Retrieved ProfileValueSource type [class org.springframework.test.annotation.SystemProfileValueSource] for class [cm.pak.services.impl.DefaultExtensionServiceTest]
11:35:11.671 [main] DEBUG org.springframework.test.context.support.DependencyInjectionTestExecutionListener - Performing dependency injection for test context [[DefaultTestContext@3ffcd140 testClass = DefaultExtensionServiceTest, testInstance = cm.pak.services.impl.DefaultExtensionServiceTest@6b67034, testMethod = [null], testException = [null], mergedContextConfiguration = [MergedContextConfiguration@23bb8443 testClass = DefaultExtensionServiceTest, locations = '{}', classes = '{class cm.pak.TrainingCoreConfig}', contextInitializerClasses = '[]', activeProfiles = '{}', propertySourceLocations = '{}', propertySourceProperties = '{}', contextCustomizers = set[[empty]], contextLoader = 'org.springframework.test.context.support.DelegatingSmartContextLoader', parent = [null]], attributes = map['org.springframework.test.context.event.ApplicationEventsTestExecutionListener.recordApplicationEvents' -> false]]].
11:35:11.671 [main] DEBUG org.springframework.test.context.support.AbstractDelegatingSmartContextLoader - Delegating to AnnotationConfigContextLoader to load context from [MergedContextConfiguration@23bb8443 testClass = DefaultExtensionServiceTest, locations = '{}', classes = '{class cm.pak.TrainingCoreConfig}', contextInitializerClasses = '[]', activeProfiles = '{}', propertySourceLocations = '{}', propertySourceProperties = '{}', contextCustomizers = set[[empty]], contextLoader = 'org.springframework.test.context.support.DelegatingSmartContextLoader', parent = [null]].
11:35:11.671 [main] DEBUG org.springframework.test.context.support.AbstractGenericContextLoader - Loading ApplicationContext for merged context configuration [[MergedContextConfiguration@23bb8443 testClass = DefaultExtensionServiceTest, locations = '{}', classes = '{class cm.pak.TrainingCoreConfig}', contextInitializerClasses = '[]', activeProfiles = '{}', propertySourceLocations = '{}', propertySourceProperties = '{}', contextCustomizers = set[[empty]], contextLoader = 'org.springframework.test.context.support.DelegatingSmartContextLoader', parent = [null]]].
11:35:11.783 [main] DEBUG org.springframework.core.env.StandardEnvironment - Activating profiles []
11:35:11.783 [main] DEBUG org.springframework.test.context.support.AnnotationConfigContextLoader - Registering component classes: {class cm.pak.TrainingCoreConfig}
11:35:11.894 [main] DEBUG org.springframework.context.support.GenericApplicationContext - Refreshing org.springframework.context.support.GenericApplicationContext@4450d156
11:35:11.934 [main] DEBUG org.springframework.beans.factory.support.DefaultListableBeanFactory - Creating shared instance of singleton bean 'org.springframework.context.annotation.internalConfigurationAnnotationProcessor'
11:35:12.223 [main] DEBUG org.springframework.context.annotation.ClassPathBeanDefinitionScanner - Identified candidate component class: file [C:\Users\dieunedort.bekondo\IdeaProjects\pak-training\training-core\target\classes\cm\pak\converters\impl\ModuleDataConverter.class]
11:35:12.235 [main] DEBUG org.springframework.context.annotation.ClassPathBeanDefinitionScanner - Identified candidate component class: file [C:\Users\dieunedort.bekondo\IdeaProjects\pak-training\training-core\target\classes\cm\pak\services\impl\DefaultExtensionService.class]
11:35:12.235 [main] DEBUG org.springframework.context.annotation.ClassPathBeanDefinitionScanner - Identified candidate component class: file [C:\Users\dieunedort.bekondo\IdeaProjects\pak-training\training-core\target\classes\cm\pak\services\impl\DefaultJsonService.class]
11:35:12.244 [main] DEBUG org.springframework.context.annotation.ClassPathBeanDefinitionScanner - Identified candidate component class: file [C:\Users\dieunedort.bekondo\IdeaProjects\pak-training\training-core\target\classes\cm\pak\services\impl\DefaultMetaService.class]
11:35:12.246 [main] DEBUG org.springframework.context.annotation.ClassPathBeanDefinitionScanner - Identified candidate component class: file [C:\Users\dieunedort.bekondo\IdeaProjects\pak-training\training-core\target\classes\cm\pak\services\impl\DefaultUserService.class]
11:35:12.266 [main] DEBUG org.springframework.context.annotation.ClassPathBeanDefinitionScanner - Identified candidate component class: URL [jar:file:/C:/Users/dieunedort.bekondo/IdeaProjects/pak-training/training-data/target/training-data-1.0-SNAPSHOT.jar!/cm/pak/repositories/impl/DefaultFlexibleSearch.class]
11:35:12.326 [main] DEBUG org.springframework.context.annotation.ClassPathBeanDefinitionScanner - Identified candidate component class: URL [jar:file:/C:/Users/dieunedort.bekondo/IdeaProjects/pak-training/training-data/target/training-data-1.0-SNAPSHOT.jar!/cm/pak/repositories/impl/DefaultModelService.class]
11:35:12.357 [main] DEBUG org.springframework.context.annotation.ClassPathBeanDefinitionScanner - Identified candidate component class: URL [jar:file:/C:/Users/dieunedort.bekondo/IdeaProjects/pak-training/training-data/target/training-data-1.0-SNAPSHOT.jar!/cm/pak/TrainingDataConfig.class]
11:35:12.851 [main] DEBUG org.springframework.context.annotation.ClassPathBeanDefinitionScanner - Identified candidate component class: URL [jar:file:/C:/Users/dieunedort.bekondo/IdeaProjects/pak-training/training-data/target/training-data-1.0-SNAPSHOT.jar!/cm/pak/repositories/impl/DefaultFlexibleSearch.class]
11:35:12.851 [main] DEBUG org.springframework.context.annotation.ClassPathBeanDefinitionScanner - Identified candidate component class: URL [jar:file:/C:/Users/dieunedort.bekondo/IdeaProjects/pak-training/training-data/target/training-data-1.0-SNAPSHOT.jar!/cm/pak/repositories/impl/DefaultModelService.class]
11:35:13.417 [main] DEBUG org.springframework.beans.factory.support.DefaultListableBeanFactory - Creating shared instance of singleton bean 'org.springframework.context.event.internalEventListenerProcessor'
11:35:13.467 [main] DEBUG org.springframework.beans.factory.support.DefaultListableBeanFactory - Creating shared instance of singleton bean 'org.springframework.context.event.internalEventListenerFactory'
11:35:13.477 [main] DEBUG org.springframework.beans.factory.support.DefaultListableBeanFactory - Creating shared instance of singleton bean 'org.springframework.transaction.config.internalTransactionalEventListenerFactory'
11:35:13.517 [main] DEBUG org.springframework.beans.factory.support.DefaultListableBeanFactory - Creating shared instance of singleton bean 'org.springframework.context.annotation.internalAutowiredAnnotationProcessor'
11:35:13.517 [main] DEBUG org.springframework.beans.factory.support.DefaultListableBeanFactory - Creating shared instance of singleton bean 'org.springframework.context.annotation.internalCommonAnnotationProcessor'
11:35:13.538 [main] DEBUG org.springframework.beans.factory.support.DefaultListableBeanFactory - Creating shared instance of singleton bean 'org.springframework.context.annotation.internalPersistenceAnnotationProcessor'
11:35:13.548 [main] DEBUG org.springframework.beans.factory.support.DefaultListableBeanFactory - Creating shared instance of singleton bean 'org.springframework.aop.config.internalAutoProxyCreator'
11:35:13.699 [main] DEBUG org.springframework.beans.factory.support.DefaultListableBeanFactory - Creating shared instance of singleton bean 'entityManagerFactoryBean'
11:35:13.699 [main] DEBUG org.springframework.beans.factory.support.DefaultListableBeanFactory - Creating shared instance of singleton bean 'trainingDataConfig'
11:35:13.719 [main] DEBUG org.springframework.beans.factory.support.DefaultListableBeanFactory - Creating shared instance of singleton bean 'org.springframework.transaction.config.internalTransactionAdvisor'
11:35:13.719 [main] DEBUG org.springframework.beans.factory.support.DefaultListableBeanFactory - Creating shared instance of singleton bean 'org.springframework.transaction.annotation.ProxyTransactionManagementConfiguration'
11:35:13.747 [main] DEBUG org.springframework.beans.factory.support.DefaultListableBeanFactory - Creating shared instance of singleton bean 'transactionAttributeSource'
11:35:13.749 [main] DEBUG org.springframework.beans.factory.support.DefaultListableBeanFactory - Creating shared instance of singleton bean 'transactionInterceptor'
11:35:13.749 [main] DEBUG org.springframework.beans.factory.support.DefaultListableBeanFactory - Autowiring by type from bean name 'transactionInterceptor' via factory method to bean named 'transactionAttributeSource'
11:35:13.759 [main] DEBUG org.springframework.beans.factory.support.DefaultListableBeanFactory - Autowiring by type from bean name 'org.springframework.transaction.config.internalTransactionAdvisor' via factory method to bean named 'transactionAttributeSource'
11:35:13.759 [main] DEBUG org.springframework.beans.factory.support.DefaultListableBeanFactory - Autowiring by type from bean name 'org.springframework.transaction.config.internalTransactionAdvisor' via factory method to bean named 'transactionInterceptor'
11:35:13.819 [main] DEBUG org.springframework.beans.factory.support.DefaultListableBeanFactory - Creating shared instance of singleton bean 'dataSource'
11:35:13.829 [main] DEBUG org.springframework.core.env.PropertySourcesPropertyResolver - Found key 'pak.datasource.driver-class-name' in PropertySource 'class path resource [application.properties]' with value of type String
11:35:13.840 [main] DEBUG org.springframework.core.env.PropertySourcesPropertyResolver - Found key 'pak.datasource.url' in PropertySource 'class path resource [application.properties]' with value of type String
11:35:13.840 [main] DEBUG org.springframework.core.env.PropertySourcesPropertyResolver - Found key 'pak.datasource.username' in PropertySource 'class path resource [application.properties]' with value of type String
11:35:13.850 [main] DEBUG org.springframework.core.env.PropertySourcesPropertyResolver - Found key 'pak.datasource.password' in PropertySource 'class path resource [application.properties]' with value of type String
11:35:13.910 [main] DEBUG com.zaxxer.hikari.HikariConfig - Driver class org.h2.Driver found in Thread context class loader sun.misc.Launcher$AppClassLoader@42a57993
11:35:14.061 [main] DEBUG org.jboss.logging - Logging Provider: org.jboss.logging.Log4j2LoggerProvider
11:35:14.069 [main] DEBUG org.springframework.core.env.PropertySourcesPropertyResolver - Found key 'pak.jpa.datasource-platform' in PropertySource 'class path resource [application.properties]' with value of type String
11:35:14.071 [main] DEBUG org.springframework.core.env.PropertySourcesPropertyResolver - Found key 'pak.jpa.hibernate.ddl-auto' in PropertySource 'class path resource [application.properties]' with value of type String
11:35:14.071 [main] DEBUG org.springframework.core.env.PropertySourcesPropertyResolver - Found key 'pak.jpa.show-sql' in PropertySource 'class path resource [application.properties]' with value of type String
11:35:14.180 [main] DEBUG org.springframework.orm.jpa.LocalContainerEntityManagerFactoryBean - Building JPA container EntityManagerFactory for persistence unit 'pak_pu'
11:35:14.212 [main] DEBUG org.hibernate.jpa.internal.util.LogHelper - PersistenceUnitInfo [
	name: pak_pu
	persistence provider classname: null
	classloader: sun.misc.Launcher$AppClassLoader@42a57993
	excludeUnlistedClasses: true
	JTA datasource: null
	Non JTA datasource: HikariDataSource (null)
	Transaction type: RESOURCE_LOCAL
	PU root URL: file:/C:/Users/dieunedort.bekondo/IdeaProjects/pak-training/training-data/target/training-data-1.0-SNAPSHOT.jar
	Shared Cache Mode: UNSPECIFIED
	Validation Mode: AUTO
	Jar files URLs []
	Managed classes names [
		cm.pak.models.security.GroupeModel
		cm.pak.models.security.UserModel
		cm.pak.models.security.AccesRigth
		cm.pak.models.core.ExtensionModel
		cm.pak.models.security.base.ItemModel]
	Mapping files names []
	Properties []
11:35:14.311 [main] DEBUG org.hibernate.integrator.internal.IntegratorServiceImpl - Adding Integrator [org.hibernate.cfg.beanvalidation.BeanValidationIntegrator].
11:35:14.313 [main] DEBUG org.hibernate.integrator.internal.IntegratorServiceImpl - Adding Integrator [org.hibernate.secure.spi.JaccIntegrator].
11:35:14.323 [main] DEBUG org.hibernate.integrator.internal.IntegratorServiceImpl - Adding Integrator [org.hibernate.cache.internal.CollectionCacheInvalidator].
11:35:14.423 [main] INFO org.hibernate.Version - HHH000412: Hibernate ORM core version 5.6.5.Final
11:35:14.423 [main] DEBUG org.hibernate.cfg.Environment - HHH000206: hibernate.properties not found
11:35:14.854 [main] DEBUG org.hibernate.service.spi.ServiceBinding - Overriding existing service binding [org.hibernate.secure.spi.JaccService]
11:35:14.884 [main] DEBUG org.hibernate.cache.internal.RegionFactoryInitiator - Cannot default RegionFactory based on registered strategies as `[]` RegionFactory strategies were registered
11:35:14.886 [main] DEBUG org.hibernate.cache.internal.RegionFactoryInitiator - Cache region factory : org.hibernate.cache.internal.NoCachingRegionFactory
11:35:14.937 [main] INFO org.hibernate.annotations.common.Version - HCANN000001: Hibernate Commons Annotations {5.1.2.Final}
11:35:15.481 [main] DEBUG org.hibernate.type.BasicTypeRegistry - Adding type registration boolean -> org.hibernate.type.BooleanType@557a1e2d
11:35:15.481 [main] DEBUG org.hibernate.type.BasicTypeRegistry - Adding type registration boolean -> org.hibernate.type.BooleanType@557a1e2d
11:35:15.481 [main] DEBUG org.hibernate.type.BasicTypeRegistry - Adding type registration java.lang.Boolean -> org.hibernate.type.BooleanType@557a1e2d
11:35:15.489 [main] DEBUG org.hibernate.type.BasicTypeRegistry - Adding type registration numeric_boolean -> org.hibernate.type.NumericBooleanType@366ef90e
11:35:15.491 [main] DEBUG org.hibernate.type.BasicTypeRegistry - Adding type registration true_false -> org.hibernate.type.TrueFalseType@a5b0b86
11:35:15.491 [main] DEBUG org.hibernate.type.BasicTypeRegistry - Adding type registration yes_no -> org.hibernate.type.YesNoType@73ff4fae
11:35:15.491 [main] DEBUG org.hibernate.type.BasicTypeRegistry - Adding type registration byte -> org.hibernate.type.ByteType@54227100
11:35:15.491 [main] DEBUG org.hibernate.type.BasicTypeRegistry - Adding type registration byte -> org.hibernate.type.ByteType@54227100
11:35:15.491 [main] DEBUG org.hibernate.type.BasicTypeRegistry - Adding type registration java.lang.Byte -> org.hibernate.type.ByteType@54227100
11:35:15.501 [main] DEBUG org.hibernate.type.BasicTypeRegistry - Adding type registration character -> org.hibernate.type.CharacterType@5778826f
11:35:15.501 [main] DEBUG org.hibernate.type.BasicTypeRegistry - Adding type registration char -> org.hibernate.type.CharacterType@5778826f
11:35:15.501 [main] DEBUG org.hibernate.type.BasicTypeRegistry - Adding type registration java.lang.Character -> org.hibernate.type.CharacterType@5778826f
11:35:15.501 [main] DEBUG org.hibernate.type.BasicTypeRegistry - Adding type registration short -> org.hibernate.type.ShortType@1c80e49b
11:35:15.501 [main] DEBUG org.hibernate.type.BasicTypeRegistry - Adding type registration short -> org.hibernate.type.ShortType@1c80e49b
11:35:15.509 [main] DEBUG org.hibernate.type.BasicTypeRegistry - Adding type registration java.lang.Short -> org.hibernate.type.ShortType@1c80e49b
11:35:15.511 [main] DEBUG org.hibernate.type.BasicTypeRegistry - Adding type registration integer -> org.hibernate.type.IntegerType@56276db8
11:35:15.511 [main] DEBUG org.hibernate.type.BasicTypeRegistry - Adding type registration int -> org.hibernate.type.IntegerType@56276db8
11:35:15.511 [main] DEBUG org.hibernate.type.BasicTypeRegistry - Adding type registration java.lang.Integer -> org.hibernate.type.IntegerType@56276db8
11:35:15.519 [main] DEBUG org.hibernate.type.BasicTypeRegistry - Adding type registration long -> org.hibernate.type.LongType@4d098f9b
11:35:15.521 [main] DEBUG org.hibernate.type.BasicTypeRegistry - Adding type registration long -> org.hibernate.type.LongType@4d098f9b
11:35:15.521 [main] DEBUG org.hibernate.type.BasicTypeRegistry - Adding type registration java.lang.Long -> org.hibernate.type.LongType@4d098f9b
11:35:15.521 [main] DEBUG org.hibernate.type.BasicTypeRegistry - Adding type registration float -> org.hibernate.type.FloatType@293d0107
11:35:15.521 [main] DEBUG org.hibernate.type.BasicTypeRegistry - Adding type registration float -> org.hibernate.type.FloatType@293d0107
11:35:15.521 [main] DEBUG org.hibernate.type.BasicTypeRegistry - Adding type registration java.lang.Float -> org.hibernate.type.FloatType@293d0107
11:35:15.521 [main] DEBUG org.hibernate.type.BasicTypeRegistry - Adding type registration double -> org.hibernate.type.DoubleType@74cadd41
11:35:15.521 [main] DEBUG org.hibernate.type.BasicTypeRegistry - Adding type registration double -> org.hibernate.type.DoubleType@74cadd41
11:35:15.531 [main] DEBUG org.hibernate.type.BasicTypeRegistry - Adding type registration java.lang.Double -> org.hibernate.type.DoubleType@74cadd41
11:35:15.531 [main] DEBUG org.hibernate.type.BasicTypeRegistry - Adding type registration big_decimal -> org.hibernate.type.BigDecimalType@65a4798f
11:35:15.531 [main] DEBUG org.hibernate.type.BasicTypeRegistry - Adding type registration java.math.BigDecimal -> org.hibernate.type.BigDecimalType@65a4798f
11:35:15.539 [main] DEBUG org.hibernate.type.BasicTypeRegistry - Adding type registration big_integer -> org.hibernate.type.BigIntegerType@83298d7
11:35:15.539 [main] DEBUG org.hibernate.type.BasicTypeRegistry - Adding type registration java.math.BigInteger -> org.hibernate.type.BigIntegerType@83298d7
11:35:15.541 [main] DEBUG org.hibernate.type.BasicTypeRegistry - Adding type registration string -> org.hibernate.type.StringType@665e9289
11:35:15.541 [main] DEBUG org.hibernate.type.BasicTypeRegistry - Adding type registration java.lang.String -> org.hibernate.type.StringType@665e9289
11:35:15.541 [main] DEBUG org.hibernate.type.BasicTypeRegistry - Adding type registration nstring -> org.hibernate.type.StringNVarcharType@2756c0a7
11:35:15.602 [main] DEBUG org.hibernate.type.BasicTypeRegistry - Adding type registration ncharacter -> org.hibernate.type.CharacterNCharType@71984c3
11:35:15.612 [main] DEBUG org.hibernate.type.BasicTypeRegistry - Adding type registration url -> org.hibernate.type.UrlType@2364305a
11:35:15.612 [main] DEBUG org.hibernate.type.BasicTypeRegistry - Adding type registration java.net.URL -> org.hibernate.type.UrlType@2364305a
11:35:15.617 [main] DEBUG org.hibernate.type.BasicTypeRegistry - Adding type registration Duration -> org.hibernate.type.DurationType@3f1c5af9
11:35:15.617 [main] DEBUG org.hibernate.type.BasicTypeRegistry - Adding type registration java.time.Duration -> org.hibernate.type.DurationType@3f1c5af9
11:35:15.633 [main] DEBUG org.hibernate.type.BasicTypeRegistry - Adding type registration Instant -> org.hibernate.type.InstantType@3fc9dfc5
11:35:15.633 [main] DEBUG org.hibernate.type.BasicTypeRegistry - Adding type registration java.time.Instant -> org.hibernate.type.InstantType@3fc9dfc5
11:35:15.641 [main] DEBUG org.hibernate.type.BasicTypeRegistry - Adding type registration LocalDateTime -> org.hibernate.type.LocalDateTimeType@7adf16aa
11:35:15.641 [main] DEBUG org.hibernate.type.BasicTypeRegistry - Adding type registration java.time.LocalDateTime -> org.hibernate.type.LocalDateTimeType@7adf16aa
11:35:15.643 [main] DEBUG org.hibernate.type.BasicTypeRegistry - Adding type registration LocalDate -> org.hibernate.type.LocalDateType@4ba534b0
11:35:15.643 [main] DEBUG org.hibernate.type.BasicTypeRegistry - Adding type registration java.time.LocalDate -> org.hibernate.type.LocalDateType@4ba534b0
11:35:15.643 [main] DEBUG org.hibernate.type.BasicTypeRegistry - Adding type registration LocalTime -> org.hibernate.type.LocalTimeType@44e3760b
11:35:15.643 [main] DEBUG org.hibernate.type.BasicTypeRegistry - Adding type registration java.time.LocalTime -> org.hibernate.type.LocalTimeType@44e3760b
11:35:15.651 [main] DEBUG org.hibernate.type.BasicTypeRegistry - Adding type registration OffsetDateTime -> org.hibernate.type.OffsetDateTimeType@1ddae9b5
11:35:15.651 [main] DEBUG org.hibernate.type.BasicTypeRegistry - Adding type registration java.time.OffsetDateTime -> org.hibernate.type.OffsetDateTimeType@1ddae9b5
11:35:15.653 [main] DEBUG org.hibernate.type.BasicTypeRegistry - Adding type registration OffsetTime -> org.hibernate.type.OffsetTimeType@2c7d121c
11:35:15.653 [main] DEBUG org.hibernate.type.BasicTypeRegistry - Adding type registration java.time.OffsetTime -> org.hibernate.type.OffsetTimeType@2c7d121c
11:35:15.661 [main] DEBUG org.hibernate.type.BasicTypeRegistry - Adding type registration ZonedDateTime -> org.hibernate.type.ZonedDateTimeType@46f699d5
11:35:15.661 [main] DEBUG org.hibernate.type.BasicTypeRegistry - Adding type registration java.time.ZonedDateTime -> org.hibernate.type.ZonedDateTimeType@46f699d5
11:35:15.663 [main] DEBUG org.hibernate.type.BasicTypeRegistry - Adding type registration date -> org.hibernate.type.DateType@162be91c
11:35:15.663 [main] DEBUG org.hibernate.type.BasicTypeRegistry - Adding type registration java.sql.Date -> org.hibernate.type.DateType@162be91c
11:35:15.663 [main] DEBUG org.hibernate.type.BasicTypeRegistry - Adding type registration time -> org.hibernate.type.TimeType@7db82169
11:35:15.663 [main] DEBUG org.hibernate.type.BasicTypeRegistry - Adding type registration java.sql.Time -> org.hibernate.type.TimeType@7db82169
11:35:15.671 [main] DEBUG org.hibernate.type.BasicTypeRegistry - Adding type registration timestamp -> org.hibernate.type.TimestampType@31e3250d
11:35:15.671 [main] DEBUG org.hibernate.type.BasicTypeRegistry - Adding type registration java.sql.Timestamp -> org.hibernate.type.TimestampType@31e3250d
11:35:15.671 [main] DEBUG org.hibernate.type.BasicTypeRegistry - Adding type registration java.util.Date -> org.hibernate.type.TimestampType@31e3250d
11:35:15.673 [main] DEBUG org.hibernate.type.BasicTypeRegistry - Adding type registration dbtimestamp -> org.hibernate.type.DbTimestampType@5be067de
11:35:15.673 [main] DEBUG org.hibernate.type.BasicTypeRegistry - Adding type registration calendar -> org.hibernate.type.CalendarType@48c35007
11:35:15.673 [main] DEBUG org.hibernate.type.BasicTypeRegistry - Adding type registration java.util.Calendar -> org.hibernate.type.CalendarType@48c35007
11:35:15.673 [main] DEBUG org.hibernate.type.BasicTypeRegistry - Adding type registration java.util.GregorianCalendar -> org.hibernate.type.CalendarType@48c35007
11:35:15.673 [main] DEBUG org.hibernate.type.BasicTypeRegistry - Adding type registration calendar_date -> org.hibernate.type.CalendarDateType@18f20260
11:35:15.681 [main] DEBUG org.hibernate.type.BasicTypeRegistry - Adding type registration calendar_time -> org.hibernate.type.CalendarTimeType@5049d8b2
11:35:15.683 [main] DEBUG org.hibernate.type.BasicTypeRegistry - Adding type registration locale -> org.hibernate.type.LocaleType@346a361
11:35:15.683 [main] DEBUG org.hibernate.type.BasicTypeRegistry - Adding type registration java.util.Locale -> org.hibernate.type.LocaleType@346a361
11:35:15.683 [main] DEBUG org.hibernate.type.BasicTypeRegistry - Adding type registration currency -> org.hibernate.type.CurrencyType@482d776b
11:35:15.683 [main] DEBUG org.hibernate.type.BasicTypeRegistry - Adding type registration java.util.Currency -> org.hibernate.type.CurrencyType@482d776b
11:35:15.683 [main] DEBUG org.hibernate.type.BasicTypeRegistry - Adding type registration timezone -> org.hibernate.type.TimeZoneType@5bf22f18
11:35:15.683 [main] DEBUG org.hibernate.type.BasicTypeRegistry - Adding type registration java.util.TimeZone -> org.hibernate.type.TimeZoneType@5bf22f18
11:35:15.683 [main] DEBUG org.hibernate.type.BasicTypeRegistry - Adding type registration class -> org.hibernate.type.ClassType@3efe7086
11:35:15.691 [main] DEBUG org.hibernate.type.BasicTypeRegistry - Adding type registration java.lang.Class -> org.hibernate.type.ClassType@3efe7086
11:35:15.691 [main] DEBUG org.hibernate.type.BasicTypeRegistry - Adding type registration uuid-binary -> org.hibernate.type.UUIDBinaryType@68d6972f
11:35:15.691 [main] DEBUG org.hibernate.type.BasicTypeRegistry - Adding type registration java.util.UUID -> org.hibernate.type.UUIDBinaryType@68d6972f
11:35:15.693 [main] DEBUG org.hibernate.type.BasicTypeRegistry - Adding type registration uuid-char -> org.hibernate.type.UUIDCharType@3185fa6b
11:35:15.693 [main] DEBUG org.hibernate.type.BasicTypeRegistry - Adding type registration binary -> org.hibernate.type.BinaryType@64beebb7
11:35:15.693 [main] DEBUG org.hibernate.type.BasicTypeRegistry - Adding type registration byte[] -> org.hibernate.type.BinaryType@64beebb7
11:35:15.693 [main] DEBUG org.hibernate.type.BasicTypeRegistry - Adding type registration [B -> org.hibernate.type.BinaryType@64beebb7
11:35:15.693 [main] DEBUG org.hibernate.type.BasicTypeRegistry - Adding type registration wrapper-binary -> org.hibernate.type.WrapperBinaryType@545de5a4
11:35:15.693 [main] DEBUG org.hibernate.type.BasicTypeRegistry - Adding type registration Byte[] -> org.hibernate.type.WrapperBinaryType@545de5a4
11:35:15.693 [main] DEBUG org.hibernate.type.BasicTypeRegistry - Adding type registration [Ljava.lang.Byte; -> org.hibernate.type.WrapperBinaryType@545de5a4
11:35:15.721 [main] DEBUG org.hibernate.type.BasicTypeRegistry - Adding type registration row_version -> org.hibernate.type.RowVersionType@569bf9eb
11:35:15.723 [main] DEBUG org.hibernate.type.BasicTypeRegistry - Adding type registration image -> org.hibernate.type.ImageType@76ba13c
11:35:15.723 [main] DEBUG org.hibernate.type.BasicTypeRegistry - Adding type registration characters -> org.hibernate.type.CharArrayType@7e985ce9
11:35:15.731 [main] DEBUG org.hibernate.type.BasicTypeRegistry - Adding type registration char[] -> org.hibernate.type.CharArrayType@7e985ce9
11:35:15.733 [main] DEBUG org.hibernate.type.BasicTypeRegistry - Adding type registration [C -> org.hibernate.type.CharArrayType@7e985ce9
11:35:15.733 [main] DEBUG org.hibernate.type.BasicTypeRegistry - Adding type registration wrapper-characters -> org.hibernate.type.CharacterArrayType@68759011
11:35:15.733 [main] DEBUG org.hibernate.type.BasicTypeRegistry - Adding type registration [Ljava.lang.Character; -> org.hibernate.type.CharacterArrayType@68759011
11:35:15.733 [main] DEBUG org.hibernate.type.BasicTypeRegistry - Adding type registration Character[] -> org.hibernate.type.CharacterArrayType@68759011
11:35:15.733 [main] DEBUG org.hibernate.type.BasicTypeRegistry - Adding type registration text -> org.hibernate.type.TextType@592e843a
11:35:15.733 [main] DEBUG org.hibernate.type.BasicTypeRegistry - Adding type registration ntext -> org.hibernate.type.NTextType@6e16b8b5
11:35:15.741 [main] DEBUG org.hibernate.type.BasicTypeRegistry - Adding type registration blob -> org.hibernate.type.BlobType@44c79f32
11:35:15.741 [main] DEBUG org.hibernate.type.BasicTypeRegistry - Adding type registration java.sql.Blob -> org.hibernate.type.BlobType@44c79f32
11:35:15.743 [main] DEBUG org.hibernate.type.BasicTypeRegistry - Adding type registration materialized_blob -> org.hibernate.type.MaterializedBlobType@743cb8e0
11:35:15.743 [main] DEBUG org.hibernate.type.BasicTypeRegistry - Adding type registration clob -> org.hibernate.type.ClobType@52b56a3e
11:35:15.743 [main] DEBUG org.hibernate.type.BasicTypeRegistry - Adding type registration java.sql.Clob -> org.hibernate.type.ClobType@52b56a3e
11:35:15.743 [main] DEBUG org.hibernate.type.BasicTypeRegistry - Adding type registration nclob -> org.hibernate.type.NClobType@5241cf67
11:35:15.743 [main] DEBUG org.hibernate.type.BasicTypeRegistry - Adding type registration java.sql.NClob -> org.hibernate.type.NClobType@5241cf67
11:35:15.743 [main] DEBUG org.hibernate.type.BasicTypeRegistry - Adding type registration materialized_clob -> org.hibernate.type.MaterializedClobType@226642a5
11:35:15.743 [main] DEBUG org.hibernate.type.BasicTypeRegistry - Adding type registration materialized_nclob -> org.hibernate.type.MaterializedNClobType@625e134e
11:35:15.753 [main] DEBUG org.hibernate.type.BasicTypeRegistry - Adding type registration serializable -> org.hibernate.type.SerializableType@119f1f2a
11:35:15.753 [main] DEBUG org.hibernate.type.BasicTypeRegistry - Adding type registration object -> org.hibernate.type.ObjectType@4e76dac
11:35:15.753 [main] DEBUG org.hibernate.type.BasicTypeRegistry - Adding type registration java.lang.Object -> org.hibernate.type.ObjectType@4e76dac
11:35:15.753 [main] DEBUG org.hibernate.type.BasicTypeRegistry - Adding type registration imm_date -> org.hibernate.type.AdaptedImmutableType@6273c5a4
11:35:15.753 [main] DEBUG org.hibernate.type.BasicTypeRegistry - Adding type registration imm_time -> org.hibernate.type.AdaptedImmutableType@5d465e4b
11:35:15.753 [main] DEBUG org.hibernate.type.BasicTypeRegistry - Adding type registration imm_timestamp -> org.hibernate.type.AdaptedImmutableType@53e211ee
11:35:15.762 [main] DEBUG org.hibernate.type.BasicTypeRegistry - Adding type registration imm_dbtimestamp -> org.hibernate.type.AdaptedImmutableType@41a90fa8
11:35:15.762 [main] DEBUG org.hibernate.type.BasicTypeRegistry - Adding type registration imm_calendar -> org.hibernate.type.AdaptedImmutableType@3d8bbcdc
11:35:15.762 [main] DEBUG org.hibernate.type.BasicTypeRegistry - Adding type registration imm_calendar_date -> org.hibernate.type.AdaptedImmutableType@52500920
11:35:15.764 [main] DEBUG org.hibernate.type.BasicTypeRegistry - Adding type registration imm_binary -> org.hibernate.type.AdaptedImmutableType@117e0fe5
11:35:15.764 [main] DEBUG org.hibernate.type.BasicTypeRegistry - Adding type registration imm_serializable -> org.hibernate.type.AdaptedImmutableType@18a3962d
11:35:15.782 [main] DEBUG org.hibernate.boot.internal.BootstrapContextImpl - Injecting JPA temp ClassLoader [org.springframework.instrument.classloading.SimpleThrowawayClassLoader@1e044120] into BootstrapContext; was [null]
11:35:15.784 [main] DEBUG org.hibernate.boot.internal.ClassLoaderAccessImpl - ClassLoaderAccessImpl#injectTempClassLoader(org.springframework.instrument.classloading.SimpleThrowawayClassLoader@1e044120) [was null]
11:35:15.784 [main] DEBUG org.hibernate.boot.internal.BootstrapContextImpl - Injecting ScanEnvironment [org.hibernate.jpa.boot.internal.StandardJpaScanEnvironmentImpl@35fe2125] into BootstrapContext; was [null]
11:35:15.784 [main] DEBUG org.hibernate.boot.internal.BootstrapContextImpl - Injecting ScanOptions [org.hibernate.boot.archive.scan.internal.StandardScanOptions@94f6bfb] into BootstrapContext; was [org.hibernate.boot.archive.scan.internal.StandardScanOptions@34645867]
11:35:15.884 [main] DEBUG org.hibernate.boot.internal.BootstrapContextImpl - Injecting JPA temp ClassLoader [null] into BootstrapContext; was [org.springframework.instrument.classloading.SimpleThrowawayClassLoader@1e044120]
11:35:15.884 [main] DEBUG org.hibernate.boot.internal.ClassLoaderAccessImpl - ClassLoaderAccessImpl#injectTempClassLoader(null) [was org.springframework.instrument.classloading.SimpleThrowawayClassLoader@1e044120]
11:35:15.905 [main] DEBUG org.hibernate.id.factory.internal.DefaultIdentifierGeneratorFactory - Registering IdentifierGenerator strategy [uuid2] -> [org.hibernate.id.UUIDGenerator]
11:35:15.905 [main] DEBUG org.hibernate.id.factory.internal.DefaultIdentifierGeneratorFactory - Registering IdentifierGenerator strategy [guid] -> [org.hibernate.id.GUIDGenerator]
11:35:15.913 [main] DEBUG org.hibernate.id.factory.internal.DefaultIdentifierGeneratorFactory - Registering IdentifierGenerator strategy [uuid] -> [org.hibernate.id.UUIDHexGenerator]
11:35:15.913 [main] DEBUG org.hibernate.id.factory.internal.DefaultIdentifierGeneratorFactory - Registering IdentifierGenerator strategy [uuid.hex] -> [org.hibernate.id.UUIDHexGenerator]
11:35:15.913 [main] DEBUG org.hibernate.id.factory.internal.DefaultIdentifierGeneratorFactory - Registering IdentifierGenerator strategy [assigned] -> [org.hibernate.id.Assigned]
11:35:15.915 [main] DEBUG org.hibernate.id.factory.internal.DefaultIdentifierGeneratorFactory - Registering IdentifierGenerator strategy [identity] -> [org.hibernate.id.IdentityGenerator]
11:35:15.915 [main] DEBUG org.hibernate.id.factory.internal.DefaultIdentifierGeneratorFactory - Registering IdentifierGenerator strategy [select] -> [org.hibernate.id.SelectGenerator]
11:35:15.915 [main] DEBUG org.hibernate.id.factory.internal.DefaultIdentifierGeneratorFactory - Registering IdentifierGenerator strategy [sequence] -> [org.hibernate.id.enhanced.SequenceStyleGenerator]
11:35:15.915 [main] DEBUG org.hibernate.id.factory.internal.DefaultIdentifierGeneratorFactory - Registering IdentifierGenerator strategy [seqhilo] -> [org.hibernate.id.SequenceHiLoGenerator]
11:35:15.915 [main] DEBUG org.hibernate.id.factory.internal.DefaultIdentifierGeneratorFactory - Registering IdentifierGenerator strategy [increment] -> [org.hibernate.id.IncrementGenerator]
11:35:15.915 [main] DEBUG org.hibernate.id.factory.internal.DefaultIdentifierGeneratorFactory - Registering IdentifierGenerator strategy [foreign] -> [org.hibernate.id.ForeignGenerator]
11:35:15.923 [main] DEBUG org.hibernate.id.factory.internal.DefaultIdentifierGeneratorFactory - Registering IdentifierGenerator strategy [sequence-identity] -> [org.hibernate.id.SequenceIdentityGenerator]
11:35:15.925 [main] DEBUG org.hibernate.id.factory.internal.DefaultIdentifierGeneratorFactory - Registering IdentifierGenerator strategy [enhanced-sequence] -> [org.hibernate.id.enhanced.SequenceStyleGenerator]
11:35:15.925 [main] DEBUG org.hibernate.id.factory.internal.DefaultIdentifierGeneratorFactory - Registering IdentifierGenerator strategy [enhanced-table] -> [org.hibernate.id.enhanced.TableGenerator]
11:35:15.945 [main] DEBUG com.zaxxer.hikari.HikariConfig - HikariPool-1 - configuration:
11:35:15.955 [main] DEBUG com.zaxxer.hikari.HikariConfig - allowPoolSuspension................................false
11:35:15.955 [main] DEBUG com.zaxxer.hikari.HikariConfig - autoCommit................................true
11:35:15.955 [main] DEBUG com.zaxxer.hikari.HikariConfig - catalog................................none
11:35:15.955 [main] DEBUG com.zaxxer.hikari.HikariConfig - connectionInitSql................................none
11:35:15.955 [main] DEBUG com.zaxxer.hikari.HikariConfig - connectionTestQuery................................none
11:35:15.955 [main] DEBUG com.zaxxer.hikari.HikariConfig - connectionTimeout................................30000
11:35:15.955 [main] DEBUG com.zaxxer.hikari.HikariConfig - dataSource................................none
11:35:15.955 [main] DEBUG com.zaxxer.hikari.HikariConfig - dataSourceClassName................................none
11:35:15.955 [main] DEBUG com.zaxxer.hikari.HikariConfig - dataSourceJNDI................................none
11:35:15.955 [main] DEBUG com.zaxxer.hikari.HikariConfig - dataSourceProperties................................{password=<masked>}
11:35:15.955 [main] DEBUG com.zaxxer.hikari.HikariConfig - driverClassName................................"org.h2.Driver"
11:35:15.955 [main] DEBUG com.zaxxer.hikari.HikariConfig - exceptionOverrideClassName................................none
11:35:15.955 [main] DEBUG com.zaxxer.hikari.HikariConfig - healthCheckProperties................................{}
11:35:15.955 [main] DEBUG com.zaxxer.hikari.HikariConfig - healthCheckRegistry................................none
11:35:15.955 [main] DEBUG com.zaxxer.hikari.HikariConfig - idleTimeout................................600000
11:35:15.955 [main] DEBUG com.zaxxer.hikari.HikariConfig - initializationFailTimeout................................1
11:35:15.965 [main] DEBUG com.zaxxer.hikari.HikariConfig - isolateInternalQueries................................false
11:35:15.965 [main] DEBUG com.zaxxer.hikari.HikariConfig - jdbcUrl................................jdbc:h2:mem:testdb
11:35:15.965 [main] DEBUG com.zaxxer.hikari.HikariConfig - keepaliveTime................................0
11:35:15.965 [main] DEBUG com.zaxxer.hikari.HikariConfig - leakDetectionThreshold................................0
11:35:15.965 [main] DEBUG com.zaxxer.hikari.HikariConfig - maxLifetime................................1800000
11:35:15.965 [main] DEBUG com.zaxxer.hikari.HikariConfig - maximumPoolSize................................10
11:35:15.965 [main] DEBUG com.zaxxer.hikari.HikariConfig - metricRegistry................................none
11:35:15.965 [main] DEBUG com.zaxxer.hikari.HikariConfig - metricsTrackerFactory................................none
11:35:15.965 [main] DEBUG com.zaxxer.hikari.HikariConfig - minimumIdle................................10
11:35:15.965 [main] DEBUG com.zaxxer.hikari.HikariConfig - password................................<masked>
11:35:15.965 [main] DEBUG com.zaxxer.hikari.HikariConfig - poolName................................"HikariPool-1"
11:35:15.965 [main] DEBUG com.zaxxer.hikari.HikariConfig - readOnly................................false
11:35:15.965 [main] DEBUG com.zaxxer.hikari.HikariConfig - registerMbeans................................false
11:35:15.965 [main] DEBUG com.zaxxer.hikari.HikariConfig - scheduledExecutor................................none
11:35:15.965 [main] DEBUG com.zaxxer.hikari.HikariConfig - schema................................none
11:35:15.965 [main] DEBUG com.zaxxer.hikari.HikariConfig - threadFactory................................internal
11:35:15.965 [main] DEBUG com.zaxxer.hikari.HikariConfig - transactionIsolation................................default
11:35:15.965 [main] DEBUG com.zaxxer.hikari.HikariConfig - username................................"sa"
11:35:15.965 [main] DEBUG com.zaxxer.hikari.HikariConfig - validationTimeout................................5000
11:35:15.965 [main] INFO com.zaxxer.hikari.HikariDataSource - HikariPool-1 - Starting...
11:35:16.479 [main] DEBUG com.zaxxer.hikari.pool.HikariPool - HikariPool-1 - Added connection conn0: url=jdbc:h2:mem:testdb user=SA
11:35:16.479 [main] INFO com.zaxxer.hikari.HikariDataSource - HikariPool-1 - Start completed.
11:35:16.499 [main] DEBUG org.hibernate.engine.jdbc.env.internal.JdbcEnvironmentInitiator - Database ->
       name : H2
    version : 1.4.200 (2019-10-14)
      major : 1
      minor : 4
11:35:16.499 [main] DEBUG org.hibernate.engine.jdbc.env.internal.JdbcEnvironmentInitiator - Driver ->
       name : H2 JDBC Driver
    version : 1.4.200 (2019-10-14)
      major : 1
      minor : 4
11:35:16.499 [main] DEBUG org.hibernate.engine.jdbc.env.internal.JdbcEnvironmentInitiator - JDBC version : 4.1
11:35:16.529 [main] INFO org.hibernate.dialect.Dialect - HHH000400: Using dialect: org.hibernate.dialect.H2Dialect
11:35:16.588 [HikariPool-1 housekeeper] DEBUG com.zaxxer.hikari.pool.HikariPool - HikariPool-1 - Pool stats (total=1, active=1, idle=0, waiting=0)
11:35:16.630 [main] DEBUG org.hibernate.engine.jdbc.env.spi.IdentifierHelperBuilder - JDBC driver metadata reported database stores quoted identifiers in neither upper, lower nor mixed case
11:35:16.680 [HikariPool-1 connection adder] DEBUG com.zaxxer.hikari.pool.HikariPool - HikariPool-1 - Added connection conn1: url=jdbc:h2:mem:testdb user=SA
11:35:16.680 [HikariPool-1 connection adder] DEBUG com.zaxxer.hikari.pool.HikariPool - HikariPool-1 - Added connection conn2: url=jdbc:h2:mem:testdb user=SA
11:35:16.691 [HikariPool-1 connection adder] DEBUG com.zaxxer.hikari.pool.HikariPool - HikariPool-1 - Added connection conn3: url=jdbc:h2:mem:testdb user=SA
11:35:16.691 [HikariPool-1 connection adder] DEBUG com.zaxxer.hikari.pool.HikariPool - HikariPool-1 - Added connection conn4: url=jdbc:h2:mem:testdb user=SA
11:35:16.691 [HikariPool-1 connection adder] DEBUG com.zaxxer.hikari.pool.HikariPool - HikariPool-1 - Added connection conn5: url=jdbc:h2:mem:testdb user=SA
11:35:16.701 [HikariPool-1 connection adder] DEBUG com.zaxxer.hikari.pool.HikariPool - HikariPool-1 - Added connection conn6: url=jdbc:h2:mem:testdb user=SA
11:35:16.701 [HikariPool-1 connection adder] DEBUG com.zaxxer.hikari.pool.HikariPool - HikariPool-1 - Added connection conn7: url=jdbc:h2:mem:testdb user=SA
11:35:16.701 [HikariPool-1 connection adder] DEBUG com.zaxxer.hikari.pool.HikariPool - HikariPool-1 - Added connection conn8: url=jdbc:h2:mem:testdb user=SA
11:35:16.701 [HikariPool-1 connection adder] DEBUG com.zaxxer.hikari.pool.HikariPool - HikariPool-1 - Added connection conn9: url=jdbc:h2:mem:testdb user=SA
11:35:16.701 [HikariPool-1 connection adder] DEBUG com.zaxxer.hikari.pool.HikariPool - HikariPool-1 - After adding stats (total=10, active=0, idle=10, waiting=0)
11:35:16.751 [main] DEBUG org.hibernate.type.spi.TypeConfiguration$Scope - Scoping TypeConfiguration [org.hibernate.type.spi.TypeConfiguration@511d5d04] to MetadataBuildingContext [org.hibernate.boot.internal.MetadataBuildingContextRootImpl@682c1e93]
11:35:16.852 [main] DEBUG org.hibernate.boot.model.relational.Namespace - Created database namespace [logicalName=Name{catalog=null, schema=null}, physicalName=Name{catalog=null, schema=null}]
11:35:16.880 [main] DEBUG org.hibernate.boot.model.source.internal.annotations.AnnotationMetadataSourceProcessorImpl - Skipping explicit MappedSuperclass cm.pak.models.security.base.ItemModel, the class will be discovered analyzing the implementing class
11:35:16.902 [main] DEBUG org.hibernate.cfg.AnnotationBinder - Binding entity from annotated class: cm.pak.models.security.AccesRigth
11:35:16.962 [main] DEBUG org.hibernate.cfg.Ejb3Column - Binding column: Ejb3DiscriminatorColumn{logicalColumnName'DTYPE', discriminatorTypeName='string'}
11:35:16.973 [main] DEBUG org.hibernate.cfg.annotations.EntityBinder - Import with entity name AccesRigth
11:35:16.981 [main] DEBUG org.hibernate.cfg.annotations.EntityBinder - Bind entity cm.pak.models.security.AccesRigth on table t_acri
11:35:17.013 [main] DEBUG org.hibernate.cfg.Ejb3Column - Binding column: Ejb3Column{table=org.hibernate.mapping.Table(t_acri), mappingColumn=p_pk, insertable=true, updatable=false, unique=false}
11:35:17.021 [main] DEBUG org.hibernate.boot.internal.ClassLoaderAccessImpl - Not known whether passed class name [cm.pak.models.security.AccesRigth] is safe
11:35:17.021 [main] DEBUG org.hibernate.boot.internal.ClassLoaderAccessImpl - No temp ClassLoader provided; using live ClassLoader for loading potentially unsafe class : cm.pak.models.security.AccesRigth
11:35:17.024 [main] DEBUG org.hibernate.cfg.annotations.PropertyBinder - MetadataSourceProcessor property pk with lazy=false
11:35:17.024 [main] DEBUG org.hibernate.cfg.AbstractPropertyHolder - Attempting to locate auto-apply AttributeConverter for property [cm.pak.models.security.AccesRigth:pk]
11:35:17.024 [main] DEBUG org.hibernate.cfg.annotations.SimpleValueBinder - building SimpleValue for pk
11:35:17.032 [main] DEBUG org.hibernate.cfg.annotations.PropertyBinder - Building property pk
11:35:17.034 [main] DEBUG org.hibernate.cfg.BinderHelper - #makeIdGenerator(org.hibernate.mapping.SimpleValue([org.hibernate.mapping.Column(p_pk)]), pk, identity, , ...)
11:35:17.034 [main] DEBUG org.hibernate.cfg.Ejb3Column - Binding column: Ejb3Column{table=org.hibernate.mapping.Table(t_acri), mappingColumn=p_create, insertable=true, updatable=false, unique=false}
11:35:17.034 [main] DEBUG org.hibernate.cfg.annotations.PropertyBinder - MetadataSourceProcessor property create with lazy=false
11:35:17.034 [main] DEBUG org.hibernate.cfg.AbstractPropertyHolder - Attempting to locate auto-apply AttributeConverter for property [cm.pak.models.security.AccesRigth:create]
11:35:17.034 [main] DEBUG org.hibernate.cfg.annotations.SimpleValueBinder - building SimpleValue for create
11:35:17.034 [main] DEBUG org.hibernate.cfg.annotations.PropertyBinder - Building property create
11:35:17.034 [main] DEBUG org.hibernate.cfg.Ejb3Column - Binding column: Ejb3Column{table=org.hibernate.mapping.Table(t_acri), mappingColumn=p_update, insertable=true, updatable=true, unique=false}
11:35:17.034 [main] DEBUG org.hibernate.cfg.annotations.PropertyBinder - MetadataSourceProcessor property update with lazy=false
11:35:17.034 [main] DEBUG org.hibernate.cfg.AbstractPropertyHolder - Attempting to locate auto-apply AttributeConverter for property [cm.pak.models.security.AccesRigth:update]
11:35:17.034 [main] DEBUG org.hibernate.cfg.annotations.SimpleValueBinder - building SimpleValue for update
11:35:17.034 [main] DEBUG org.hibernate.cfg.annotations.PropertyBinder - Building property update
11:35:17.042 [main] DEBUG org.hibernate.cfg.Ejb3Column - Binding column: Ejb3Column{table=org.hibernate.mapping.Table(t_acri), mappingColumn=t_cre, insertable=true, updatable=true, unique=false}
11:35:17.042 [main] DEBUG org.hibernate.cfg.annotations.PropertyBinder - MetadataSourceProcessor property cancreate with lazy=false
11:35:17.042 [main] DEBUG org.hibernate.cfg.AbstractPropertyHolder - Attempting to locate auto-apply AttributeConverter for property [cm.pak.models.security.AccesRigth:cancreate]
11:35:17.042 [main] DEBUG org.hibernate.cfg.annotations.SimpleValueBinder - building SimpleValue for cancreate
11:35:17.042 [main] DEBUG org.hibernate.cfg.annotations.PropertyBinder - Building property cancreate
11:35:17.042 [main] DEBUG org.hibernate.cfg.Ejb3Column - Binding column: Ejb3Column{table=org.hibernate.mapping.Table(t_acri), mappingColumn=t_del, insertable=true, updatable=true, unique=false}
11:35:17.042 [main] DEBUG org.hibernate.cfg.annotations.PropertyBinder - MetadataSourceProcessor property candelete with lazy=false
11:35:17.042 [main] DEBUG org.hibernate.cfg.AbstractPropertyHolder - Attempting to locate auto-apply AttributeConverter for property [cm.pak.models.security.AccesRigth:candelete]
11:35:17.042 [main] DEBUG org.hibernate.cfg.annotations.SimpleValueBinder - building SimpleValue for candelete
11:35:17.042 [main] DEBUG org.hibernate.cfg.annotations.PropertyBinder - Building property candelete
11:35:17.042 [main] DEBUG org.hibernate.cfg.Ejb3Column - Binding column: Ejb3Column{table=org.hibernate.mapping.Table(t_acri), mappingColumn=t_rea, insertable=true, updatable=true, unique=false}
11:35:17.042 [main] DEBUG org.hibernate.cfg.annotations.PropertyBinder - MetadataSourceProcessor property canread with lazy=false
11:35:17.042 [main] DEBUG org.hibernate.cfg.AbstractPropertyHolder - Attempting to locate auto-apply AttributeConverter for property [cm.pak.models.security.AccesRigth:canread]
11:35:17.042 [main] DEBUG org.hibernate.cfg.annotations.SimpleValueBinder - building SimpleValue for canread
11:35:17.044 [main] DEBUG org.hibernate.cfg.annotations.PropertyBinder - Building property canread
11:35:17.044 [main] DEBUG org.hibernate.cfg.Ejb3Column - Binding column: Ejb3Column{table=org.hibernate.mapping.Table(t_acri), mappingColumn=t_wri, insertable=true, updatable=true, unique=false}
11:35:17.044 [main] DEBUG org.hibernate.cfg.annotations.PropertyBinder - MetadataSourceProcessor property canwrite with lazy=false
11:35:17.044 [main] DEBUG org.hibernate.cfg.AbstractPropertyHolder - Attempting to locate auto-apply AttributeConverter for property [cm.pak.models.security.AccesRigth:canwrite]
11:35:17.044 [main] DEBUG org.hibernate.cfg.annotations.SimpleValueBinder - building SimpleValue for canwrite
11:35:17.044 [main] DEBUG org.hibernate.cfg.annotations.PropertyBinder - Building property canwrite
11:35:17.044 [main] DEBUG org.hibernate.cfg.Ejb3Column - Binding column: Ejb3Column{table=org.hibernate.mapping.Table(t_acri), mappingColumn=t_lab, insertable=true, updatable=true, unique=false}
11:35:17.044 [main] DEBUG org.hibernate.cfg.annotations.PropertyBinder - MetadataSourceProcessor property label with lazy=false
11:35:17.044 [main] DEBUG org.hibernate.cfg.AbstractPropertyHolder - Attempting to locate auto-apply AttributeConverter for property [cm.pak.models.security.AccesRigth:label]
11:35:17.044 [main] DEBUG org.hibernate.cfg.annotations.SimpleValueBinder - building SimpleValue for label
11:35:17.044 [main] DEBUG org.hibernate.cfg.annotations.PropertyBinder - Building property label
11:35:17.044 [main] DEBUG org.hibernate.cfg.Ejb3Column - Binding column: Ejb3Column{table=org.hibernate.mapping.Table(t_acri), mappingColumn=t_nam, insertable=true, updatable=true, unique=false}
11:35:17.044 [main] DEBUG org.hibernate.cfg.annotations.PropertyBinder - MetadataSourceProcessor property name with lazy=false
11:35:17.044 [main] DEBUG org.hibernate.cfg.AbstractPropertyHolder - Attempting to locate auto-apply AttributeConverter for property [cm.pak.models.security.AccesRigth:name]
11:35:17.044 [main] DEBUG org.hibernate.cfg.annotations.SimpleValueBinder - building SimpleValue for name
11:35:17.044 [main] DEBUG org.hibernate.cfg.annotations.PropertyBinder - Building property name
11:35:17.054 [main] DEBUG org.hibernate.cfg.AnnotationBinder - Binding entity from annotated class: cm.pak.models.core.ExtensionModel
11:35:17.054 [main] DEBUG org.hibernate.cfg.Ejb3Column - Binding column: Ejb3DiscriminatorColumn{logicalColumnName'DTYPE', discriminatorTypeName='string'}
11:35:17.054 [main] DEBUG org.hibernate.cfg.annotations.EntityBinder - Import with entity name ExtensionModel
11:35:17.054 [main] DEBUG org.hibernate.cfg.annotations.EntityBinder - Bind entity cm.pak.models.core.ExtensionModel on table t_ext
11:35:17.081 [main] DEBUG org.hibernate.cfg.Ejb3Column - Binding column: Ejb3Column{table=org.hibernate.mapping.Table(t_ext), mappingColumn=p_pk, insertable=true, updatable=false, unique=false}
11:35:17.083 [main] DEBUG org.hibernate.boot.internal.ClassLoaderAccessImpl - Not known whether passed class name [cm.pak.models.core.ExtensionModel] is safe
11:35:17.083 [main] DEBUG org.hibernate.boot.internal.ClassLoaderAccessImpl - No temp ClassLoader provided; using live ClassLoader for loading potentially unsafe class : cm.pak.models.core.ExtensionModel
11:35:17.083 [main] DEBUG org.hibernate.cfg.annotations.PropertyBinder - MetadataSourceProcessor property pk with lazy=false
11:35:17.083 [main] DEBUG org.hibernate.cfg.AbstractPropertyHolder - Attempting to locate auto-apply AttributeConverter for property [cm.pak.models.core.ExtensionModel:pk]
11:35:17.083 [main] DEBUG org.hibernate.cfg.annotations.SimpleValueBinder - building SimpleValue for pk
11:35:17.083 [main] DEBUG org.hibernate.cfg.annotations.PropertyBinder - Building property pk
11:35:17.083 [main] DEBUG org.hibernate.cfg.BinderHelper - #makeIdGenerator(org.hibernate.mapping.SimpleValue([org.hibernate.mapping.Column(p_pk)]), pk, identity, , ...)
11:35:17.084 [main] DEBUG org.hibernate.cfg.Ejb3Column - Binding column: Ejb3Column{table=org.hibernate.mapping.Table(t_ext), mappingColumn=p_create, insertable=true, updatable=false, unique=false}
11:35:17.084 [main] DEBUG org.hibernate.cfg.annotations.PropertyBinder - MetadataSourceProcessor property create with lazy=false
11:35:17.084 [main] DEBUG org.hibernate.cfg.AbstractPropertyHolder - Attempting to locate auto-apply AttributeConverter for property [cm.pak.models.core.ExtensionModel:create]
11:35:17.084 [main] DEBUG org.hibernate.cfg.annotations.SimpleValueBinder - building SimpleValue for create
11:35:17.084 [main] DEBUG org.hibernate.cfg.annotations.PropertyBinder - Building property create
11:35:17.084 [main] DEBUG org.hibernate.cfg.Ejb3Column - Binding column: Ejb3Column{table=org.hibernate.mapping.Table(t_ext), mappingColumn=p_update, insertable=true, updatable=true, unique=false}
11:35:17.084 [main] DEBUG org.hibernate.cfg.annotations.PropertyBinder - MetadataSourceProcessor property update with lazy=false
11:35:17.084 [main] DEBUG org.hibernate.cfg.AbstractPropertyHolder - Attempting to locate auto-apply AttributeConverter for property [cm.pak.models.core.ExtensionModel:update]
11:35:17.084 [main] DEBUG org.hibernate.cfg.annotations.SimpleValueBinder - building SimpleValue for update
11:35:17.084 [main] DEBUG org.hibernate.cfg.annotations.PropertyBinder - Building property update
11:35:17.084 [main] DEBUG org.hibernate.cfg.Ejb3Column - Binding column: Ejb3Column{table=org.hibernate.mapping.Table(t_ext), mappingColumn=t_code, insertable=true, updatable=false, unique=true}
11:35:17.084 [main] DEBUG org.hibernate.cfg.annotations.PropertyBinder - MetadataSourceProcessor property code with lazy=false
11:35:17.084 [main] DEBUG org.hibernate.cfg.AbstractPropertyHolder - Attempting to locate auto-apply AttributeConverter for property [cm.pak.models.core.ExtensionModel:code]
11:35:17.084 [main] DEBUG org.hibernate.cfg.annotations.SimpleValueBinder - building SimpleValue for code
11:35:17.084 [main] DEBUG org.hibernate.cfg.annotations.PropertyBinder - Building property code
11:35:17.084 [main] DEBUG org.hibernate.cfg.Ejb3Column - Binding column: Ejb3JoinColumn{logicalColumnName='t_dep', referencedColumn='', mappedBy=''}
11:35:17.084 [main] DEBUG org.hibernate.cfg.Ejb3Column - Binding column: Ejb3Column{table=org.hibernate.mapping.Table(t_ext), mappingColumn=depends, insertable=true, updatable=true, unique=false}
11:35:17.094 [main] DEBUG org.hibernate.cfg.Ejb3Column - Binding column: Ejb3Column{table=org.hibernate.mapping.Table(t_ext), mappingColumn=null, insertable=true, updatable=true, unique=false}
11:35:17.104 [main] DEBUG org.hibernate.cfg.Ejb3Column - Binding column: Ejb3Column{table=org.hibernate.mapping.Table(t_ext), mappingColumn=depends, insertable=true, updatable=true, unique=false}
11:35:17.104 [main] DEBUG org.hibernate.cfg.Ejb3Column - Binding column: Ejb3Column{table=org.hibernate.mapping.Table(t_ext), mappingColumn=depends_KEY, insertable=true, updatable=true, unique=false}
11:35:17.112 [main] DEBUG org.hibernate.cfg.Ejb3Column - Binding column: Ejb3JoinColumn{logicalColumnName='depends_KEY', referencedColumn='null', mappedBy='null'}
11:35:17.114 [main] DEBUG org.hibernate.cfg.Ejb3Column - Binding column: Ejb3JoinColumn{logicalColumnName='null', referencedColumn='null', mappedBy=''}
11:35:17.114 [main] DEBUG org.hibernate.cfg.Ejb3Column - Binding column: Ejb3JoinColumn{logicalColumnName='null', referencedColumn='null', mappedBy=''}
11:35:17.114 [main] DEBUG org.hibernate.cfg.annotations.CollectionBinder - Collection role: cm.pak.models.core.ExtensionModel.depends
11:35:17.122 [main] DEBUG org.hibernate.cfg.annotations.PropertyBinder - Building property depends
11:35:17.124 [main] DEBUG org.hibernate.cfg.Ejb3Column - Binding column: Ejb3Column{table=org.hibernate.mapping.Table(t_ext), mappingColumn=t_inst, insertable=true, updatable=true, unique=false}
11:35:17.124 [main] DEBUG org.hibernate.cfg.annotations.PropertyBinder - MetadataSourceProcessor property install with lazy=false
11:35:17.124 [main] DEBUG org.hibernate.cfg.AbstractPropertyHolder - Attempting to locate auto-apply AttributeConverter for property [cm.pak.models.core.ExtensionModel:install]
11:35:17.124 [main] DEBUG org.hibernate.cfg.annotations.SimpleValueBinder - building SimpleValue for install
11:35:17.124 [main] DEBUG org.hibernate.cfg.annotations.PropertyBinder - Building property install
11:35:17.124 [main] DEBUG org.hibernate.cfg.Ejb3Column - Binding column: Ejb3Column{table=org.hibernate.mapping.Table(t_ext), mappingColumn=t_longD, insertable=true, updatable=true, unique=false}
11:35:17.124 [main] DEBUG org.hibernate.cfg.annotations.PropertyBinder - MetadataSourceProcessor property longDescription with lazy=false
11:35:17.124 [main] DEBUG org.hibernate.cfg.AbstractPropertyHolder - Attempting to locate auto-apply AttributeConverter for property [cm.pak.models.core.ExtensionModel:longDescription]
11:35:17.124 [main] DEBUG org.hibernate.cfg.annotations.SimpleValueBinder - building SimpleValue for longDescription
11:35:17.124 [main] DEBUG org.hibernate.cfg.annotations.PropertyBinder - Building property longDescription
11:35:17.124 [main] DEBUG org.hibernate.cfg.Ejb3Column - Binding column: Ejb3Column{table=org.hibernate.mapping.Table(t_ext), mappingColumn=t_owne, insertable=true, updatable=true, unique=false}
11:35:17.124 [main] DEBUG org.hibernate.cfg.annotations.PropertyBinder - MetadataSourceProcessor property owner with lazy=false
11:35:17.124 [main] DEBUG org.hibernate.cfg.AbstractPropertyHolder - Attempting to locate auto-apply AttributeConverter for property [cm.pak.models.core.ExtensionModel:owner]
11:35:17.124 [main] DEBUG org.hibernate.cfg.annotations.SimpleValueBinder - building SimpleValue for owner
11:35:17.124 [main] DEBUG org.hibernate.cfg.annotations.PropertyBinder - Building property owner
11:35:17.124 [main] DEBUG org.hibernate.cfg.Ejb3Column - Binding column: Ejb3Column{table=org.hibernate.mapping.Table(t_ext), mappingColumn=sequence, insertable=true, updatable=true, unique=false}
11:35:17.124 [main] DEBUG org.hibernate.cfg.annotations.PropertyBinder - MetadataSourceProcessor property sequence with lazy=false
11:35:17.124 [main] DEBUG org.hibernate.cfg.AbstractPropertyHolder - Attempting to locate auto-apply AttributeConverter for property [cm.pak.models.core.ExtensionModel:sequence]
11:35:17.124 [main] DEBUG org.hibernate.cfg.annotations.SimpleValueBinder - building SimpleValue for sequence
11:35:17.132 [main] DEBUG org.hibernate.cfg.annotations.PropertyBinder - Building property sequence
11:35:17.132 [main] DEBUG org.hibernate.cfg.Ejb3Column - Binding column: Ejb3Column{table=org.hibernate.mapping.Table(t_ext), mappingColumn=t_shortD, insertable=true, updatable=true, unique=false}
11:35:17.134 [main] DEBUG org.hibernate.cfg.annotations.PropertyBinder - MetadataSourceProcessor property shortDescription with lazy=false
11:35:17.134 [main] DEBUG org.hibernate.cfg.AbstractPropertyHolder - Attempting to locate auto-apply AttributeConverter for property [cm.pak.models.core.ExtensionModel:shortDescription]
11:35:17.134 [main] DEBUG org.hibernate.cfg.annotations.SimpleValueBinder - building SimpleValue for shortDescription
11:35:17.134 [main] DEBUG org.hibernate.cfg.annotations.PropertyBinder - Building property shortDescription
11:35:17.134 [main] DEBUG org.hibernate.cfg.Ejb3Column - Binding column: Ejb3Column{table=org.hibernate.mapping.Table(t_ext), mappingColumn=t_vers, insertable=true, updatable=true, unique=false}
11:35:17.134 [main] DEBUG org.hibernate.cfg.annotations.PropertyBinder - MetadataSourceProcessor property version with lazy=false
11:35:17.134 [main] DEBUG org.hibernate.cfg.AbstractPropertyHolder - Attempting to locate auto-apply AttributeConverter for property [cm.pak.models.core.ExtensionModel:version]
11:35:17.134 [main] DEBUG org.hibernate.cfg.annotations.SimpleValueBinder - building SimpleValue for version
11:35:17.134 [main] DEBUG org.hibernate.cfg.annotations.PropertyBinder - Building property version
11:35:17.144 [main] DEBUG org.hibernate.cfg.AnnotationBinder - Binding entity from annotated class: cm.pak.models.security.GroupeModel
11:35:17.144 [main] DEBUG org.hibernate.cfg.Ejb3Column - Binding column: Ejb3DiscriminatorColumn{logicalColumnName'DTYPE', discriminatorTypeName='string'}
11:35:17.144 [main] DEBUG org.hibernate.cfg.annotations.EntityBinder - Import with entity name GroupeModel
11:35:17.144 [main] DEBUG org.hibernate.cfg.annotations.EntityBinder - Bind entity cm.pak.models.security.GroupeModel on table t_group
11:35:17.163 [main] DEBUG org.hibernate.cfg.Ejb3Column - Binding column: Ejb3Column{table=org.hibernate.mapping.Table(t_group), mappingColumn=p_pk, insertable=true, updatable=false, unique=false}
11:35:17.165 [main] DEBUG org.hibernate.boot.internal.ClassLoaderAccessImpl - Not known whether passed class name [cm.pak.models.security.GroupeModel] is safe
11:35:17.165 [main] DEBUG org.hibernate.boot.internal.ClassLoaderAccessImpl - No temp ClassLoader provided; using live ClassLoader for loading potentially unsafe class : cm.pak.models.security.GroupeModel
11:35:17.165 [main] DEBUG org.hibernate.cfg.annotations.PropertyBinder - MetadataSourceProcessor property pk with lazy=false
11:35:17.165 [main] DEBUG org.hibernate.cfg.AbstractPropertyHolder - Attempting to locate auto-apply AttributeConverter for property [cm.pak.models.security.GroupeModel:pk]
11:35:17.165 [main] DEBUG org.hibernate.cfg.annotations.SimpleValueBinder - building SimpleValue for pk
11:35:17.165 [main] DEBUG org.hibernate.cfg.annotations.PropertyBinder - Building property pk
11:35:17.165 [main] DEBUG org.hibernate.cfg.BinderHelper - #makeIdGenerator(org.hibernate.mapping.SimpleValue([org.hibernate.mapping.Column(p_pk)]), pk, identity, , ...)
11:35:17.165 [main] DEBUG org.hibernate.cfg.Ejb3Column - Binding column: Ejb3Column{table=org.hibernate.mapping.Table(t_group), mappingColumn=p_create, insertable=true, updatable=false, unique=false}
11:35:17.165 [main] DEBUG org.hibernate.cfg.annotations.PropertyBinder - MetadataSourceProcessor property create with lazy=false
11:35:17.165 [main] DEBUG org.hibernate.cfg.AbstractPropertyHolder - Attempting to locate auto-apply AttributeConverter for property [cm.pak.models.security.GroupeModel:create]
11:35:17.165 [main] DEBUG org.hibernate.cfg.annotations.SimpleValueBinder - building SimpleValue for create
11:35:17.165 [main] DEBUG org.hibernate.cfg.annotations.PropertyBinder - Building property create
11:35:17.173 [main] DEBUG org.hibernate.cfg.Ejb3Column - Binding column: Ejb3Column{table=org.hibernate.mapping.Table(t_group), mappingColumn=p_update, insertable=true, updatable=true, unique=false}
11:35:17.173 [main] DEBUG org.hibernate.cfg.annotations.PropertyBinder - MetadataSourceProcessor property update with lazy=false
11:35:17.173 [main] DEBUG org.hibernate.cfg.AbstractPropertyHolder - Attempting to locate auto-apply AttributeConverter for property [cm.pak.models.security.GroupeModel:update]
11:35:17.173 [main] DEBUG org.hibernate.cfg.annotations.SimpleValueBinder - building SimpleValue for update
11:35:17.173 [main] DEBUG org.hibernate.cfg.annotations.PropertyBinder - Building property update
11:35:17.173 [main] DEBUG org.hibernate.cfg.Ejb3Column - Binding column: Ejb3Column{table=org.hibernate.mapping.Table(t_group), mappingColumn=t_code, insertable=true, updatable=true, unique=true}
11:35:17.175 [main] DEBUG org.hibernate.cfg.annotations.PropertyBinder - MetadataSourceProcessor property code with lazy=false
11:35:17.175 [main] DEBUG org.hibernate.cfg.AbstractPropertyHolder - Attempting to locate auto-apply AttributeConverter for property [cm.pak.models.security.GroupeModel:code]
11:35:17.175 [main] DEBUG org.hibernate.cfg.annotations.SimpleValueBinder - building SimpleValue for code
11:35:17.175 [main] DEBUG org.hibernate.cfg.annotations.PropertyBinder - Building property code
11:35:17.175 [main] DEBUG org.hibernate.cfg.Ejb3Column - Binding column: Ejb3Column{table=org.hibernate.mapping.Table(t_group), mappingColumn=t_inti, insertable=true, updatable=true, unique=false}
11:35:17.175 [main] DEBUG org.hibernate.cfg.annotations.PropertyBinder - MetadataSourceProcessor property intitule with lazy=false
11:35:17.175 [main] DEBUG org.hibernate.cfg.AbstractPropertyHolder - Attempting to locate auto-apply AttributeConverter for property [cm.pak.models.security.GroupeModel:intitule]
11:35:17.175 [main] DEBUG org.hibernate.cfg.annotations.SimpleValueBinder - building SimpleValue for intitule
11:35:17.175 [main] DEBUG org.hibernate.cfg.annotations.PropertyBinder - Building property intitule
11:35:17.175 [main] DEBUG org.hibernate.cfg.Ejb3Column - Binding column: Ejb3JoinColumn{logicalColumnName='null', referencedColumn='null', mappedBy='null'}
11:35:17.175 [main] DEBUG org.hibernate.cfg.Ejb3Column - Binding column: Ejb3Column{table=org.hibernate.mapping.Table(t_group), mappingColumn=plugin, insertable=true, updatable=true, unique=false}
11:35:17.175 [main] DEBUG org.hibernate.cfg.annotations.PropertyBinder - Building property plugin
11:35:17.175 [main] DEBUG org.hibernate.cfg.Ejb3Column - Binding column: Ejb3JoinColumn{logicalColumnName='t_ac', referencedColumn='', mappedBy=''}
11:35:17.175 [main] DEBUG org.hibernate.cfg.Ejb3Column - Binding column: Ejb3Column{table=org.hibernate.mapping.Table(t_group), mappingColumn=rigths, insertable=true, updatable=true, unique=false}
11:35:17.175 [main] DEBUG org.hibernate.cfg.Ejb3Column - Binding column: Ejb3Column{table=org.hibernate.mapping.Table(t_group), mappingColumn=null, insertable=true, updatable=true, unique=false}
11:35:17.175 [main] DEBUG org.hibernate.cfg.Ejb3Column - Binding column: Ejb3Column{table=org.hibernate.mapping.Table(t_group), mappingColumn=element, insertable=true, updatable=true, unique=false}
11:35:17.175 [main] DEBUG org.hibernate.cfg.Ejb3Column - Binding column: Ejb3Column{table=org.hibernate.mapping.Table(t_group), mappingColumn=rigths_KEY, insertable=true, updatable=true, unique=false}
11:35:17.175 [main] DEBUG org.hibernate.cfg.Ejb3Column - Binding column: Ejb3JoinColumn{logicalColumnName='rigths_KEY', referencedColumn='null', mappedBy='null'}
11:35:17.175 [main] DEBUG org.hibernate.cfg.Ejb3Column - Binding column: Ejb3JoinColumn{logicalColumnName='null', referencedColumn='null', mappedBy=''}
11:35:17.175 [main] DEBUG org.hibernate.cfg.Ejb3Column - Binding column: Ejb3JoinColumn{logicalColumnName='null', referencedColumn='null', mappedBy=''}
11:35:17.175 [main] DEBUG org.hibernate.cfg.annotations.CollectionBinder - Collection role: cm.pak.models.security.GroupeModel.rigths
11:35:17.183 [main] DEBUG org.hibernate.cfg.annotations.PropertyBinder - Building property rigths
11:35:17.183 [main] DEBUG org.hibernate.cfg.AnnotationBinder - Binding entity from annotated class: cm.pak.models.security.UserModel
11:35:17.185 [main] DEBUG org.hibernate.cfg.Ejb3Column - Binding column: Ejb3DiscriminatorColumn{logicalColumnName'DTYPE', discriminatorTypeName='string'}
11:35:17.185 [main] DEBUG org.hibernate.cfg.annotations.EntityBinder - Import with entity name UserModel
11:35:17.185 [main] DEBUG org.hibernate.cfg.annotations.EntityBinder - Bind entity cm.pak.models.security.UserModel on table T_USER
11:35:17.185 [main] DEBUG org.hibernate.cfg.Ejb3Column - Binding column: Ejb3Column{table=org.hibernate.mapping.Table(T_USER), mappingColumn=p_pk, insertable=true, updatable=false, unique=false}
11:35:17.185 [main] DEBUG org.hibernate.boot.internal.ClassLoaderAccessImpl - Not known whether passed class name [cm.pak.models.security.UserModel] is safe
11:35:17.185 [main] DEBUG org.hibernate.boot.internal.ClassLoaderAccessImpl - No temp ClassLoader provided; using live ClassLoader for loading potentially unsafe class : cm.pak.models.security.UserModel
11:35:17.185 [main] DEBUG org.hibernate.cfg.annotations.PropertyBinder - MetadataSourceProcessor property pk with lazy=false
11:35:17.185 [main] DEBUG org.hibernate.cfg.AbstractPropertyHolder - Attempting to locate auto-apply AttributeConverter for property [cm.pak.models.security.UserModel:pk]
11:35:17.185 [main] DEBUG org.hibernate.cfg.annotations.SimpleValueBinder - building SimpleValue for pk
11:35:17.185 [main] DEBUG org.hibernate.cfg.annotations.PropertyBinder - Building property pk
11:35:17.195 [main] DEBUG org.hibernate.cfg.BinderHelper - #makeIdGenerator(org.hibernate.mapping.SimpleValue([org.hibernate.mapping.Column(p_pk)]), pk, identity, , ...)
11:35:17.195 [main] DEBUG org.hibernate.cfg.Ejb3Column - Binding column: Ejb3Column{table=org.hibernate.mapping.Table(T_USER), mappingColumn=p_create, insertable=true, updatable=false, unique=false}
11:35:17.195 [main] DEBUG org.hibernate.cfg.annotations.PropertyBinder - MetadataSourceProcessor property create with lazy=false
11:35:17.195 [main] DEBUG org.hibernate.cfg.AbstractPropertyHolder - Attempting to locate auto-apply AttributeConverter for property [cm.pak.models.security.UserModel:create]
11:35:17.195 [main] DEBUG org.hibernate.cfg.annotations.SimpleValueBinder - building SimpleValue for create
11:35:17.195 [main] DEBUG org.hibernate.cfg.annotations.PropertyBinder - Building property create
11:35:17.195 [main] DEBUG org.hibernate.cfg.Ejb3Column - Binding column: Ejb3Column{table=org.hibernate.mapping.Table(T_USER), mappingColumn=p_update, insertable=true, updatable=true, unique=false}
11:35:17.195 [main] DEBUG org.hibernate.cfg.annotations.PropertyBinder - MetadataSourceProcessor property update with lazy=false
11:35:17.195 [main] DEBUG org.hibernate.cfg.AbstractPropertyHolder - Attempting to locate auto-apply AttributeConverter for property [cm.pak.models.security.UserModel:update]
11:35:17.195 [main] DEBUG org.hibernate.cfg.annotations.SimpleValueBinder - building SimpleValue for update
11:35:17.195 [main] DEBUG org.hibernate.cfg.annotations.PropertyBinder - Building property update
11:35:17.203 [main] DEBUG org.hibernate.cfg.Ejb3Column - Binding column: Ejb3Column{table=org.hibernate.mapping.Table(T_USER), mappingColumn=p_categ, insertable=true, updatable=true, unique=false}
11:35:17.203 [main] DEBUG org.hibernate.cfg.annotations.PropertyBinder - MetadataSourceProcessor property categorie with lazy=false
11:35:17.203 [main] DEBUG org.hibernate.cfg.AbstractPropertyHolder - Attempting to locate auto-apply AttributeConverter for property [cm.pak.models.security.UserModel:categorie]
11:35:17.203 [main] DEBUG org.hibernate.cfg.annotations.SimpleValueBinder - building SimpleValue for categorie
11:35:17.203 [main] DEBUG org.hibernate.cfg.annotations.PropertyBinder - Building property categorie
11:35:17.205 [main] DEBUG org.hibernate.cfg.Ejb3Column - Binding column: Ejb3Column{table=org.hibernate.mapping.Table(T_USER), mappingColumn=p_code, insertable=true, updatable=true, unique=true}
11:35:17.205 [main] DEBUG org.hibernate.cfg.annotations.PropertyBinder - MetadataSourceProcessor property code with lazy=false
11:35:17.205 [main] DEBUG org.hibernate.cfg.AbstractPropertyHolder - Attempting to locate auto-apply AttributeConverter for property [cm.pak.models.security.UserModel:code]
11:35:17.205 [main] DEBUG org.hibernate.cfg.annotations.SimpleValueBinder - building SimpleValue for code
11:35:17.205 [main] DEBUG org.hibernate.cfg.annotations.PropertyBinder - Building property code
11:35:17.205 [main] DEBUG org.hibernate.cfg.Ejb3Column - Binding column: Ejb3Column{table=org.hibernate.mapping.Table(T_USER), mappingColumn=p_genre, insertable=true, updatable=true, unique=false}
11:35:17.205 [main] DEBUG org.hibernate.cfg.annotations.PropertyBinder - MetadataSourceProcessor property genre with lazy=false
11:35:17.205 [main] DEBUG org.hibernate.cfg.AbstractPropertyHolder - Attempting to locate auto-apply AttributeConverter for property [cm.pak.models.security.UserModel:genre]
11:35:17.205 [main] DEBUG org.hibernate.cfg.annotations.SimpleValueBinder - building SimpleValue for genre
11:35:17.205 [main] DEBUG org.hibernate.cfg.annotations.PropertyBinder - Building property genre
11:35:17.205 [main] DEBUG org.hibernate.cfg.Ejb3Column - Binding column: Ejb3JoinColumn{logicalColumnName='group_id', referencedColumn='', mappedBy=''}
11:35:17.205 [main] DEBUG org.hibernate.cfg.Ejb3Column - Binding column: Ejb3Column{table=org.hibernate.mapping.Table(T_USER), mappingColumn=groupeModel, insertable=true, updatable=true, unique=false}
11:35:17.205 [main] DEBUG org.hibernate.cfg.annotations.PropertyBinder - Building property groupeModel
11:35:17.205 [main] DEBUG org.hibernate.cfg.Ejb3Column - Binding column: Ejb3Column{table=org.hibernate.mapping.Table(T_USER), mappingColumn=p_name, insertable=true, updatable=true, unique=false}
11:35:17.205 [main] DEBUG org.hibernate.cfg.annotations.PropertyBinder - MetadataSourceProcessor property name with lazy=false
11:35:17.205 [main] DEBUG org.hibernate.cfg.AbstractPropertyHolder - Attempting to locate auto-apply AttributeConverter for property [cm.pak.models.security.UserModel:name]
11:35:17.205 [main] DEBUG org.hibernate.cfg.annotations.SimpleValueBinder - building SimpleValue for name
11:35:17.205 [main] DEBUG org.hibernate.cfg.annotations.PropertyBinder - Building property name
11:35:17.205 [main] DEBUG org.hibernate.cfg.Ejb3Column - Binding column: Ejb3Column{table=org.hibernate.mapping.Table(T_USER), mappingColumn=t_pwd, insertable=true, updatable=true, unique=false}
11:35:17.205 [main] DEBUG org.hibernate.cfg.annotations.PropertyBinder - MetadataSourceProcessor property password with lazy=false
11:35:17.205 [main] DEBUG org.hibernate.cfg.AbstractPropertyHolder - Attempting to locate auto-apply AttributeConverter for property [cm.pak.models.security.UserModel:password]
11:35:17.205 [main] DEBUG org.hibernate.cfg.annotations.SimpleValueBinder - building SimpleValue for password
11:35:17.205 [main] DEBUG org.hibernate.cfg.annotations.PropertyBinder - Building property password
11:35:17.213 [main] DEBUG org.hibernate.cfg.annotations.SimpleValueBinder - Starting fillSimpleValue for pk
11:35:17.213 [main] DEBUG org.hibernate.cfg.annotations.SimpleValueBinder - Starting fillSimpleValue for create
11:35:17.213 [main] DEBUG org.hibernate.cfg.annotations.SimpleValueBinder - Starting fillSimpleValue for update
11:35:17.213 [main] DEBUG org.hibernate.cfg.annotations.SimpleValueBinder - Starting fillSimpleValue for cancreate
11:35:17.213 [main] DEBUG org.hibernate.cfg.annotations.SimpleValueBinder - Starting fillSimpleValue for candelete
11:35:17.213 [main] DEBUG org.hibernate.cfg.annotations.SimpleValueBinder - Starting fillSimpleValue for canread
11:35:17.213 [main] DEBUG org.hibernate.cfg.annotations.SimpleValueBinder - Starting fillSimpleValue for canwrite
11:35:17.213 [main] DEBUG org.hibernate.cfg.annotations.SimpleValueBinder - Starting fillSimpleValue for label
11:35:17.213 [main] DEBUG org.hibernate.cfg.annotations.SimpleValueBinder - Starting fillSimpleValue for name
11:35:17.213 [main] DEBUG org.hibernate.cfg.annotations.SimpleValueBinder - Starting fillSimpleValue for pk
11:35:17.213 [main] DEBUG org.hibernate.cfg.annotations.SimpleValueBinder - Starting fillSimpleValue for create
11:35:17.213 [main] DEBUG org.hibernate.cfg.annotations.SimpleValueBinder - Starting fillSimpleValue for update
11:35:17.213 [main] DEBUG org.hibernate.cfg.annotations.SimpleValueBinder - Starting fillSimpleValue for code
11:35:17.213 [main] DEBUG org.hibernate.cfg.annotations.SimpleValueBinder - Starting fillSimpleValue for install
11:35:17.213 [main] DEBUG org.hibernate.cfg.annotations.SimpleValueBinder - Starting fillSimpleValue for longDescription
11:35:17.213 [main] DEBUG org.hibernate.cfg.annotations.SimpleValueBinder - Starting fillSimpleValue for owner
11:35:17.215 [main] DEBUG org.hibernate.cfg.annotations.SimpleValueBinder - Starting fillSimpleValue for sequence
11:35:17.215 [main] DEBUG org.hibernate.cfg.annotations.SimpleValueBinder - Starting fillSimpleValue for shortDescription
11:35:17.215 [main] DEBUG org.hibernate.cfg.annotations.SimpleValueBinder - Starting fillSimpleValue for version
11:35:17.215 [main] DEBUG org.hibernate.cfg.annotations.SimpleValueBinder - Starting fillSimpleValue for pk
11:35:17.215 [main] DEBUG org.hibernate.cfg.annotations.SimpleValueBinder - Starting fillSimpleValue for create
11:35:17.215 [main] DEBUG org.hibernate.cfg.annotations.SimpleValueBinder - Starting fillSimpleValue for update
11:35:17.215 [main] DEBUG org.hibernate.cfg.annotations.SimpleValueBinder - Starting fillSimpleValue for code
11:35:17.215 [main] DEBUG org.hibernate.cfg.annotations.SimpleValueBinder - Starting fillSimpleValue for intitule
11:35:17.215 [main] DEBUG org.hibernate.cfg.annotations.SimpleValueBinder - Starting fillSimpleValue for pk
11:35:17.215 [main] DEBUG org.hibernate.cfg.annotations.SimpleValueBinder - Starting fillSimpleValue for create
11:35:17.215 [main] DEBUG org.hibernate.cfg.annotations.SimpleValueBinder - Starting fillSimpleValue for update
11:35:17.215 [main] DEBUG org.hibernate.cfg.annotations.SimpleValueBinder - Starting fillSimpleValue for categorie
11:35:17.215 [main] DEBUG org.hibernate.cfg.annotations.SimpleValueBinder - Starting fillSimpleValue for code
11:35:17.215 [main] DEBUG org.hibernate.cfg.annotations.SimpleValueBinder - Starting fillSimpleValue for genre
11:35:17.215 [main] DEBUG org.hibernate.cfg.annotations.SimpleValueBinder - Starting fillSimpleValue for name
11:35:17.215 [main] DEBUG org.hibernate.cfg.annotations.SimpleValueBinder - Starting fillSimpleValue for password
11:35:17.225 [main] DEBUG org.hibernate.mapping.PrimaryKey - Forcing column [p_pk] to be non-null as it is part of the primary key for table [t_acri]
11:35:17.225 [main] DEBUG org.hibernate.mapping.PrimaryKey - Forcing column [p_pk] to be non-null as it is part of the primary key for table [t_ext]
11:35:17.225 [main] DEBUG org.hibernate.mapping.PrimaryKey - Forcing column [p_pk] to be non-null as it is part of the primary key for table [t_group]
11:35:17.225 [main] DEBUG org.hibernate.mapping.PrimaryKey - Forcing column [p_pk] to be non-null as it is part of the primary key for table [t_user]
11:35:17.225 [main] DEBUG org.hibernate.cfg.CollectionSecondPass - Second pass for collection: cm.pak.models.security.GroupeModel.rigths
11:35:17.225 [main] DEBUG org.hibernate.cfg.annotations.CollectionBinder - Binding a OneToMany: cm.pak.models.security.GroupeModel.rigths through a foreign key
11:35:17.225 [main] DEBUG org.hibernate.cfg.annotations.CollectionBinder - Mapping collection: cm.pak.models.security.GroupeModel.rigths -> t_acri
11:35:17.235 [main] DEBUG org.hibernate.cfg.CollectionSecondPass - Mapped collection key: t_ac, one-to-many: cm.pak.models.security.AccesRigth
11:35:17.235 [main] DEBUG org.hibernate.cfg.CollectionSecondPass - Second pass for collection: cm.pak.models.core.ExtensionModel.depends
11:35:17.235 [main] DEBUG org.hibernate.cfg.annotations.CollectionBinder - Binding a collection of element: cm.pak.models.core.ExtensionModel.depends
11:35:17.245 [main] DEBUG org.hibernate.cfg.CollectionPropertyHolder - Attempting to locate auto-apply AttributeConverter for collection element [cm.pak.models.core.ExtensionModel.depends]
11:35:17.245 [main] DEBUG org.hibernate.cfg.annotations.SimpleValueBinder - building SimpleValue for null
11:35:17.245 [main] DEBUG org.hibernate.cfg.annotations.SimpleValueBinder - Starting fillSimpleValue for null
11:35:17.245 [main] DEBUG org.hibernate.mapping.PrimaryKey - Forcing column [extensionmodel_p_pk] to be non-null as it is part of the primary key for table [extensionmodel_depends]
11:35:17.245 [main] DEBUG org.hibernate.cfg.CollectionSecondPass - Mapped collection key: ExtensionModel_p_pk, element: depends
11:35:17.245 [main] DEBUG org.hibernate.boot.internal.InFlightMetadataCollectorImpl - Resolving reference to class: cm.pak.models.core.ExtensionModel
11:35:17.253 [main] DEBUG org.hibernate.boot.internal.InFlightMetadataCollectorImpl - Resolving reference to class: cm.pak.models.security.GroupeModel
11:35:17.253 [main] DEBUG org.hibernate.boot.internal.InFlightMetadataCollectorImpl - Resolving reference to class: cm.pak.models.core.ExtensionModel
11:35:17.255 [main] DEBUG org.hibernate.boot.internal.InFlightMetadataCollectorImpl - Resolving reference to class: cm.pak.models.security.GroupeModel
11:35:17.255 [main] DEBUG org.hibernate.boot.internal.InFlightMetadataCollectorImpl - Resolving reference to class: cm.pak.models.core.ExtensionModel
11:35:17.255 [main] DEBUG org.hibernate.boot.internal.InFlightMetadataCollectorImpl - Resolving reference to class: cm.pak.models.security.GroupeModel
11:35:17.255 [main] DEBUG org.hibernate.boot.internal.InFlightMetadataCollectorImpl - Resolving reference to class: cm.pak.models.core.ExtensionModel
11:35:17.255 [main] DEBUG org.hibernate.boot.internal.InFlightMetadataCollectorImpl - Resolving reference to class: cm.pak.models.security.GroupeModel
11:35:17.324 [main] DEBUG org.hibernate.internal.SessionFactoryImpl - Building session factory
11:35:17.324 [main] DEBUG org.hibernate.cfg.Settings - SessionFactory name : null
11:35:17.324 [main] DEBUG org.hibernate.cfg.Settings - Automatic flush during beforeCompletion(): enabled
11:35:17.326 [main] DEBUG org.hibernate.cfg.Settings - Automatic session close at end of transaction: disabled
11:35:17.326 [main] DEBUG org.hibernate.cfg.Settings - Statistics: disabled
11:35:17.326 [main] DEBUG org.hibernate.cfg.Settings - Deleted entity synthetic identifier rollback: disabled
11:35:17.326 [main] DEBUG org.hibernate.cfg.Settings - Default entity-mode: pojo
11:35:17.326 [main] DEBUG org.hibernate.cfg.Settings - Check Nullability in Core (should be disabled when Bean Validation is on): enabled
11:35:17.326 [main] DEBUG org.hibernate.cfg.Settings - Allow initialization of lazy state outside session : disabled
11:35:17.326 [main] DEBUG org.hibernate.cfg.Settings - Using BatchFetchStyle : LEGACY
11:35:17.326 [main] DEBUG org.hibernate.cfg.Settings - Default batch fetch size: -1
11:35:17.326 [main] DEBUG org.hibernate.cfg.Settings - Maximum outer join fetch depth: null
11:35:17.326 [main] DEBUG org.hibernate.cfg.Settings - Default null ordering: NONE
11:35:17.326 [main] DEBUG org.hibernate.cfg.Settings - Order SQL updates by primary key: disabled
11:35:17.326 [main] DEBUG org.hibernate.cfg.Settings - Order SQL inserts for batching: disabled
11:35:17.326 [main] DEBUG org.hibernate.cfg.Settings - multi-tenancy strategy : NONE
11:35:17.326 [main] DEBUG org.hibernate.cfg.Settings - JTA Track by Thread: enabled
11:35:17.326 [main] DEBUG org.hibernate.cfg.Settings - Query language substitutions: {}
11:35:17.326 [main] DEBUG org.hibernate.cfg.Settings - Named query checking : enabled
11:35:17.326 [main] DEBUG org.hibernate.cfg.Settings - Second-level cache: disabled
11:35:17.326 [main] DEBUG org.hibernate.cfg.Settings - Second-level query cache: disabled
11:35:17.326 [main] DEBUG org.hibernate.cfg.Settings - Second-level query cache factory: null
11:35:17.326 [main] DEBUG org.hibernate.cfg.Settings - Second-level cache region prefix: null
11:35:17.326 [main] DEBUG org.hibernate.cfg.Settings - Optimize second-level cache for minimal puts: disabled
11:35:17.326 [main] DEBUG org.hibernate.cfg.Settings - Structured second-level cache entries: disabled
11:35:17.326 [main] DEBUG org.hibernate.cfg.Settings - Second-level cache direct-reference entries: disabled
11:35:17.326 [main] DEBUG org.hibernate.cfg.Settings - Automatic eviction of collection cache: disabled
11:35:17.326 [main] DEBUG org.hibernate.cfg.Settings - JDBC batch size: 15
11:35:17.326 [main] DEBUG org.hibernate.cfg.Settings - JDBC batch updates for versioned data: enabled
11:35:17.326 [main] DEBUG org.hibernate.cfg.Settings - Scrollable result sets: enabled
11:35:17.326 [main] DEBUG org.hibernate.cfg.Settings - Wrap result sets: disabled
11:35:17.326 [main] DEBUG org.hibernate.cfg.Settings - JDBC3 getGeneratedKeys(): enabled
11:35:17.326 [main] DEBUG org.hibernate.cfg.Settings - JDBC result set fetch size: null
11:35:17.326 [main] DEBUG org.hibernate.cfg.Settings - Connection release mode: ON_CLOSE
11:35:17.326 [main] DEBUG org.hibernate.cfg.Settings - Generate SQL with comments: disabled
11:35:17.326 [main] DEBUG org.hibernate.cfg.Settings - JPA compliance - query : disabled
11:35:17.326 [main] DEBUG org.hibernate.cfg.Settings - JPA compliance - closed-handling : disabled
11:35:17.326 [main] DEBUG org.hibernate.cfg.Settings - JPA compliance - lists : disabled
11:35:17.326 [main] DEBUG org.hibernate.cfg.Settings - JPA compliance - transactions : disabled
11:35:17.411 [main] DEBUG org.hibernate.service.internal.SessionFactoryServiceRegistryImpl - EventListenerRegistry access via ServiceRegistry is deprecated.  Use `sessionFactory.getEventEngine().getListenerRegistry()` instead
11:35:17.411 [main] DEBUG org.hibernate.service.internal.SessionFactoryServiceRegistryImpl - EventListenerRegistry access via ServiceRegistry is deprecated.  Use `sessionFactory.getEventEngine().getListenerRegistry()` instead
11:35:17.442 [main] DEBUG org.hibernate.internal.SessionFactoryImpl - Session factory constructed with filter configurations : {}
11:35:17.442 [main] DEBUG org.hibernate.internal.SessionFactoryImpl - Instantiating session factory with properties: {sun.desktop=windows, awt.toolkit=sun.awt.windows.WToolkit, java.specification.version=1.8, file.encoding.pkg=sun.io, sun.cpu.isalist=amd64, hibernate.connection.handling_mode=DELAYED_ACQUISITION_AND_HOLD, sun.jnu.encoding=Cp1252, hibernate.dialect=org.hibernate.dialect.H2Dialect, java.class.path=C:\Users\dieunedort.bekondo\IdeaProjects\pak-training\training-core\target\test-classes;C:\Users\dieunedort.bekondo\IdeaProjects\pak-training\training-core\target\classes;C:\Users\dieunedort.bekondo\.m2\repository\org\springframework\boot\spring-boot-starter-mail\2.6.4\spring-boot-starter-mail-2.6.4.jar;C:\Users\dieunedort.bekondo\.m2\repository\org\springframework\boot\spring-boot-starter\2.6.4\spring-boot-starter-2.6.4.jar;C:\Users\dieunedort.bekondo\.m2\repository\org\springframework\boot\spring-boot\2.6.4\spring-boot-2.6.4.jar;C:\Users\dieunedort.bekondo\.m2\repository\org\springframework\boot\spring-boot-autoconfigure\2.6.4\spring-boot-autoconfigure-2.6.4.jar;C:\Users\dieunedort.bekondo\.m2\repository\org\springframework\boot\spring-boot-starter-logging\2.6.4\spring-boot-starter-logging-2.6.4.jar;C:\Users\dieunedort.bekondo\.m2\repository\ch\qos\logback\logback-classic\1.2.10\logback-classic-1.2.10.jar;C:\Users\dieunedort.bekondo\.m2\repository\ch\qos\logback\logback-core\1.2.10\logback-core-1.2.10.jar;C:\Users\dieunedort.bekondo\.m2\repository\org\apache\logging\log4j\log4j-to-slf4j\2.17.1\log4j-to-slf4j-2.17.1.jar;C:\Users\dieunedort.bekondo\.m2\repository\org\apache\logging\log4j\log4j-api\2.17.1\log4j-api-2.17.1.jar;C:\Users\dieunedort.bekondo\.m2\repository\org\slf4j\jul-to-slf4j\1.7.36\jul-to-slf4j-1.7.36.jar;C:\Users\dieunedort.bekondo\.m2\repository\jakarta\annotation\jakarta.annotation-api\1.3.5\jakarta.annotation-api-1.3.5.jar;C:\Users\dieunedort.bekondo\.m2\repository\org\yaml\snakeyaml\1.29\snakeyaml-1.29.jar;C:\Users\dieunedort.bekondo\.m2\repository\org\springframework\spring-context-support\5.3.16\spring-context-support-5.3.16.jar;C:\Users\dieunedort.bekondo\.m2\repository\org\springframework\spring-beans\5.3.16\spring-beans-5.3.16.jar;C:\Users\dieunedort.bekondo\.m2\repository\org\springframework\spring-context\5.3.16\spring-context-5.3.16.jar;C:\Users\dieunedort.bekondo\.m2\repository\org\springframework\spring-aop\5.3.16\spring-aop-5.3.16.jar;C:\Users\dieunedort.bekondo\.m2\repository\org\springframework\spring-expression\5.3.16\spring-expression-5.3.16.jar;C:\Users\dieunedort.bekondo\.m2\repository\com\sun\mail\jakarta.mail\1.6.7\jakarta.mail-1.6.7.jar;C:\Users\dieunedort.bekondo\.m2\repository\com\sun\activation\jakarta.activation\1.2.2\jakarta.activation-1.2.2.jar;C:\Users\dieunedort.bekondo\.m2\repository\com\sun\mail\javax.mail\1.6.1\javax.mail-1.6.1.jar;C:\Users\dieunedort.bekondo\.m2\repository\javax\activation\activation\1.1\activation-1.1.jar;C:\Users\dieunedort.bekondo\IdeaProjects\pak-training\training-data\target\training-data-1.0-SNAPSHOT.jar;C:\Users\dieunedort.bekondo\.m2\repository\org\springframework\boot\spring-boot-starter-data-jpa\2.6.4\spring-boot-starter-data-jpa-2.6.4.jar;C:\Users\dieunedort.bekondo\.m2\repository\org\springframework\boot\spring-boot-starter-aop\2.6.4\spring-boot-starter-aop-2.6.4.jar;C:\Users\dieunedort.bekondo\.m2\repository\org\aspectj\aspectjweaver\1.9.7\aspectjweaver-1.9.7.jar;C:\Users\dieunedort.bekondo\.m2\repository\org\springframework\boot\spring-boot-starter-jdbc\2.6.4\spring-boot-starter-jdbc-2.6.4.jar;C:\Users\dieunedort.bekondo\.m2\repository\com\zaxxer\HikariCP\4.0.3\HikariCP-4.0.3.jar;C:\Users\dieunedort.bekondo\.m2\repository\org\springframework\spring-jdbc\5.3.16\spring-jdbc-5.3.16.jar;C:\Users\dieunedort.bekondo\.m2\repository\jakarta\transaction\jakarta.transaction-api\1.3.3\jakarta.transaction-api-1.3.3.jar;C:\Users\dieunedort.bekondo\.m2\repository\jakarta\persistence\jakarta.persistence-api\2.2.3\jakarta.persistence-api-2.2.3.jar;C:\Users\dieunedort.bekondo\.m2\repository\org\hibernate\hibernate-core\5.6.5.Final\hibernate-core-5.6.5.Final.jar;C:\Users\dieunedort.bekondo\.m2\repository\org\jboss\logging\jboss-logging\3.4.3.Final\jboss-logging-3.4.3.Final.jar;C:\Users\dieunedort.bekondo\.m2\repository\net\bytebuddy\byte-buddy\1.11.22\byte-buddy-1.11.22.jar;C:\Users\dieunedort.bekondo\.m2\repository\antlr\antlr\2.7.7\antlr-2.7.7.jar;C:\Users\dieunedort.bekondo\.m2\repository\org\jboss\jandex\2.4.2.Final\jandex-2.4.2.Final.jar;C:\Users\dieunedort.bekondo\.m2\repository\com\fasterxml\classmate\1.5.1\classmate-1.5.1.jar;C:\Users\dieunedort.bekondo\.m2\repository\org\hibernate\common\hibernate-commons-annotations\5.1.2.Final\hibernate-commons-annotations-5.1.2.Final.jar;C:\Users\dieunedort.bekondo\.m2\repository\org\glassfish\jaxb\jaxb-runtime\2.3.6\jaxb-runtime-2.3.6.jar;C:\Users\dieunedort.bekondo\.m2\repository\jakarta\xml\bind\jakarta.xml.bind-api\2.3.3\jakarta.xml.bind-api-2.3.3.jar;C:\Users\dieunedort.bekondo\.m2\repository\org\glassfish\jaxb\txw2\2.3.6\txw2-2.3.6.jar;C:\Users\dieunedort.bekondo\.m2\repository\com\sun\istack\istack-commons-runtime\3.0.12\istack-commons-runtime-3.0.12.jar;C:\Users\dieunedort.bekondo\.m2\repository\org\springframework\data\spring-data-jpa\2.6.2\spring-data-jpa-2.6.2.jar;C:\Users\dieunedort.bekondo\.m2\repository\org\springframework\data\spring-data-commons\2.6.2\spring-data-commons-2.6.2.jar;C:\Users\dieunedort.bekondo\.m2\repository\org\springframework\spring-orm\5.3.16\spring-orm-5.3.16.jar;C:\Users\dieunedort.bekondo\.m2\repository\org\springframework\spring-tx\5.3.16\spring-tx-5.3.16.jar;C:\Users\dieunedort.bekondo\.m2\repository\org\slf4j\slf4j-api\1.7.36\slf4j-api-1.7.36.jar;C:\Users\dieunedort.bekondo\.m2\repository\org\springframework\spring-aspects\5.3.16\spring-aspects-5.3.16.jar;C:\Users\dieunedort.bekondo\.m2\repository\org\springframework\boot\spring-boot-starter-validation\2.6.4\spring-boot-starter-validation-2.6.4.jar;C:\Users\dieunedort.bekondo\.m2\repository\org\apache\tomcat\embed\tomcat-embed-el\9.0.58\tomcat-embed-el-9.0.58.jar;C:\Users\dieunedort.bekondo\.m2\repository\org\hibernate\validator\hibernate-validator\6.2.2.Final\hibernate-validator-6.2.2.Final.jar;C:\Users\dieunedort.bekondo\.m2\repository\jakarta\validation\jakarta.validation-api\2.0.2\jakarta.validation-api-2.0.2.jar;C:\Users\dieunedort.bekondo\.m2\repository\org\codehaus\jackson\jackson-mapper-asl\1.9.13\jackson-mapper-asl-1.9.13.jar;C:\Users\dieunedort.bekondo\.m2\repository\org\codehaus\jackson\jackson-core-asl\1.9.13\jackson-core-asl-1.9.13.jar;C:\Users\dieunedort.bekondo\.m2\repository\com\h2database\h2\1.4.200\h2-1.4.200.jar;C:\Users\dieunedort.bekondo\.m2\repository\com\fasterxml\jackson\core\jackson-databind\2.13.1\jackson-databind-2.13.1.jar;C:\Users\dieunedort.bekondo\.m2\repository\com\fasterxml\jackson\core\jackson-annotations\2.13.1\jackson-annotations-2.13.1.jar;C:\Users\dieunedort.bekondo\.m2\repository\com\fasterxml\jackson\core\jackson-core\2.13.1\jackson-core-2.13.1.jar;C:\Users\dieunedort.bekondo\.m2\repository\org\springframework\spring-test\5.3.16\spring-test-5.3.16.jar;C:\Users\dieunedort.bekondo\.m2\repository\org\springframework\spring-core\5.3.16\spring-core-5.3.16.jar;C:\Users\dieunedort.bekondo\.m2\repository\org\springframework\spring-jcl\5.3.16\spring-jcl-5.3.16.jar;C:\Users\dieunedort.bekondo\.m2\repository\junit\junit\4.12\junit-4.12.jar;C:\Users\dieunedort.bekondo\.m2\repository\org\hamcrest\hamcrest-core\2.2\hamcrest-core-2.2.jar;C:\Users\dieunedort.bekondo\.m2\repository\org\hamcrest\hamcrest\2.2\hamcrest-2.2.jar;, java.vm.vendor=Oracle Corporation, sun.arch.data.model=64, user.variant=, java.vendor.url=http://java.oracle.com/, user.timezone=Africa/Luanda, jakarta.persistence.sharedCache.mode=UNSPECIFIED, os.name=Windows 10, java.vm.specification.version=1.8, javax.persistence.validation.mode=AUTO, jakarta.persistence.nonJtaDataSource=HikariDataSource (HikariPool-1), user.country=CM, sun.java.launcher=SUN_STANDARD, sun.boot.library.path=C:\Program Files\Java\jdk1.8.0_321\jre\bin, sun.java.command=C:\Users\DIEUNE~1.BEK\AppData\Local\Temp\surefire4562451424892661172\surefirebooter349466105068257530.jar C:\Users\dieunedort.bekondo\AppData\Local\Temp\surefire4562451424892661172 2022-09-01T11-35-04_507-jvmRun1 surefire481153301302540147tmp surefire_11947484120263905864tmp, javax.persistence.nonJtaDataSource=HikariDataSource (HikariPool-1), javax.persistence.sharedCache.mode=UNSPECIFIED, surefire.test.class.path=C:\Users\dieunedort.bekondo\IdeaProjects\pak-training\training-core\target\test-classes;C:\Users\dieunedort.bekondo\IdeaProjects\pak-training\training-core\target\classes;C:\Users\dieunedort.bekondo\.m2\repository\org\springframework\boot\spring-boot-starter-mail\2.6.4\spring-boot-starter-mail-2.6.4.jar;C:\Users\dieunedort.bekondo\.m2\repository\org\springframework\boot\spring-boot-starter\2.6.4\spring-boot-starter-2.6.4.jar;C:\Users\dieunedort.bekondo\.m2\repository\org\springframework\boot\spring-boot\2.6.4\spring-boot-2.6.4.jar;C:\Users\dieunedort.bekondo\.m2\repository\org\springframework\boot\spring-boot-autoconfigure\2.6.4\spring-boot-autoconfigure-2.6.4.jar;C:\Users\dieunedort.bekondo\.m2\repository\org\springframework\boot\spring-boot-starter-logging\2.6.4\spring-boot-starter-logging-2.6.4.jar;C:\Users\dieunedort.bekondo\.m2\repository\ch\qos\logback\logback-classic\1.2.10\logback-classic-1.2.10.jar;C:\Users\dieunedort.bekondo\.m2\repository\ch\qos\logback\logback-core\1.2.10\logback-core-1.2.10.jar;C:\Users\dieunedort.bekondo\.m2\repository\org\apache\logging\log4j\log4j-to-slf4j\2.17.1\log4j-to-slf4j-2.17.1.jar;C:\Users\dieunedort.bekondo\.m2\repository\org\apache\logging\log4j\log4j-api\2.17.1\log4j-api-2.17.1.jar;C:\Users\dieunedort.bekondo\.m2\repository\org\slf4j\jul-to-slf4j\1.7.36\jul-to-slf4j-1.7.36.jar;C:\Users\dieunedort.bekondo\.m2\repository\jakarta\annotation\jakarta.annotation-api\1.3.5\jakarta.annotation-api-1.3.5.jar;C:\Users\dieunedort.bekondo\.m2\repository\org\yaml\snakeyaml\1.29\snakeyaml-1.29.jar;C:\Users\dieunedort.bekondo\.m2\repository\org\springframework\spring-context-support\5.3.16\spring-context-support-5.3.16.jar;C:\Users\dieunedort.bekondo\.m2\repository\org\springframework\spring-beans\5.3.16\spring-beans-5.3.16.jar;C:\Users\dieunedort.bekondo\.m2\repository\org\springframework\spring-context\5.3.16\spring-context-5.3.16.jar;C:\Users\dieunedort.bekondo\.m2\repository\org\springframework\spring-aop\5.3.16\spring-aop-5.3.16.jar;C:\Users\dieunedort.bekondo\.m2\repository\org\springframework\spring-expression\5.3.16\spring-expression-5.3.16.jar;C:\Users\dieunedort.bekondo\.m2\repository\com\sun\mail\jakarta.mail\1.6.7\jakarta.mail-1.6.7.jar;C:\Users\dieunedort.bekondo\.m2\repository\com\sun\activation\jakarta.activation\1.2.2\jakarta.activation-1.2.2.jar;C:\Users\dieunedort.bekondo\.m2\repository\com\sun\mail\javax.mail\1.6.1\javax.mail-1.6.1.jar;C:\Users\dieunedort.bekondo\.m2\repository\javax\activation\activation\1.1\activation-1.1.jar;C:\Users\dieunedort.bekondo\IdeaProjects\pak-training\training-data\target\training-data-1.0-SNAPSHOT.jar;C:\Users\dieunedort.bekondo\.m2\repository\org\springframework\boot\spring-boot-starter-data-jpa\2.6.4\spring-boot-starter-data-jpa-2.6.4.jar;C:\Users\dieunedort.bekondo\.m2\repository\org\springframework\boot\spring-boot-starter-aop\2.6.4\spring-boot-starter-aop-2.6.4.jar;C:\Users\dieunedort.bekondo\.m2\repository\org\aspectj\aspectjweaver\1.9.7\aspectjweaver-1.9.7.jar;C:\Users\dieunedort.bekondo\.m2\repository\org\springframework\boot\spring-boot-starter-jdbc\2.6.4\spring-boot-starter-jdbc-2.6.4.jar;C:\Users\dieunedort.bekondo\.m2\repository\com\zaxxer\HikariCP\4.0.3\HikariCP-4.0.3.jar;C:\Users\dieunedort.bekondo\.m2\repository\org\springframework\spring-jdbc\5.3.16\spring-jdbc-5.3.16.jar;C:\Users\dieunedort.bekondo\.m2\repository\jakarta\transaction\jakarta.transaction-api\1.3.3\jakarta.transaction-api-1.3.3.jar;C:\Users\dieunedort.bekondo\.m2\repository\jakarta\persistence\jakarta.persistence-api\2.2.3\jakarta.persistence-api-2.2.3.jar;C:\Users\dieunedort.bekondo\.m2\repository\org\hibernate\hibernate-core\5.6.5.Final\hibernate-core-5.6.5.Final.jar;C:\Users\dieunedort.bekondo\.m2\repository\org\jboss\logging\jboss-logging\3.4.3.Final\jboss-logging-3.4.3.Final.jar;C:\Users\dieunedort.bekondo\.m2\repository\net\bytebuddy\byte-buddy\1.11.22\byte-buddy-1.11.22.jar;C:\Users\dieunedort.bekondo\.m2\repository\antlr\antlr\2.7.7\antlr-2.7.7.jar;C:\Users\dieunedort.bekondo\.m2\repository\org\jboss\jandex\2.4.2.Final\jandex-2.4.2.Final.jar;C:\Users\dieunedort.bekondo\.m2\repository\com\fasterxml\classmate\1.5.1\classmate-1.5.1.jar;C:\Users\dieunedort.bekondo\.m2\repository\org\hibernate\common\hibernate-commons-annotations\5.1.2.Final\hibernate-commons-annotations-5.1.2.Final.jar;C:\Users\dieunedort.bekondo\.m2\repository\org\glassfish\jaxb\jaxb-runtime\2.3.6\jaxb-runtime-2.3.6.jar;C:\Users\dieunedort.bekondo\.m2\repository\jakarta\xml\bind\jakarta.xml.bind-api\2.3.3\jakarta.xml.bind-api-2.3.3.jar;C:\Users\dieunedort.bekondo\.m2\repository\org\glassfish\jaxb\txw2\2.3.6\txw2-2.3.6.jar;C:\Users\dieunedort.bekondo\.m2\repository\com\sun\istack\istack-commons-runtime\3.0.12\istack-commons-runtime-3.0.12.jar;C:\Users\dieunedort.bekondo\.m2\repository\org\springframework\data\spring-data-jpa\2.6.2\spring-data-jpa-2.6.2.jar;C:\Users\dieunedort.bekondo\.m2\repository\org\springframework\data\spring-data-commons\2.6.2\spring-data-commons-2.6.2.jar;C:\Users\dieunedort.bekondo\.m2\repository\org\springframework\spring-orm\5.3.16\spring-orm-5.3.16.jar;C:\Users\dieunedort.bekondo\.m2\repository\org\springframework\spring-tx\5.3.16\spring-tx-5.3.16.jar;C:\Users\dieunedort.bekondo\.m2\repository\org\slf4j\slf4j-api\1.7.36\slf4j-api-1.7.36.jar;C:\Users\dieunedort.bekondo\.m2\repository\org\springframework\spring-aspects\5.3.16\spring-aspects-5.3.16.jar;C:\Users\dieunedort.bekondo\.m2\repository\org\springframework\boot\spring-boot-starter-validation\2.6.4\spring-boot-starter-validation-2.6.4.jar;C:\Users\dieunedort.bekondo\.m2\repository\org\apache\tomcat\embed\tomcat-embed-el\9.0.58\tomcat-embed-el-9.0.58.jar;C:\Users\dieunedort.bekondo\.m2\repository\org\hibernate\validator\hibernate-validator\6.2.2.Final\hibernate-validator-6.2.2.Final.jar;C:\Users\dieunedort.bekondo\.m2\repository\jakarta\validation\jakarta.validation-api\2.0.2\jakarta.validation-api-2.0.2.jar;C:\Users\dieunedort.bekondo\.m2\repository\org\codehaus\jackson\jackson-mapper-asl\1.9.13\jackson-mapper-asl-1.9.13.jar;C:\Users\dieunedort.bekondo\.m2\repository\org\codehaus\jackson\jackson-core-asl\1.9.13\jackson-core-asl-1.9.13.jar;C:\Users\dieunedort.bekondo\.m2\repository\com\h2database\h2\1.4.200\h2-1.4.200.jar;C:\Users\dieunedort.bekondo\.m2\repository\com\fasterxml\jackson\core\jackson-databind\2.13.1\jackson-databind-2.13.1.jar;C:\Users\dieunedort.bekondo\.m2\repository\com\fasterxml\jackson\core\jackson-annotations\2.13.1\jackson-annotations-2.13.1.jar;C:\Users\dieunedort.bekondo\.m2\repository\com\fasterxml\jackson\core\jackson-core\2.13.1\jackson-core-2.13.1.jar;C:\Users\dieunedort.bekondo\.m2\repository\org\springframework\spring-test\5.3.16\spring-test-5.3.16.jar;C:\Users\dieunedort.bekondo\.m2\repository\org\springframework\spring-core\5.3.16\spring-core-5.3.16.jar;C:\Users\dieunedort.bekondo\.m2\repository\org\springframework\spring-jcl\5.3.16\spring-jcl-5.3.16.jar;C:\Users\dieunedort.bekondo\.m2\repository\junit\junit\4.12\junit-4.12.jar;C:\Users\dieunedort.bekondo\.m2\repository\org\hamcrest\hamcrest-core\2.2\hamcrest-core-2.2.jar;C:\Users\dieunedort.bekondo\.m2\repository\org\hamcrest\hamcrest\2.2\hamcrest-2.2.jar;, sun.cpu.endian=little, user.home=C:\Users\dieunedort.bekondo, user.language=fr, java.specification.vendor=Oracle Corporation, java.home=C:\Program Files\Java\jdk1.8.0_321\jre, basedir=C:\Users\dieunedort.bekondo\IdeaProjects\pak-training\training-core, file.separator=\, line.separator=
, hibernate.persistenceUnitName=pak_pu, java.vm.specification.vendor=Oracle Corporation, java.specification.name=Java Platform API Specification, hibernate.transaction.coordinator_class=class org.hibernate.resource.transaction.backend.jdbc.internal.JdbcResourceLocalTransactionCoordinatorBuilderImpl, java.awt.graphicsenv=sun.awt.Win32GraphicsEnvironment, surefire.real.class.path=C:\Users\DIEUNE~1.BEK\AppData\Local\Temp\surefire4562451424892661172\surefirebooter349466105068257530.jar, jakarta.persistence.validation.mode=AUTO, sun.boot.class.path=C:\Program Files\Java\jdk1.8.0_321\jre\lib\resources.jar;C:\Program Files\Java\jdk1.8.0_321\jre\lib\rt.jar;C:\Program Files\Java\jdk1.8.0_321\jre\lib\sunrsasign.jar;C:\Program Files\Java\jdk1.8.0_321\jre\lib\jsse.jar;C:\Program Files\Java\jdk1.8.0_321\jre\lib\jce.jar;C:\Program Files\Java\jdk1.8.0_321\jre\lib\charsets.jar;C:\Program Files\Java\jdk1.8.0_321\jre\lib\jfr.jar;C:\Program Files\Java\jdk1.8.0_321\jre\classes, hibernate.hbm2ddl.auto=create, user.script=, sun.management.compiler=HotSpot 64-Bit Tiered Compilers, java.runtime.version=1.8.0_321-b07, user.name=dieunedort.bekondo, path.separator=;, os.version=10.0, java.endorsed.dirs=C:\Program Files\Java\jdk1.8.0_321\jre\lib\endorsed, java.runtime.name=Java(TM) SE Runtime Environment, file.encoding=Cp1252, hibernate.ejb.persistenceUnitName=pak_pu, java.vm.name=Java HotSpot(TM) 64-Bit Server VM, hibernate.show_sql=true, localRepository=C:\Users\dieunedort.bekondo\.m2\repository, java.vendor.url.bug=http://bugreport.sun.com/bugreport/, java.io.tmpdir=C:\Users\DIEUNE~1.BEK\AppData\Local\Temp\, idea.version=2021.3.3, java.version=1.8.0_321, user.dir=C:\Users\dieunedort.bekondo\IdeaProjects\pak-training\training-core, os.arch=amd64, java.vm.specification.name=Java Virtual Machine Specification, java.awt.printerjob=sun.awt.windows.WPrinterJob, sun.os.patch.level=, hibernate.boot.CfgXmlAccessService.key=org.hibernate.boot.registry.StandardServiceRegistryBuilder$1@54d901aa, java.library.path=C:\Program Files\Java\jdk1.8.0_321\jre\bin;C:\WINDOWS\Sun\Java\bin;C:\WINDOWS\system32;C:\WINDOWS;C:\Program Files (x86)\Common Files\Oracle\Java\javapath;C:\WINDOWS\system32;C:\WINDOWS;C:\WINDOWS\System32\Wbem;C:\WINDOWS\System32\WindowsPowerShell\v1.0\;C:\WINDOWS\System32\OpenSSH\;C:\Program Files\Intel\WiFi\bin\;C:\Program Files\Common Files\Intel\WirelessCommon\;c:\Program Files (x86)\Intel\Intel(R) Management Engine Components\DAL;c:\Program Files\Intel\Intel(R) Management Engine Components\DAL;C:\Program Files\Java\jre1.8.0_321\\bin;C:\Program Files\nodejs\;C:\Users\dieunedort.bekondo\AppData\Local\Microsoft\WindowsApps;C:\Users\dieunedort.bekondo\AppData\Local\Programs\Git\cmd;C:\Users\dieunedort.bekondo\AppData\Local\Programs\Microsoft VS Code\bin;C:\Users\dieunedort.bekondo\AppData\Roaming\npm;., java.vendor=Oracle Corporation, java.vm.info=mixed mode, java.vm.version=25.321-b07, hibernate.bytecode.use_reflection_optimizer=false, sun.io.unicode.encoding=UnicodeLittle, java.ext.dirs=C:\Program Files\Java\jdk1.8.0_321\jre\lib\ext;C:\WINDOWS\Sun\Java\lib\ext, hibernate.connection.datasource=HikariDataSource (HikariPool-1), java.class.version=52.0}
11:35:17.496 [main] INFO org.hibernate.validator.internal.util.Version - HV000001: Hibernate Validator 6.2.2.Final
11:35:17.496 [main] DEBUG org.hibernate.validator.internal.xml.config.ValidationXmlParser - Trying to load META-INF/validation.xml for XML based Validator configuration.
11:35:17.496 [main] DEBUG org.hibernate.validator.internal.xml.config.ResourceLoaderHelper - Trying to load META-INF/validation.xml via TCCL
11:35:17.496 [main] DEBUG org.hibernate.validator.internal.xml.config.ResourceLoaderHelper - Trying to load META-INF/validation.xml via Hibernate Validator's class loader
11:35:17.496 [main] DEBUG org.hibernate.validator.internal.xml.config.ValidationXmlParser - No META-INF/validation.xml found. Using annotation based configuration only.
11:35:17.514 [main] DEBUG org.hibernate.validator.internal.engine.resolver.TraversableResolvers - Found javax.persistence.Persistence on classpath containing 'getPersistenceUtil'. Assuming JPA 2 environment. Trying to instantiate JPA aware TraversableResolver
11:35:17.514 [main] DEBUG org.hibernate.validator.internal.engine.resolver.TraversableResolvers - Instantiated JPA aware TraversableResolver of type org.hibernate.validator.internal.engine.resolver.JPATraversableResolver.
11:35:17.543 [main] DEBUG org.hibernate.validator.messageinterpolation.ResourceBundleMessageInterpolator - Loaded expression factory via original TCCL
11:35:17.664 [main] DEBUG org.hibernate.validator.internal.engine.ValidatorFactoryConfigurationHelper - HV000252: Using org.hibernate.validator.internal.engine.DefaultPropertyNodeNameProvider as property node name provider.
11:35:17.680 [main] DEBUG org.hibernate.validator.internal.engine.ValidatorFactoryConfigurationHelper - HV000234: Using org.hibernate.validator.messageinterpolation.ResourceBundleMessageInterpolator as ValidatorFactory-scoped message interpolator.
11:35:17.680 [main] DEBUG org.hibernate.validator.internal.engine.ValidatorFactoryConfigurationHelper - HV000234: Using org.hibernate.validator.internal.engine.resolver.JPATraversableResolver as ValidatorFactory-scoped traversable resolver.
11:35:17.680 [main] DEBUG org.hibernate.validator.internal.engine.ValidatorFactoryConfigurationHelper - HV000234: Using org.hibernate.validator.internal.util.ExecutableParameterNameProvider as ValidatorFactory-scoped parameter name provider.
11:35:17.680 [main] DEBUG org.hibernate.validator.internal.engine.ValidatorFactoryConfigurationHelper - HV000234: Using org.hibernate.validator.internal.engine.DefaultClockProvider as ValidatorFactory-scoped clock provider.
11:35:17.680 [main] DEBUG org.hibernate.validator.internal.engine.ValidatorFactoryConfigurationHelper - HV000234: Using org.hibernate.validator.internal.engine.scripting.DefaultScriptEvaluatorFactory as ValidatorFactory-scoped script evaluator factory.
11:35:17.680 [main] DEBUG org.hibernate.boot.internal.ClassLoaderAccessImpl - Not known whether passed class name [cm.pak.models.security.AccesRigth] is safe
11:35:17.680 [main] DEBUG org.hibernate.boot.internal.ClassLoaderAccessImpl - No temp ClassLoader provided; using live ClassLoader for loading potentially unsafe class : cm.pak.models.security.AccesRigth
11:35:17.742 [main] DEBUG org.hibernate.boot.internal.ClassLoaderAccessImpl - Not known whether passed class name [cm.pak.models.core.ExtensionModel] is safe
11:35:17.742 [main] DEBUG org.hibernate.boot.internal.ClassLoaderAccessImpl - No temp ClassLoader provided; using live ClassLoader for loading potentially unsafe class : cm.pak.models.core.ExtensionModel
11:35:17.764 [main] DEBUG org.hibernate.boot.internal.ClassLoaderAccessImpl - Not known whether passed class name [cm.pak.models.security.GroupeModel] is safe
11:35:17.764 [main] DEBUG org.hibernate.boot.internal.ClassLoaderAccessImpl - No temp ClassLoader provided; using live ClassLoader for loading potentially unsafe class : cm.pak.models.security.GroupeModel
11:35:17.764 [main] DEBUG org.hibernate.boot.internal.ClassLoaderAccessImpl - Not known whether passed class name [cm.pak.models.security.UserModel] is safe
11:35:17.764 [main] DEBUG org.hibernate.boot.internal.ClassLoaderAccessImpl - No temp ClassLoader provided; using live ClassLoader for loading potentially unsafe class : cm.pak.models.security.UserModel
11:35:17.780 [main] DEBUG org.hibernate.service.internal.SessionFactoryServiceRegistryImpl - EventListenerRegistry access via ServiceRegistry is deprecated.  Use `sessionFactory.getEventEngine().getListenerRegistry()` instead
11:35:17.780 [main] DEBUG org.hibernate.secure.spi.JaccIntegrator - Skipping JACC integration as it was not enabled
11:35:17.780 [main] DEBUG org.hibernate.internal.SessionFactoryImpl - Instantiated session factory
11:35:17.780 [main] DEBUG org.hibernate.type.spi.TypeConfiguration$Scope - Scoping TypeConfiguration [org.hibernate.type.spi.TypeConfiguration@511d5d04] to SessionFactoryImpl [org.hibernate.internal.SessionFactoryImpl@4a163575]
11:35:17.864 [main] DEBUG org.hibernate.boot.internal.ClassLoaderAccessImpl - Not known whether passed class name [cm.pak.models.security.AccesRigth] is safe
11:35:17.864 [main] DEBUG org.hibernate.boot.internal.ClassLoaderAccessImpl - No temp ClassLoader provided; using live ClassLoader for loading potentially unsafe class : cm.pak.models.security.AccesRigth
11:35:18.143 [main] DEBUG org.hibernate.boot.internal.ClassLoaderAccessImpl - Not known whether passed class name [cm.pak.models.core.ExtensionModel] is safe
11:35:18.143 [main] DEBUG org.hibernate.boot.internal.ClassLoaderAccessImpl - No temp ClassLoader provided; using live ClassLoader for loading potentially unsafe class : cm.pak.models.core.ExtensionModel
11:35:18.181 [main] DEBUG org.hibernate.orm.bytecode.interceptor - To-one property `cm.pak.models.security.GroupeModel#plugin` was mapped with LAZY + NO_PROXY but the class was not enhanced
11:35:18.181 [main] DEBUG org.hibernate.orm.bytecode.interceptor - To-one property `cm.pak.models.security.GroupeModel#plugin` was mapped with LAZY + NO_PROXY but the class was not enhanced
11:35:18.181 [main] DEBUG org.hibernate.boot.internal.ClassLoaderAccessImpl - Not known whether passed class name [cm.pak.models.security.GroupeModel] is safe
11:35:18.181 [main] DEBUG org.hibernate.boot.internal.ClassLoaderAccessImpl - No temp ClassLoader provided; using live ClassLoader for loading potentially unsafe class : cm.pak.models.security.GroupeModel
11:35:18.181 [main] DEBUG org.hibernate.orm.bytecode.interceptor - To-one property `cm.pak.models.security.GroupeModel#plugin` was mapped with LAZY + NO_PROXY but the class was not enhanced
11:35:18.181 [main] DEBUG org.hibernate.orm.bytecode.interceptor - To-one property `cm.pak.models.security.GroupeModel#plugin` was mapped with LAZY + NO_PROXY but the class was not enhanced
11:35:18.197 [main] DEBUG org.hibernate.orm.bytecode.interceptor - To-one property `cm.pak.models.security.UserModel#groupeModel` was mapped with LAZY + NO_PROXY but the class was not enhanced
11:35:18.197 [main] DEBUG org.hibernate.orm.bytecode.interceptor - To-one property `cm.pak.models.security.UserModel#groupeModel` was mapped with LAZY + NO_PROXY but the class was not enhanced
11:35:18.197 [main] DEBUG org.hibernate.boot.internal.ClassLoaderAccessImpl - Not known whether passed class name [cm.pak.models.security.UserModel] is safe
11:35:18.197 [main] DEBUG org.hibernate.boot.internal.ClassLoaderAccessImpl - No temp ClassLoader provided; using live ClassLoader for loading potentially unsafe class : cm.pak.models.security.UserModel
11:35:18.212 [main] DEBUG org.hibernate.orm.bytecode.interceptor - To-one property `cm.pak.models.security.UserModel#groupeModel` was mapped with LAZY + NO_PROXY but the class was not enhanced
11:35:18.212 [main] DEBUG org.hibernate.orm.bytecode.interceptor - To-one property `cm.pak.models.security.UserModel#groupeModel` was mapped with LAZY + NO_PROXY but the class was not enhanced
11:35:18.228 [main] DEBUG org.hibernate.persister.collection.AbstractCollectionPersister - Static SQL for collection: cm.pak.models.security.GroupeModel.rigths
11:35:18.228 [main] DEBUG org.hibernate.persister.collection.AbstractCollectionPersister -  Row insert: update t_acri set t_ac=? where p_pk=?
11:35:18.228 [main] DEBUG org.hibernate.persister.collection.AbstractCollectionPersister -  Row update: update t_acri set  where p_pk=?
11:35:18.228 [main] DEBUG org.hibernate.persister.collection.AbstractCollectionPersister -  Row delete: update t_acri set t_ac=null where t_ac=? and p_pk=?
11:35:18.228 [main] DEBUG org.hibernate.persister.collection.AbstractCollectionPersister -  One-shot delete: update t_acri set t_ac=null where t_ac=?
11:35:18.228 [main] DEBUG org.hibernate.persister.collection.AbstractCollectionPersister - Static SQL for collection: cm.pak.models.core.ExtensionModel.depends
11:35:18.228 [main] DEBUG org.hibernate.persister.collection.AbstractCollectionPersister -  Row insert: insert into ExtensionModel_depends (ExtensionModel_p_pk, depends) values (?, ?)
11:35:18.228 [main] DEBUG org.hibernate.persister.collection.AbstractCollectionPersister -  Row update: update ExtensionModel_depends set depends=? where ExtensionModel_p_pk=? and depends=?
11:35:18.228 [main] DEBUG org.hibernate.persister.collection.AbstractCollectionPersister -  Row delete: delete from ExtensionModel_depends where ExtensionModel_p_pk=? and depends=?
11:35:18.228 [main] DEBUG org.hibernate.persister.collection.AbstractCollectionPersister -  One-shot delete: delete from ExtensionModel_depends where ExtensionModel_p_pk=?
11:35:18.243 [main] DEBUG org.hibernate.persister.entity.AbstractEntityPersister - Static SQL for entity: cm.pak.models.security.AccesRigth
11:35:18.243 [main] DEBUG org.hibernate.persister.entity.AbstractEntityPersister -  Version select: select p_pk from t_acri where p_pk =?
11:35:18.243 [main] DEBUG org.hibernate.persister.entity.AbstractEntityPersister -  Snapshot select: select accesrigth_.p_pk, accesrigth_.p_update as p_update3_1_, accesrigth_.t_cre as t_cre4_1_, accesrigth_.t_del as t_del5_1_, accesrigth_.t_rea as t_rea6_1_, accesrigth_.t_wri as t_wri7_1_, accesrigth_.t_lab as t_lab8_1_, accesrigth_.t_nam as t_nam9_1_ from t_acri accesrigth_ where accesrigth_.p_pk=?
11:35:18.243 [main] DEBUG org.hibernate.persister.entity.AbstractEntityPersister -  Insert 0: insert into t_acri (p_create, p_update, t_cre, t_del, t_rea, t_wri, t_lab, t_nam, p_pk) values (?, ?, ?, ?, ?, ?, ?, ?, ?)
11:35:18.243 [main] DEBUG org.hibernate.persister.entity.AbstractEntityPersister -  Update 0: update t_acri set p_update=?, t_cre=?, t_del=?, t_rea=?, t_wri=?, t_lab=?, t_nam=? where p_pk=?
11:35:18.243 [main] DEBUG org.hibernate.persister.entity.AbstractEntityPersister -  Delete 0: delete from t_acri where p_pk=?
11:35:18.243 [main] DEBUG org.hibernate.persister.entity.AbstractEntityPersister -  Identity insert: insert into t_acri (p_pk, p_create, p_update, t_cre, t_del, t_rea, t_wri, t_lab, t_nam) values (default, ?, ?, ?, ?, ?, ?, ?, ?)
11:35:18.281 [main] DEBUG org.hibernate.loader.plan.build.internal.spaces.QuerySpacesImpl - Adding QuerySpace : uid = <gen:0> -> org.hibernate.loader.plan.build.internal.spaces.EntityQuerySpaceImpl@1642eeae]
11:35:18.297 [main] DEBUG org.hibernate.persister.walking.spi.MetamodelGraphWalker - Visiting attribute path : create
11:35:18.297 [main] DEBUG org.hibernate.persister.walking.spi.MetamodelGraphWalker - Visiting attribute path : update
11:35:18.297 [main] DEBUG org.hibernate.persister.walking.spi.MetamodelGraphWalker - Visiting attribute path : cancreate
11:35:18.297 [main] DEBUG org.hibernate.persister.walking.spi.MetamodelGraphWalker - Visiting attribute path : candelete
11:35:18.297 [main] DEBUG org.hibernate.persister.walking.spi.MetamodelGraphWalker - Visiting attribute path : canread
11:35:18.297 [main] DEBUG org.hibernate.persister.walking.spi.MetamodelGraphWalker - Visiting attribute path : canwrite
11:35:18.297 [main] DEBUG org.hibernate.persister.walking.spi.MetamodelGraphWalker - Visiting attribute path : label
11:35:18.297 [main] DEBUG org.hibernate.persister.walking.spi.MetamodelGraphWalker - Visiting attribute path : name
11:35:18.297 [main] DEBUG org.hibernate.loader.plan.build.internal.FetchStyleLoadPlanBuildingAssociationVisitationStrategy - Building LoadPlan...
11:35:18.312 [main] DEBUG org.hibernate.loader.plan.exec.internal.LoadQueryJoinAndFetchProcessor - processing queryspace <gen:0>
11:35:18.312 [main] DEBUG org.hibernate.loader.plan.build.spi.LoadPlanTreePrinter - LoadPlan(entity=cm.pak.models.security.AccesRigth)
    - Returns
       - EntityReturnImpl(entity=cm.pak.models.security.AccesRigth, querySpaceUid=<gen:0>, path=cm.pak.models.security.AccesRigth)
    - QuerySpaces
       - EntityQuerySpaceImpl(uid=<gen:0>, entity=cm.pak.models.security.AccesRigth)
          - SQL table alias mapping - accesrigth0_
          - alias suffix - 0_
          - suffixed key columns - {p_pk1_1_0_}

11:35:18.312 [main] DEBUG org.hibernate.loader.entity.plan.EntityLoader - Static select for entity cm.pak.models.security.AccesRigth [NONE]: select accesrigth0_.p_pk as p_pk1_1_0_, accesrigth0_.p_create as p_create2_1_0_, accesrigth0_.p_update as p_update3_1_0_, accesrigth0_.t_cre as t_cre4_1_0_, accesrigth0_.t_del as t_del5_1_0_, accesrigth0_.t_rea as t_rea6_1_0_, accesrigth0_.t_wri as t_wri7_1_0_, accesrigth0_.t_lab as t_lab8_1_0_, accesrigth0_.t_nam as t_nam9_1_0_ from t_acri accesrigth0_ where accesrigth0_.p_pk=?
11:35:18.312 [main] DEBUG org.hibernate.persister.entity.AbstractEntityPersister - Static SQL for entity: cm.pak.models.core.ExtensionModel
11:35:18.312 [main] DEBUG org.hibernate.persister.entity.AbstractEntityPersister -  Version select: select p_pk from t_ext where p_pk =?
11:35:18.312 [main] DEBUG org.hibernate.persister.entity.AbstractEntityPersister -  Snapshot select: select extensionm_.p_pk, extensionm_.p_update as p_update3_2_, extensionm_.t_inst as t_inst5_2_, extensionm_.t_longD as t_longd6_2_, extensionm_.t_owne as t_owne7_2_, extensionm_.sequence as sequence8_2_, extensionm_.t_shortD as t_shortd9_2_, extensionm_.t_vers as t_vers10_2_ from t_ext extensionm_ where extensionm_.p_pk=?
11:35:18.312 [main] DEBUG org.hibernate.persister.entity.AbstractEntityPersister -  Insert 0: insert into t_ext (p_create, p_update, t_code, t_inst, t_longD, t_owne, sequence, t_shortD, t_vers, p_pk) values (?, ?, ?, ?, ?, ?, ?, ?, ?, ?)
11:35:18.312 [main] DEBUG org.hibernate.persister.entity.AbstractEntityPersister -  Update 0: update t_ext set p_update=?, t_inst=?, t_longD=?, t_owne=?, sequence=?, t_shortD=?, t_vers=? where p_pk=?
11:35:18.312 [main] DEBUG org.hibernate.persister.entity.AbstractEntityPersister -  Delete 0: delete from t_ext where p_pk=?
11:35:18.312 [main] DEBUG org.hibernate.persister.entity.AbstractEntityPersister -  Identity insert: insert into t_ext (p_pk, p_create, p_update, t_code, t_inst, t_longD, t_owne, sequence, t_shortD, t_vers) values (default, ?, ?, ?, ?, ?, ?, ?, ?, ?)
11:35:18.312 [main] DEBUG org.hibernate.loader.plan.build.internal.spaces.QuerySpacesImpl - Adding QuerySpace : uid = <gen:0> -> org.hibernate.loader.plan.build.internal.spaces.EntityQuerySpaceImpl@6a1d526c]
11:35:18.312 [main] DEBUG org.hibernate.persister.walking.spi.MetamodelGraphWalker - Visiting attribute path : create
11:35:18.312 [main] DEBUG org.hibernate.persister.walking.spi.MetamodelGraphWalker - Visiting attribute path : update
11:35:18.312 [main] DEBUG org.hibernate.persister.walking.spi.MetamodelGraphWalker - Visiting attribute path : code
11:35:18.312 [main] DEBUG org.hibernate.persister.walking.spi.MetamodelGraphWalker - Visiting attribute path : depends
11:35:18.328 [main] DEBUG org.hibernate.loader.plan.build.internal.spaces.QuerySpacesImpl - Adding QuerySpace : uid = <gen:1> -> org.hibernate.loader.plan.build.internal.spaces.CollectionQuerySpaceImpl@6274670b]
11:35:18.328 [main] DEBUG org.hibernate.persister.walking.spi.MetamodelGraphWalker - Visiting attribute path : install
11:35:18.328 [main] DEBUG org.hibernate.persister.walking.spi.MetamodelGraphWalker - Visiting attribute path : longDescription
11:35:18.328 [main] DEBUG org.hibernate.persister.walking.spi.MetamodelGraphWalker - Visiting attribute path : owner
11:35:18.328 [main] DEBUG org.hibernate.persister.walking.spi.MetamodelGraphWalker - Visiting attribute path : sequence
11:35:18.328 [main] DEBUG org.hibernate.persister.walking.spi.MetamodelGraphWalker - Visiting attribute path : shortDescription
11:35:18.328 [main] DEBUG org.hibernate.persister.walking.spi.MetamodelGraphWalker - Visiting attribute path : version
11:35:18.328 [main] DEBUG org.hibernate.loader.plan.build.internal.FetchStyleLoadPlanBuildingAssociationVisitationStrategy - Building LoadPlan...
11:35:18.328 [main] DEBUG org.hibernate.loader.plan.exec.internal.LoadQueryJoinAndFetchProcessor - processing queryspace <gen:0>
11:35:18.328 [main] DEBUG org.hibernate.loader.plan.build.spi.LoadPlanTreePrinter - LoadPlan(entity=cm.pak.models.core.ExtensionModel)
    - Returns
       - EntityReturnImpl(entity=cm.pak.models.core.ExtensionModel, querySpaceUid=<gen:0>, path=cm.pak.models.core.ExtensionModel)
          - CollectionAttributeFetchImpl(collection=cm.pak.models.core.ExtensionModel.depends, querySpaceUid=<gen:1>, path=cm.pak.models.core.ExtensionModel.depends)
    - QuerySpaces
       - EntityQuerySpaceImpl(uid=<gen:0>, entity=cm.pak.models.core.ExtensionModel)
          - SQL table alias mapping - extensionm0_
          - alias suffix - 0_
          - suffixed key columns - {p_pk1_2_0_}

11:35:18.328 [main] DEBUG org.hibernate.loader.entity.plan.EntityLoader - Static select for entity cm.pak.models.core.ExtensionModel [NONE]: select extensionm0_.p_pk as p_pk1_2_0_, extensionm0_.p_create as p_create2_2_0_, extensionm0_.p_update as p_update3_2_0_, extensionm0_.t_code as t_code4_2_0_, extensionm0_.t_inst as t_inst5_2_0_, extensionm0_.t_longD as t_longd6_2_0_, extensionm0_.t_owne as t_owne7_2_0_, extensionm0_.sequence as sequence8_2_0_, extensionm0_.t_shortD as t_shortd9_2_0_, extensionm0_.t_vers as t_vers10_2_0_ from t_ext extensionm0_ where extensionm0_.p_pk=?
11:35:18.328 [main] DEBUG org.hibernate.persister.entity.AbstractEntityPersister - Static SQL for entity: cm.pak.models.security.GroupeModel
11:35:18.328 [main] DEBUG org.hibernate.persister.entity.AbstractEntityPersister -  Version select: select p_pk from t_group where p_pk =?
11:35:18.328 [main] DEBUG org.hibernate.persister.entity.AbstractEntityPersister -  Snapshot select: select groupemode_.p_pk, groupemode_.p_update as p_update3_3_, groupemode_.t_code as t_code4_3_, groupemode_.t_inti as t_inti5_3_, groupemode_.plugin_p_pk as plugin_p6_3_ from t_group groupemode_ where groupemode_.p_pk=?
11:35:18.328 [main] DEBUG org.hibernate.persister.entity.AbstractEntityPersister -  Insert 0: insert into t_group (p_create, p_update, t_code, t_inti, plugin_p_pk, p_pk) values (?, ?, ?, ?, ?, ?)
11:35:18.328 [main] DEBUG org.hibernate.persister.entity.AbstractEntityPersister -  Update 0: update t_group set p_update=?, t_code=?, t_inti=?, plugin_p_pk=? where p_pk=?
11:35:18.328 [main] DEBUG org.hibernate.persister.entity.AbstractEntityPersister -  Delete 0: delete from t_group where p_pk=?
11:35:18.328 [main] DEBUG org.hibernate.persister.entity.AbstractEntityPersister -  Identity insert: insert into t_group (p_pk, p_create, p_update, t_code, t_inti, plugin_p_pk) values (default, ?, ?, ?, ?, ?)
11:35:18.328 [main] DEBUG org.hibernate.loader.plan.build.internal.spaces.QuerySpacesImpl - Adding QuerySpace : uid = <gen:0> -> org.hibernate.loader.plan.build.internal.spaces.EntityQuerySpaceImpl@1860f3be]
11:35:18.328 [main] DEBUG org.hibernate.persister.walking.spi.MetamodelGraphWalker - Visiting attribute path : create
11:35:18.328 [main] DEBUG org.hibernate.persister.walking.spi.MetamodelGraphWalker - Visiting attribute path : update
11:35:18.328 [main] DEBUG org.hibernate.persister.walking.spi.MetamodelGraphWalker - Visiting attribute path : code
11:35:18.328 [main] DEBUG org.hibernate.persister.walking.spi.MetamodelGraphWalker - Visiting attribute path : intitule
11:35:18.328 [main] DEBUG org.hibernate.persister.walking.spi.MetamodelGraphWalker - Visiting attribute path : plugin
11:35:18.328 [main] DEBUG org.hibernate.loader.plan.build.internal.spaces.QuerySpacesImpl - Adding QuerySpace : uid = <gen:1> -> org.hibernate.loader.plan.build.internal.spaces.EntityQuerySpaceImpl@78cfa264]
11:35:18.344 [main] DEBUG org.hibernate.persister.walking.spi.MetamodelGraphWalker - Visiting attribute path : plugin.create
11:35:18.344 [main] DEBUG org.hibernate.persister.walking.spi.MetamodelGraphWalker - Visiting attribute path : plugin.update
11:35:18.344 [main] DEBUG org.hibernate.persister.walking.spi.MetamodelGraphWalker - Visiting attribute path : plugin.code
11:35:18.344 [main] DEBUG org.hibernate.persister.walking.spi.MetamodelGraphWalker - Visiting attribute path : plugin.depends
11:35:18.344 [main] DEBUG org.hibernate.loader.plan.build.internal.spaces.QuerySpacesImpl - Adding QuerySpace : uid = <gen:2> -> org.hibernate.loader.plan.build.internal.spaces.CollectionQuerySpaceImpl@5649d11a]
11:35:18.344 [main] DEBUG org.hibernate.persister.walking.spi.MetamodelGraphWalker - Visiting attribute path : plugin.install
11:35:18.344 [main] DEBUG org.hibernate.persister.walking.spi.MetamodelGraphWalker - Visiting attribute path : plugin.longDescription
11:35:18.344 [main] DEBUG org.hibernate.persister.walking.spi.MetamodelGraphWalker - Visiting attribute path : plugin.owner
11:35:18.344 [main] DEBUG org.hibernate.persister.walking.spi.MetamodelGraphWalker - Visiting attribute path : plugin.sequence
11:35:18.344 [main] DEBUG org.hibernate.persister.walking.spi.MetamodelGraphWalker - Visiting attribute path : plugin.shortDescription
11:35:18.344 [main] DEBUG org.hibernate.persister.walking.spi.MetamodelGraphWalker - Visiting attribute path : plugin.version
11:35:18.344 [main] DEBUG org.hibernate.persister.walking.spi.MetamodelGraphWalker - Visiting attribute path : rigths
11:35:18.344 [main] DEBUG org.hibernate.loader.plan.build.internal.spaces.QuerySpacesImpl - Adding QuerySpace : uid = <gen:3> -> org.hibernate.loader.plan.build.internal.spaces.CollectionQuerySpaceImpl@3ddb774f]
11:35:18.344 [main] DEBUG org.hibernate.loader.plan.build.internal.spaces.QuerySpacesImpl - Adding QuerySpace : uid = <gen:4> -> org.hibernate.loader.plan.build.internal.spaces.EntityQuerySpaceImpl@2582b0ef]
11:35:18.344 [main] DEBUG org.hibernate.persister.walking.spi.MetamodelGraphWalker - Visiting attribute path : rigths.create
11:35:18.344 [main] DEBUG org.hibernate.persister.walking.spi.MetamodelGraphWalker - Visiting attribute path : rigths.update
11:35:18.344 [main] DEBUG org.hibernate.persister.walking.spi.MetamodelGraphWalker - Visiting attribute path : rigths.cancreate
11:35:18.344 [main] DEBUG org.hibernate.persister.walking.spi.MetamodelGraphWalker - Visiting attribute path : rigths.candelete
11:35:18.344 [main] DEBUG org.hibernate.persister.walking.spi.MetamodelGraphWalker - Visiting attribute path : rigths.canread
11:35:18.344 [main] DEBUG org.hibernate.persister.walking.spi.MetamodelGraphWalker - Visiting attribute path : rigths.canwrite
11:35:18.344 [main] DEBUG org.hibernate.persister.walking.spi.MetamodelGraphWalker - Visiting attribute path : rigths.label
11:35:18.344 [main] DEBUG org.hibernate.persister.walking.spi.MetamodelGraphWalker - Visiting attribute path : rigths.name
11:35:18.344 [main] DEBUG org.hibernate.loader.plan.build.internal.FetchStyleLoadPlanBuildingAssociationVisitationStrategy - Building LoadPlan...
11:35:18.344 [main] DEBUG org.hibernate.loader.plan.exec.internal.LoadQueryJoinAndFetchProcessor - processing queryspace <gen:0>
11:35:18.344 [main] DEBUG org.hibernate.loader.plan.build.spi.LoadPlanTreePrinter - LoadPlan(entity=cm.pak.models.security.GroupeModel)
    - Returns
       - EntityReturnImpl(entity=cm.pak.models.security.GroupeModel, querySpaceUid=<gen:0>, path=cm.pak.models.security.GroupeModel)
          - EntityAttributeFetchImpl(entity=cm.pak.models.core.ExtensionModel, querySpaceUid=<gen:1>, path=cm.pak.models.security.GroupeModel.plugin)
             - CollectionAttributeFetchImpl(collection=cm.pak.models.core.ExtensionModel.depends, querySpaceUid=<gen:2>, path=cm.pak.models.security.GroupeModel.plugin.depends)
          - CollectionAttributeFetchImpl(collection=cm.pak.models.security.GroupeModel.rigths, querySpaceUid=<gen:3>, path=cm.pak.models.security.GroupeModel.rigths)
             - (collection element) CollectionFetchableElementEntityGraph(entity=cm.pak.models.security.AccesRigth, querySpaceUid=<gen:4>, path=cm.pak.models.security.GroupeModel.rigths.<elements>)
    - QuerySpaces
       - EntityQuerySpaceImpl(uid=<gen:0>, entity=cm.pak.models.security.GroupeModel)
          - SQL table alias mapping - groupemode0_
          - alias suffix - 0_
          - suffixed key columns - {p_pk1_3_0_}
          - JOIN (JoinDefinedByMetadata(plugin)) : <gen:0> -> <gen:1>
             - EntityQuerySpaceImpl(uid=<gen:1>, entity=cm.pak.models.core.ExtensionModel)
                - SQL table alias mapping - extensionm1_
                - alias suffix - 1_
                - suffixed key columns - {p_pk1_2_1_}
          - JOIN (JoinDefinedByMetadata(rigths)) : <gen:0> -> <gen:3>
             - CollectionQuerySpaceImpl(uid=<gen:3>, collection=cm.pak.models.security.GroupeModel.rigths)
                - SQL table alias mapping - rigths2_
                - alias suffix - 2_
                - suffixed key columns - {t_ac10_1_2_}
                - entity-element alias suffix - 3_
                - 3_entity-element suffixed key columns - p_pk1_1_3_
                - JOIN (JoinDefinedByMetadata(elements)) : <gen:3> -> <gen:4>
                   - EntityQuerySpaceImpl(uid=<gen:4>, entity=cm.pak.models.security.AccesRigth)
                      - SQL table alias mapping - rigths2_
                      - alias suffix - 3_
                      - suffixed key columns - {p_pk1_1_3_}

11:35:18.344 [main] DEBUG org.hibernate.loader.entity.plan.EntityLoader - Static select for entity cm.pak.models.security.GroupeModel [NONE]: select groupemode0_.p_pk as p_pk1_3_0_, groupemode0_.p_create as p_create2_3_0_, groupemode0_.p_update as p_update3_3_0_, groupemode0_.t_code as t_code4_3_0_, groupemode0_.t_inti as t_inti5_3_0_, groupemode0_.plugin_p_pk as plugin_p6_3_0_, extensionm1_.p_pk as p_pk1_2_1_, extensionm1_.p_create as p_create2_2_1_, extensionm1_.p_update as p_update3_2_1_, extensionm1_.t_code as t_code4_2_1_, extensionm1_.t_inst as t_inst5_2_1_, extensionm1_.t_longD as t_longd6_2_1_, extensionm1_.t_owne as t_owne7_2_1_, extensionm1_.sequence as sequence8_2_1_, extensionm1_.t_shortD as t_shortd9_2_1_, extensionm1_.t_vers as t_vers10_2_1_, rigths2_.t_ac as t_ac10_1_2_, rigths2_.p_pk as p_pk1_1_2_, rigths2_.p_pk as p_pk1_1_3_, rigths2_.p_create as p_create2_1_3_, rigths2_.p_update as p_update3_1_3_, rigths2_.t_cre as t_cre4_1_3_, rigths2_.t_del as t_del5_1_3_, rigths2_.t_rea as t_rea6_1_3_, rigths2_.t_wri as t_wri7_1_3_, rigths2_.t_lab as t_lab8_1_3_, rigths2_.t_nam as t_nam9_1_3_ from t_group groupemode0_ left outer join t_ext extensionm1_ on groupemode0_.plugin_p_pk=extensionm1_.p_pk left outer join t_acri rigths2_ on groupemode0_.p_pk=rigths2_.t_ac where groupemode0_.p_pk=?
11:35:18.344 [main] DEBUG org.hibernate.persister.entity.AbstractEntityPersister - Static SQL for entity: cm.pak.models.security.UserModel
11:35:18.344 [main] DEBUG org.hibernate.persister.entity.AbstractEntityPersister -  Version select: select p_pk from T_USER where p_pk =?
11:35:18.344 [main] DEBUG org.hibernate.persister.entity.AbstractEntityPersister -  Snapshot select: select usermodel_.p_pk, usermodel_.p_update as p_update3_4_, usermodel_.p_categ as p_categ4_4_, usermodel_.p_code as p_code5_4_, usermodel_.p_genre as p_genre6_4_, usermodel_.group_id as group_id9_4_, usermodel_.p_name as p_name7_4_, usermodel_.t_pwd as t_pwd8_4_ from T_USER usermodel_ where usermodel_.p_pk=?
11:35:18.344 [main] DEBUG org.hibernate.persister.entity.AbstractEntityPersister -  Insert 0: insert into T_USER (p_create, p_update, p_categ, p_code, p_genre, group_id, p_name, t_pwd, p_pk) values (?, ?, ?, ?, ?, ?, ?, ?, ?)
11:35:18.344 [main] DEBUG org.hibernate.persister.entity.AbstractEntityPersister -  Update 0: update T_USER set p_update=?, p_categ=?, p_code=?, p_genre=?, group_id=?, p_name=?, t_pwd=? where p_pk=?
11:35:18.344 [main] DEBUG org.hibernate.persister.entity.AbstractEntityPersister -  Delete 0: delete from T_USER where p_pk=?
11:35:18.344 [main] DEBUG org.hibernate.persister.entity.AbstractEntityPersister -  Identity insert: insert into T_USER (p_pk, p_create, p_update, p_categ, p_code, p_genre, group_id, p_name, t_pwd) values (default, ?, ?, ?, ?, ?, ?, ?, ?)
11:35:18.344 [main] DEBUG org.hibernate.loader.plan.build.internal.spaces.QuerySpacesImpl - Adding QuerySpace : uid = <gen:0> -> org.hibernate.loader.plan.build.internal.spaces.EntityQuerySpaceImpl@d4df0e]
11:35:18.344 [main] DEBUG org.hibernate.persister.walking.spi.MetamodelGraphWalker - Visiting attribute path : create
11:35:18.344 [main] DEBUG org.hibernate.persister.walking.spi.MetamodelGraphWalker - Visiting attribute path : update
11:35:18.344 [main] DEBUG org.hibernate.persister.walking.spi.MetamodelGraphWalker - Visiting attribute path : categorie
11:35:18.344 [main] DEBUG org.hibernate.persister.walking.spi.MetamodelGraphWalker - Visiting attribute path : code
11:35:18.344 [main] DEBUG org.hibernate.persister.walking.spi.MetamodelGraphWalker - Visiting attribute path : genre
11:35:18.344 [main] DEBUG org.hibernate.persister.walking.spi.MetamodelGraphWalker - Visiting attribute path : groupeModel
11:35:18.344 [main] DEBUG org.hibernate.loader.plan.build.internal.spaces.QuerySpacesImpl - Adding QuerySpace : uid = <gen:1> -> org.hibernate.loader.plan.build.internal.spaces.EntityQuerySpaceImpl@de7e193]
11:35:18.344 [main] DEBUG org.hibernate.persister.walking.spi.MetamodelGraphWalker - Visiting attribute path : groupeModel.create
11:35:18.344 [main] DEBUG org.hibernate.persister.walking.spi.MetamodelGraphWalker - Visiting attribute path : groupeModel.update
11:35:18.344 [main] DEBUG org.hibernate.persister.walking.spi.MetamodelGraphWalker - Visiting attribute path : groupeModel.code
11:35:18.344 [main] DEBUG org.hibernate.persister.walking.spi.MetamodelGraphWalker - Visiting attribute path : groupeModel.intitule
11:35:18.344 [main] DEBUG org.hibernate.persister.walking.spi.MetamodelGraphWalker - Visiting attribute path : groupeModel.plugin
11:35:18.344 [main] DEBUG org.hibernate.loader.plan.build.internal.spaces.QuerySpacesImpl - Adding QuerySpace : uid = <gen:2> -> org.hibernate.loader.plan.build.internal.spaces.EntityQuerySpaceImpl@35ef439e]
11:35:18.344 [main] DEBUG org.hibernate.persister.walking.spi.MetamodelGraphWalker - Visiting attribute path : groupeModel.plugin.create
11:35:18.344 [main] DEBUG org.hibernate.persister.walking.spi.MetamodelGraphWalker - Visiting attribute path : groupeModel.plugin.update
11:35:18.344 [main] DEBUG org.hibernate.persister.walking.spi.MetamodelGraphWalker - Visiting attribute path : groupeModel.plugin.code
11:35:18.344 [main] DEBUG org.hibernate.persister.walking.spi.MetamodelGraphWalker - Visiting attribute path : groupeModel.plugin.depends
11:35:18.344 [main] DEBUG org.hibernate.loader.plan.build.internal.spaces.QuerySpacesImpl - Adding QuerySpace : uid = <gen:3> -> org.hibernate.loader.plan.build.internal.spaces.CollectionQuerySpaceImpl@7bcecef6]
11:35:18.344 [main] DEBUG org.hibernate.persister.walking.spi.MetamodelGraphWalker - Visiting attribute path : groupeModel.plugin.install
11:35:18.344 [main] DEBUG org.hibernate.persister.walking.spi.MetamodelGraphWalker - Visiting attribute path : groupeModel.plugin.longDescription
11:35:18.344 [main] DEBUG org.hibernate.persister.walking.spi.MetamodelGraphWalker - Visiting attribute path : groupeModel.plugin.owner
11:35:18.344 [main] DEBUG org.hibernate.persister.walking.spi.MetamodelGraphWalker - Visiting attribute path : groupeModel.plugin.sequence
11:35:18.344 [main] DEBUG org.hibernate.persister.walking.spi.MetamodelGraphWalker - Visiting attribute path : groupeModel.plugin.shortDescription
11:35:18.344 [main] DEBUG org.hibernate.persister.walking.spi.MetamodelGraphWalker - Visiting attribute path : groupeModel.plugin.version
11:35:18.344 [main] DEBUG org.hibernate.persister.walking.spi.MetamodelGraphWalker - Visiting attribute path : groupeModel.rigths
11:35:18.344 [main] DEBUG org.hibernate.loader.plan.build.internal.spaces.QuerySpacesImpl - Adding QuerySpace : uid = <gen:4> -> org.hibernate.loader.plan.build.internal.spaces.CollectionQuerySpaceImpl@46046c06]
11:35:18.344 [main] DEBUG org.hibernate.loader.plan.build.internal.spaces.QuerySpacesImpl - Adding QuerySpace : uid = <gen:5> -> org.hibernate.loader.plan.build.internal.spaces.EntityQuerySpaceImpl@93824eb]
11:35:18.344 [main] DEBUG org.hibernate.persister.walking.spi.MetamodelGraphWalker - Visiting attribute path : groupeModel.rigths.create
11:35:18.344 [main] DEBUG org.hibernate.persister.walking.spi.MetamodelGraphWalker - Visiting attribute path : groupeModel.rigths.update
11:35:18.344 [main] DEBUG org.hibernate.persister.walking.spi.MetamodelGraphWalker - Visiting attribute path : groupeModel.rigths.cancreate
11:35:18.344 [main] DEBUG org.hibernate.persister.walking.spi.MetamodelGraphWalker - Visiting attribute path : groupeModel.rigths.candelete
11:35:18.344 [main] DEBUG org.hibernate.persister.walking.spi.MetamodelGraphWalker - Visiting attribute path : groupeModel.rigths.canread
11:35:18.344 [main] DEBUG org.hibernate.persister.walking.spi.MetamodelGraphWalker - Visiting attribute path : groupeModel.rigths.canwrite
11:35:18.344 [main] DEBUG org.hibernate.persister.walking.spi.MetamodelGraphWalker - Visiting attribute path : groupeModel.rigths.label
11:35:18.344 [main] DEBUG org.hibernate.persister.walking.spi.MetamodelGraphWalker - Visiting attribute path : groupeModel.rigths.name
11:35:18.344 [main] DEBUG org.hibernate.persister.walking.spi.MetamodelGraphWalker - Visiting attribute path : name
11:35:18.344 [main] DEBUG org.hibernate.persister.walking.spi.MetamodelGraphWalker - Visiting attribute path : password
11:35:18.344 [main] DEBUG org.hibernate.loader.plan.build.internal.FetchStyleLoadPlanBuildingAssociationVisitationStrategy - Building LoadPlan...
11:35:18.344 [main] DEBUG org.hibernate.loader.plan.exec.internal.LoadQueryJoinAndFetchProcessor - processing queryspace <gen:0>
11:35:18.344 [main] DEBUG org.hibernate.loader.plan.build.spi.LoadPlanTreePrinter - LoadPlan(entity=cm.pak.models.security.UserModel)
    - Returns
       - EntityReturnImpl(entity=cm.pak.models.security.UserModel, querySpaceUid=<gen:0>, path=cm.pak.models.security.UserModel)
          - EntityAttributeFetchImpl(entity=cm.pak.models.security.GroupeModel, querySpaceUid=<gen:1>, path=cm.pak.models.security.UserModel.groupeModel)
             - EntityAttributeFetchImpl(entity=cm.pak.models.core.ExtensionModel, querySpaceUid=<gen:2>, path=cm.pak.models.security.UserModel.groupeModel.plugin)
                - CollectionAttributeFetchImpl(collection=cm.pak.models.core.ExtensionModel.depends, querySpaceUid=<gen:3>, path=cm.pak.models.security.UserModel.groupeModel.plugin.depends)
             - CollectionAttributeFetchImpl(collection=cm.pak.models.security.GroupeModel.rigths, querySpaceUid=<gen:4>, path=cm.pak.models.security.UserModel.groupeModel.rigths)
                - (collection element) CollectionFetchableElementEntityGraph(entity=cm.pak.models.security.AccesRigth, querySpaceUid=<gen:5>, path=cm.pak.models.security.UserModel.groupeModel.rigths.<elements>)
    - QuerySpaces
       - EntityQuerySpaceImpl(uid=<gen:0>, entity=cm.pak.models.security.UserModel)
          - SQL table alias mapping - usermodel0_
          - alias suffix - 0_
          - suffixed key columns - {p_pk1_4_0_}
          - JOIN (JoinDefinedByMetadata(groupeModel)) : <gen:0> -> <gen:1>
             - EntityQuerySpaceImpl(uid=<gen:1>, entity=cm.pak.models.security.GroupeModel)
                - SQL table alias mapping - groupemode1_
                - alias suffix - 1_
                - suffixed key columns - {p_pk1_3_1_}
                - JOIN (JoinDefinedByMetadata(plugin)) : <gen:1> -> <gen:2>
                   - EntityQuerySpaceImpl(uid=<gen:2>, entity=cm.pak.models.core.ExtensionModel)
                      - SQL table alias mapping - extensionm2_
                      - alias suffix - 2_
                      - suffixed key columns - {p_pk1_2_2_}
                - JOIN (JoinDefinedByMetadata(rigths)) : <gen:1> -> <gen:4>
                   - CollectionQuerySpaceImpl(uid=<gen:4>, collection=cm.pak.models.security.GroupeModel.rigths)
                      - SQL table alias mapping - rigths3_
                      - alias suffix - 3_
                      - suffixed key columns - {t_ac10_1_3_}
                      - entity-element alias suffix - 4_
                      - 4_entity-element suffixed key columns - p_pk1_1_4_
                      - JOIN (JoinDefinedByMetadata(elements)) : <gen:4> -> <gen:5>
                         - EntityQuerySpaceImpl(uid=<gen:5>, entity=cm.pak.models.security.AccesRigth)
                            - SQL table alias mapping - rigths3_
                            - alias suffix - 4_
                            - suffixed key columns - {p_pk1_1_4_}

11:35:18.344 [main] DEBUG org.hibernate.loader.entity.plan.EntityLoader - Static select for entity cm.pak.models.security.UserModel [NONE]: select usermodel0_.p_pk as p_pk1_4_0_, usermodel0_.p_create as p_create2_4_0_, usermodel0_.p_update as p_update3_4_0_, usermodel0_.p_categ as p_categ4_4_0_, usermodel0_.p_code as p_code5_4_0_, usermodel0_.p_genre as p_genre6_4_0_, usermodel0_.group_id as group_id9_4_0_, usermodel0_.p_name as p_name7_4_0_, usermodel0_.t_pwd as t_pwd8_4_0_, groupemode1_.p_pk as p_pk1_3_1_, groupemode1_.p_create as p_create2_3_1_, groupemode1_.p_update as p_update3_3_1_, groupemode1_.t_code as t_code4_3_1_, groupemode1_.t_inti as t_inti5_3_1_, groupemode1_.plugin_p_pk as plugin_p6_3_1_, extensionm2_.p_pk as p_pk1_2_2_, extensionm2_.p_create as p_create2_2_2_, extensionm2_.p_update as p_update3_2_2_, extensionm2_.t_code as t_code4_2_2_, extensionm2_.t_inst as t_inst5_2_2_, extensionm2_.t_longD as t_longd6_2_2_, extensionm2_.t_owne as t_owne7_2_2_, extensionm2_.sequence as sequence8_2_2_, extensionm2_.t_shortD as t_shortd9_2_2_, extensionm2_.t_vers as t_vers10_2_2_, rigths3_.t_ac as t_ac10_1_3_, rigths3_.p_pk as p_pk1_1_3_, rigths3_.p_pk as p_pk1_1_4_, rigths3_.p_create as p_create2_1_4_, rigths3_.p_update as p_update3_1_4_, rigths3_.t_cre as t_cre4_1_4_, rigths3_.t_del as t_del5_1_4_, rigths3_.t_rea as t_rea6_1_4_, rigths3_.t_wri as t_wri7_1_4_, rigths3_.t_lab as t_lab8_1_4_, rigths3_.t_nam as t_nam9_1_4_ from T_USER usermodel0_ left outer join t_group groupemode1_ on usermodel0_.group_id=groupemode1_.p_pk left outer join t_ext extensionm2_ on groupemode1_.plugin_p_pk=extensionm2_.p_pk left outer join t_acri rigths3_ on groupemode1_.p_pk=rigths3_.t_ac where usermodel0_.p_pk=?
11:35:18.359 [main] DEBUG org.hibernate.loader.plan.build.internal.spaces.QuerySpacesImpl - Adding QuerySpace : uid = <gen:0> -> org.hibernate.loader.plan.build.internal.spaces.CollectionQuerySpaceImpl@713ec32d]
11:35:18.359 [main] DEBUG org.hibernate.loader.plan.build.internal.spaces.QuerySpacesImpl - Adding QuerySpace : uid = <gen:1> -> org.hibernate.loader.plan.build.internal.spaces.EntityQuerySpaceImpl@34d713a2]
11:35:18.359 [main] DEBUG org.hibernate.persister.walking.spi.MetamodelGraphWalker - Visiting attribute path : create
11:35:18.359 [main] DEBUG org.hibernate.persister.walking.spi.MetamodelGraphWalker - Visiting attribute path : update
11:35:18.359 [main] DEBUG org.hibernate.persister.walking.spi.MetamodelGraphWalker - Visiting attribute path : cancreate
11:35:18.359 [main] DEBUG org.hibernate.persister.walking.spi.MetamodelGraphWalker - Visiting attribute path : candelete
11:35:18.359 [main] DEBUG org.hibernate.persister.walking.spi.MetamodelGraphWalker - Visiting attribute path : canread
11:35:18.359 [main] DEBUG org.hibernate.persister.walking.spi.MetamodelGraphWalker - Visiting attribute path : canwrite
11:35:18.366 [main] DEBUG org.hibernate.persister.walking.spi.MetamodelGraphWalker - Visiting attribute path : label
11:35:18.366 [main] DEBUG org.hibernate.persister.walking.spi.MetamodelGraphWalker - Visiting attribute path : name
11:35:18.366 [main] DEBUG org.hibernate.loader.plan.build.internal.FetchStyleLoadPlanBuildingAssociationVisitationStrategy - Building LoadPlan...
11:35:18.366 [main] DEBUG org.hibernate.loader.plan.exec.internal.LoadQueryJoinAndFetchProcessor - processing queryspace <gen:0>
11:35:18.366 [main] DEBUG org.hibernate.loader.plan.build.spi.LoadPlanTreePrinter - LoadPlan(collection=cm.pak.models.security.GroupeModel.rigths)
    - Returns
       - CollectionReturnImpl(collection=cm.pak.models.security.GroupeModel.rigths, querySpaceUid=<gen:0>, path=[cm.pak.models.security.GroupeModel.rigths])
          - (collection element) CollectionFetchableElementEntityGraph(entity=cm.pak.models.security.AccesRigth, querySpaceUid=<gen:1>, path=[cm.pak.models.security.GroupeModel.rigths].<elements>)
    - QuerySpaces
       - CollectionQuerySpaceImpl(uid=<gen:0>, collection=cm.pak.models.security.GroupeModel.rigths)
          - SQL table alias mapping - rigths0_
          - alias suffix - 0_
          - suffixed key columns - {t_ac10_1_0_}
          - entity-element alias suffix - 1_
          - 1_entity-element suffixed key columns - p_pk1_1_1_
          - JOIN (JoinDefinedByMetadata(elements)) : <gen:0> -> <gen:1>
             - EntityQuerySpaceImpl(uid=<gen:1>, entity=cm.pak.models.security.AccesRigth)
                - SQL table alias mapping - rigths0_
                - alias suffix - 1_
                - suffixed key columns - {p_pk1_1_1_}

11:35:18.366 [main] DEBUG org.hibernate.loader.collection.plan.CollectionLoader - Static select for collection cm.pak.models.security.GroupeModel.rigths: select rigths0_.t_ac as t_ac10_1_0_, rigths0_.p_pk as p_pk1_1_0_, rigths0_.p_pk as p_pk1_1_1_, rigths0_.p_create as p_create2_1_1_, rigths0_.p_update as p_update3_1_1_, rigths0_.t_cre as t_cre4_1_1_, rigths0_.t_del as t_del5_1_1_, rigths0_.t_rea as t_rea6_1_1_, rigths0_.t_wri as t_wri7_1_1_, rigths0_.t_lab as t_lab8_1_1_, rigths0_.t_nam as t_nam9_1_1_ from t_acri rigths0_ where rigths0_.t_ac=?
11:35:18.366 [main] DEBUG org.hibernate.loader.plan.build.internal.spaces.QuerySpacesImpl - Adding QuerySpace : uid = <gen:0> -> org.hibernate.loader.plan.build.internal.spaces.CollectionQuerySpaceImpl@fe87ddd]
11:35:18.366 [main] DEBUG org.hibernate.loader.plan.build.internal.FetchStyleLoadPlanBuildingAssociationVisitationStrategy - Building LoadPlan...
11:35:18.366 [main] DEBUG org.hibernate.loader.plan.exec.internal.LoadQueryJoinAndFetchProcessor - processing queryspace <gen:0>
11:35:18.366 [main] DEBUG org.hibernate.loader.plan.build.spi.LoadPlanTreePrinter - LoadPlan(collection=cm.pak.models.core.ExtensionModel.depends)
    - Returns
       - CollectionReturnImpl(collection=cm.pak.models.core.ExtensionModel.depends, querySpaceUid=<gen:0>, path=[cm.pak.models.core.ExtensionModel.depends])
    - QuerySpaces
       - CollectionQuerySpaceImpl(uid=<gen:0>, collection=cm.pak.models.core.ExtensionModel.depends)
          - SQL table alias mapping - depends0_
          - alias suffix - 0_
          - suffixed key columns - {extensio1_0_0_}

11:35:18.366 [main] DEBUG org.hibernate.loader.collection.plan.CollectionLoader - Static select for collection cm.pak.models.core.ExtensionModel.depends: select depends0_.ExtensionModel_p_pk as extensio1_0_0_, depends0_.depends as depends2_0_0_ from ExtensionModel_depends depends0_ where depends0_.ExtensionModel_p_pk=?
11:35:18.478 [main] DEBUG org.hibernate.SQL - drop table if exists ExtensionModel_depends CASCADE 
Hibernate: drop table if exists ExtensionModel_depends CASCADE 
11:35:18.488 [main] DEBUG org.hibernate.SQL - drop table if exists t_acri CASCADE 
Hibernate: drop table if exists t_acri CASCADE 
11:35:18.488 [main] DEBUG org.hibernate.SQL - drop table if exists t_ext CASCADE 
Hibernate: drop table if exists t_ext CASCADE 
11:35:18.488 [main] DEBUG org.hibernate.SQL - drop table if exists t_group CASCADE 
Hibernate: drop table if exists t_group CASCADE 
11:35:18.488 [main] DEBUG org.hibernate.SQL - drop table if exists T_USER CASCADE 
Hibernate: drop table if exists T_USER CASCADE 
11:35:18.488 [main] DEBUG org.hibernate.SQL - create table ExtensionModel_depends (ExtensionModel_p_pk bigint not null, depends varchar(255))
Hibernate: create table ExtensionModel_depends (ExtensionModel_p_pk bigint not null, depends varchar(255))
11:35:18.496 [main] DEBUG org.hibernate.SQL - create table t_acri (p_pk bigint generated by default as identity, p_create timestamp, p_update timestamp, t_cre boolean, t_del boolean, t_rea boolean, t_wri boolean, t_lab varchar(255), t_nam varchar(255), t_ac bigint, primary key (p_pk))
Hibernate: create table t_acri (p_pk bigint generated by default as identity, p_create timestamp, p_update timestamp, t_cre boolean, t_del boolean, t_rea boolean, t_wri boolean, t_lab varchar(255), t_nam varchar(255), t_ac bigint, primary key (p_pk))
11:35:18.518 [main] DEBUG org.hibernate.SQL - create table t_ext (p_pk bigint generated by default as identity, p_create timestamp, p_update timestamp, t_code varchar(255), t_inst boolean, t_longD varchar(255), t_owne varchar(255), sequence integer not null, t_shortD varchar(255), t_vers varchar(255), primary key (p_pk))
Hibernate: create table t_ext (p_pk bigint generated by default as identity, p_create timestamp, p_update timestamp, t_code varchar(255), t_inst boolean, t_longD varchar(255), t_owne varchar(255), sequence integer not null, t_shortD varchar(255), t_vers varchar(255), primary key (p_pk))
11:35:18.526 [main] DEBUG org.hibernate.SQL - create table t_group (p_pk bigint generated by default as identity, p_create timestamp, p_update timestamp, t_code varchar(255) not null, t_inti varchar(255), plugin_p_pk bigint, primary key (p_pk))
Hibernate: create table t_group (p_pk bigint generated by default as identity, p_create timestamp, p_update timestamp, t_code varchar(255) not null, t_inti varchar(255), plugin_p_pk bigint, primary key (p_pk))
11:35:18.528 [main] DEBUG org.hibernate.SQL - create table T_USER (p_pk bigint generated by default as identity, p_create timestamp, p_update timestamp, p_categ varchar(255), p_code varchar(255) not null, p_genre varchar(255), p_name varchar(255), t_pwd varchar(255), group_id bigint, primary key (p_pk))
Hibernate: create table T_USER (p_pk bigint generated by default as identity, p_create timestamp, p_update timestamp, p_categ varchar(255), p_code varchar(255) not null, p_genre varchar(255), p_name varchar(255), t_pwd varchar(255), group_id bigint, primary key (p_pk))
11:35:18.528 [main] DEBUG org.hibernate.SQL - alter table t_ext add constraint UK_jrkv4gd2dvbsv69rb76q2fd59 unique (t_code)
Hibernate: alter table t_ext add constraint UK_jrkv4gd2dvbsv69rb76q2fd59 unique (t_code)
11:35:18.528 [main] DEBUG org.hibernate.SQL - alter table t_group add constraint UK_i2s1gkg2sbodnmgve0s6u8jg3 unique (t_code)
Hibernate: alter table t_group add constraint UK_i2s1gkg2sbodnmgve0s6u8jg3 unique (t_code)
11:35:18.528 [main] DEBUG org.hibernate.SQL - alter table T_USER add constraint UK_j0jnqsc1trh21vmfjvj6rd31b unique (p_code)
Hibernate: alter table T_USER add constraint UK_j0jnqsc1trh21vmfjvj6rd31b unique (p_code)
11:35:18.536 [main] DEBUG org.hibernate.SQL - alter table ExtensionModel_depends add constraint FKs139svm4fog23r1ey7b5dsdjo foreign key (ExtensionModel_p_pk) references t_ext
Hibernate: alter table ExtensionModel_depends add constraint FKs139svm4fog23r1ey7b5dsdjo foreign key (ExtensionModel_p_pk) references t_ext
11:35:18.536 [main] DEBUG org.hibernate.SQL - alter table t_acri add constraint FKt30xb6qfo3040r9gs64rgl7ho foreign key (t_ac) references t_group
Hibernate: alter table t_acri add constraint FKt30xb6qfo3040r9gs64rgl7ho foreign key (t_ac) references t_group
11:35:18.546 [main] DEBUG org.hibernate.SQL - alter table t_group add constraint FK8hu99edy6gjwcxiilnljq2dvj foreign key (plugin_p_pk) references t_ext
Hibernate: alter table t_group add constraint FK8hu99edy6gjwcxiilnljq2dvj foreign key (plugin_p_pk) references t_ext
11:35:18.548 [main] DEBUG org.hibernate.SQL - alter table T_USER add constraint FKjjw0g5e0cnmw3ibbn157brx6r foreign key (group_id) references t_group
Hibernate: alter table T_USER add constraint FKjjw0g5e0cnmw3ibbn157brx6r foreign key (group_id) references t_group
11:35:18.548 [main] DEBUG org.hibernate.engine.transaction.jta.platform.internal.JtaPlatformInitiator - No JtaPlatform was specified, checking resolver
11:35:18.556 [main] DEBUG org.hibernate.engine.transaction.jta.platform.internal.JtaPlatformResolverInitiator - No JtaPlatformResolver was specified, using default [org.hibernate.engine.transaction.jta.platform.internal.StandardJtaPlatformResolver]
11:35:18.556 [main] DEBUG org.hibernate.engine.transaction.jta.platform.internal.StandardJtaPlatformResolver - Could not resolve JtaPlatform, using default [org.hibernate.engine.transaction.jta.platform.internal.NoJtaPlatform]
11:35:18.556 [main] INFO org.hibernate.engine.transaction.jta.platform.internal.JtaPlatformInitiator - HHH000490: Using JtaPlatform implementation: [org.hibernate.engine.transaction.jta.platform.internal.NoJtaPlatform]
11:35:18.556 [main] DEBUG org.hibernate.query.spi.NamedQueryRepository - Checking 0 named HQL queries
11:35:18.556 [main] DEBUG org.hibernate.query.spi.NamedQueryRepository - Checking 0 named SQL queries
11:35:18.566 [main] DEBUG org.hibernate.service.internal.SessionFactoryServiceRegistryImpl - EventListenerRegistry access via ServiceRegistry is deprecated.  Use `sessionFactory.getEventEngine().getListenerRegistry()` instead
11:35:18.566 [main] DEBUG org.hibernate.internal.SessionFactoryRegistry - Initializing SessionFactoryRegistry : org.hibernate.internal.SessionFactoryRegistry@e829999
11:35:18.566 [main] DEBUG org.hibernate.internal.SessionFactoryRegistry - Registering SessionFactory: 106166a5-e55e-4ef8-b81c-7d4011547a3f (<unnamed>)
11:35:18.566 [main] DEBUG org.hibernate.internal.SessionFactoryRegistry - Not binding SessionFactory to JNDI, no JNDI name configured
11:35:18.566 [main] INFO org.springframework.orm.jpa.LocalContainerEntityManagerFactoryBean - Initialized JPA EntityManagerFactory for persistence unit 'pak_pu'
11:35:18.582 [main] DEBUG org.springframework.beans.factory.support.DefaultListableBeanFactory - Creating shared instance of singleton bean 'trainingCoreConfig'
11:35:18.582 [main] DEBUG org.springframework.beans.factory.support.DefaultListableBeanFactory - Creating shared instance of singleton bean 'moduleDataConverter'
11:35:18.598 [main] DEBUG org.springframework.beans.factory.support.DefaultListableBeanFactory - Creating shared instance of singleton bean 'defaultExtensionService'
11:35:18.613 [main] DEBUG org.springframework.beans.factory.support.DefaultListableBeanFactory - Creating shared instance of singleton bean 'defaultModelService'
11:35:18.682 [main] DEBUG org.springframework.beans.factory.support.DefaultListableBeanFactory - Creating shared instance of singleton bean 'defaultFlexibleSearch'
11:35:18.682 [main] DEBUG org.springframework.beans.factory.support.DefaultListableBeanFactory - Creating shared instance of singleton bean 'defaultJsonService'
11:35:18.682 [main] DEBUG org.springframework.beans.factory.support.DefaultListableBeanFactory - Creating shared instance of singleton bean 'objectMapper'
11:35:18.947 [main] DEBUG org.springframework.beans.factory.support.DefaultListableBeanFactory - Creating shared instance of singleton bean 'defaultMetaService'
11:35:18.956 [main] DEBUG org.springframework.beans.factory.support.DefaultListableBeanFactory - Creating shared instance of singleton bean 'defaultUserService'
11:35:18.957 [main] DEBUG org.springframework.beans.factory.support.DefaultListableBeanFactory - Creating shared instance of singleton bean 'transactionManager'
11:35:18.997 [main] DEBUG org.springframework.beans.factory.support.DefaultListableBeanFactory - Creating shared instance of singleton bean 'entityManager'
11:35:19.092 [main] DEBUG org.hibernate.stat.internal.StatisticsInitiator - Statistics initialized [enabled=false]
11:35:19.131 [main] DEBUG org.springframework.test.context.cache.DefaultCacheAwareContextLoaderDelegate - Storing ApplicationContext [1146147158] in cache under key [[MergedContextConfiguration@23bb8443 testClass = DefaultExtensionServiceTest, locations = '{}', classes = '{class cm.pak.TrainingCoreConfig}', contextInitializerClasses = '[]', activeProfiles = '{}', propertySourceLocations = '{}', propertySourceProperties = '{}', contextCustomizers = set[[empty]], contextLoader = 'org.springframework.test.context.support.DelegatingSmartContextLoader', parent = [null]]]
11:35:19.131 [main] DEBUG org.springframework.test.context.cache - Spring test ApplicationContext cache statistics: [DefaultContextCache@193eb1ba size = 1, maxSize = 32, parentContextCount = 0, hitCount = 0, missCount = 1]
11:35:19.135 [main] DEBUG org.springframework.test.context.cache.DefaultCacheAwareContextLoaderDelegate - Retrieved ApplicationContext [1146147158] from cache with key [[MergedContextConfiguration@23bb8443 testClass = DefaultExtensionServiceTest, locations = '{}', classes = '{class cm.pak.TrainingCoreConfig}', contextInitializerClasses = '[]', activeProfiles = '{}', propertySourceLocations = '{}', propertySourceProperties = '{}', contextCustomizers = set[[empty]], contextLoader = 'org.springframework.test.context.support.DelegatingSmartContextLoader', parent = [null]]]
11:35:19.135 [main] DEBUG org.springframework.test.context.cache - Spring test ApplicationContext cache statistics: [DefaultContextCache@193eb1ba size = 1, maxSize = 32, parentContextCount = 0, hitCount = 1, missCount = 1]
11:35:19.139 [main] DEBUG org.springframework.test.context.support.AbstractDirtiesContextTestExecutionListener - Before test method: context [DefaultTestContext@3ffcd140 testClass = DefaultExtensionServiceTest, testInstance = cm.pak.services.impl.DefaultExtensionServiceTest@6b67034, testMethod = installModule@DefaultExtensionServiceTest, testException = [null], mergedContextConfiguration = [MergedContextConfiguration@23bb8443 testClass = DefaultExtensionServiceTest, locations = '{}', classes = '{class cm.pak.TrainingCoreConfig}', contextInitializerClasses = '[]', activeProfiles = '{}', propertySourceLocations = '{}', propertySourceProperties = '{}', contextCustomizers = set[[empty]], contextLoader = 'org.springframework.test.context.support.DelegatingSmartContextLoader', parent = [null]], attributes = map['org.springframework.test.context.event.ApplicationEventsTestExecutionListener.recordApplicationEvents' -> false]], class annotated with @DirtiesContext [false] with mode [null], method annotated with @DirtiesContext [false] with mode [null].
11:35:19.153 [main] DEBUG org.springframework.test.context.cache.DefaultCacheAwareContextLoaderDelegate - Retrieved ApplicationContext [1146147158] from cache with key [[MergedContextConfiguration@23bb8443 testClass = DefaultExtensionServiceTest, locations = '{}', classes = '{class cm.pak.TrainingCoreConfig}', contextInitializerClasses = '[]', activeProfiles = '{}', propertySourceLocations = '{}', propertySourceProperties = '{}', contextCustomizers = set[[empty]], contextLoader = 'org.springframework.test.context.support.DelegatingSmartContextLoader', parent = [null]]]
11:35:19.153 [main] DEBUG org.springframework.test.context.cache - Spring test ApplicationContext cache statistics: [DefaultContextCache@193eb1ba size = 1, maxSize = 32, parentContextCount = 0, hitCount = 2, missCount = 1]
11:35:19.157 [main] DEBUG org.springframework.orm.jpa.SharedEntityManagerCreator$SharedEntityManagerInvocationHandler - Creating new EntityManager for shared EntityManager invocation
11:35:19.227 [main] DEBUG org.hibernate.SQL - select extensionm0_.p_pk as p_pk1_2_0_, extensionm0_.p_create as p_create2_2_0_, extensionm0_.p_update as p_update3_2_0_, extensionm0_.t_code as t_code4_2_0_, extensionm0_.t_inst as t_inst5_2_0_, extensionm0_.t_longD as t_longd6_2_0_, extensionm0_.t_owne as t_owne7_2_0_, extensionm0_.sequence as sequence8_2_0_, extensionm0_.t_shortD as t_shortd9_2_0_, extensionm0_.t_vers as t_vers10_2_0_ from t_ext extensionm0_ where extensionm0_.p_pk=?
Hibernate: select extensionm0_.p_pk as p_pk1_2_0_, extensionm0_.p_create as p_create2_2_0_, extensionm0_.p_update as p_update3_2_0_, extensionm0_.t_code as t_code4_2_0_, extensionm0_.t_inst as t_inst5_2_0_, extensionm0_.t_longD as t_longd6_2_0_, extensionm0_.t_owne as t_owne7_2_0_, extensionm0_.sequence as sequence8_2_0_, extensionm0_.t_shortD as t_shortd9_2_0_, extensionm0_.t_vers as t_vers10_2_0_ from t_ext extensionm0_ where extensionm0_.p_pk=?
11:35:19.249 [main] DEBUG org.hibernate.loader.entity.plan.AbstractLoadPlanBasedEntityLoader - Done entity load : cm.pak.models.core.ExtensionModel#1
11:35:19.261 [main] DEBUG org.springframework.orm.jpa.JpaTransactionManager - Creating new transaction with name [cm.pak.services.impl.DefaultExtensionService.load]: PROPAGATION_REQUIRED,ISOLATION_DEFAULT
11:35:19.262 [main] DEBUG org.springframework.orm.jpa.JpaTransactionManager - Opened new EntityManager [SessionImpl(1926136110<open>)] for JPA transaction
11:35:19.268 [main] DEBUG org.hibernate.engine.transaction.internal.TransactionImpl - On TransactionImpl creation, JpaCompliance#isJpaTransactionComplianceEnabled == false
11:35:19.268 [main] DEBUG org.hibernate.engine.transaction.internal.TransactionImpl - begin
11:35:19.270 [main] DEBUG org.springframework.orm.jpa.JpaTransactionManager - Exposing JPA transaction as JDBC [org.springframework.orm.jpa.vendor.HibernateJpaDialect$HibernateConnectionHandle@7f0a133d]
11:35:19.407 [main] DEBUG org.springframework.orm.jpa.JpaTransactionManager - Initiating transaction commit
11:35:19.411 [main] DEBUG org.springframework.orm.jpa.JpaTransactionManager - Committing JPA transaction on EntityManager [SessionImpl(1926136110<open>)]
11:35:19.415 [main] DEBUG org.hibernate.engine.transaction.internal.TransactionImpl - committing
11:35:19.419 [main] DEBUG org.springframework.orm.jpa.JpaTransactionManager - Closing JPA EntityManager [SessionImpl(1926136110<open>)] after transaction
11:35:19.425 [main] DEBUG org.springframework.test.context.cache.DefaultCacheAwareContextLoaderDelegate - Retrieved ApplicationContext [1146147158] from cache with key [[MergedContextConfiguration@23bb8443 testClass = DefaultExtensionServiceTest, locations = '{}', classes = '{class cm.pak.TrainingCoreConfig}', contextInitializerClasses = '[]', activeProfiles = '{}', propertySourceLocations = '{}', propertySourceProperties = '{}', contextCustomizers = set[[empty]], contextLoader = 'org.springframework.test.context.support.DelegatingSmartContextLoader', parent = [null]]]
11:35:19.440 [main] DEBUG org.springframework.test.context.cache - Spring test ApplicationContext cache statistics: [DefaultContextCache@193eb1ba size = 1, maxSize = 32, parentContextCount = 0, hitCount = 3, missCount = 1]
11:35:19.445 [main] DEBUG org.springframework.test.context.support.AbstractDirtiesContextTestExecutionListener - After test method: context [DefaultTestContext@3ffcd140 testClass = DefaultExtensionServiceTest, testInstance = cm.pak.services.impl.DefaultExtensionServiceTest@6b67034, testMethod = installModule@DefaultExtensionServiceTest, testException = com.fasterxml.jackson.databind.exc.UnrecognizedPropertyException: Unrecognized field "path" (class cm.pak.data.MenuData), not marked as ignorable (10 known properties: "label", "viewComponent", "name", "actions", "order", "listComponent", "viewMode", "source", "metadata", "children"])
 at [Source: (File); line: 14, column: 16] (through reference chain: cm.pak.data.ModuleData["menus"]->java.util.HashSet[0]->cm.pak.data.MenuData["path"]), mergedContextConfiguration = [MergedContextConfiguration@23bb8443 testClass = DefaultExtensionServiceTest, locations = '{}', classes = '{class cm.pak.TrainingCoreConfig}', contextInitializerClasses = '[]', activeProfiles = '{}', propertySourceLocations = '{}', propertySourceProperties = '{}', contextCustomizers = set[[empty]], contextLoader = 'org.springframework.test.context.support.DelegatingSmartContextLoader', parent = [null]], attributes = map['org.springframework.test.context.event.ApplicationEventsTestExecutionListener.recordApplicationEvents' -> false]], class annotated with @DirtiesContext [false] with mode [null], method annotated with @DirtiesContext [false] with mode [null].
]]></system-out>
  </testcase>
  <testcase name="uninstallModule" classname="cm.pak.services.impl.DefaultExtensionServiceTest" time="0.073">
    <error message="Unrecognized field &quot;path&quot; (class cm.pak.data.MenuData), not marked as ignorable (10 known properties: &quot;label&quot;, &quot;viewComponent&quot;, &quot;name&quot;, &quot;actions&quot;, &quot;order&quot;, &quot;listComponent&quot;, &quot;viewMode&quot;, &quot;source&quot;, &quot;metadata&quot;, &quot;children&quot;])&#10; at [Source: (File); line: 14, column: 16] (through reference chain: cm.pak.data.ModuleData[&quot;menus&quot;]-&gt;java.util.HashSet[0]-&gt;cm.pak.data.MenuData[&quot;path&quot;])" type="com.fasterxml.jackson.databind.exc.UnrecognizedPropertyException">com.fasterxml.jackson.databind.exc.UnrecognizedPropertyException: 
Unrecognized field "path" (class cm.pak.data.MenuData), not marked as ignorable (10 known properties: "label", "viewComponent", "name", "actions", "order", "listComponent", "viewMode", "source", "metadata", "children"])
 at [Source: (File); line: 14, column: 16] (through reference chain: cm.pak.data.ModuleData["menus"]->java.util.HashSet[0]->cm.pak.data.MenuData["path"])
	at cm.pak.services.impl.DefaultExtensionServiceTest.setUp(DefaultExtensionServiceTest.java:40)
</error>
    <system-out><![CDATA[11:35:19.485 [main] DEBUG org.springframework.test.annotation.ProfileValueUtils - Retrieved @ProfileValueSourceConfiguration [null] for test class [cm.pak.services.impl.DefaultExtensionServiceTest]
11:35:19.486 [main] DEBUG org.springframework.test.annotation.ProfileValueUtils - Retrieved ProfileValueSource type [class org.springframework.test.annotation.SystemProfileValueSource] for class [cm.pak.services.impl.DefaultExtensionServiceTest]
11:35:19.487 [main] DEBUG org.springframework.test.context.support.DependencyInjectionTestExecutionListener - Performing dependency injection for test context [[DefaultTestContext@3ffcd140 testClass = DefaultExtensionServiceTest, testInstance = cm.pak.services.impl.DefaultExtensionServiceTest@7c1503a3, testMethod = [null], testException = [null], mergedContextConfiguration = [MergedContextConfiguration@23bb8443 testClass = DefaultExtensionServiceTest, locations = '{}', classes = '{class cm.pak.TrainingCoreConfig}', contextInitializerClasses = '[]', activeProfiles = '{}', propertySourceLocations = '{}', propertySourceProperties = '{}', contextCustomizers = set[[empty]], contextLoader = 'org.springframework.test.context.support.DelegatingSmartContextLoader', parent = [null]], attributes = map['org.springframework.test.context.event.ApplicationEventsTestExecutionListener.recordApplicationEvents' -> false]]].
11:35:19.487 [main] DEBUG org.springframework.test.context.cache.DefaultCacheAwareContextLoaderDelegate - Retrieved ApplicationContext [1146147158] from cache with key [[MergedContextConfiguration@23bb8443 testClass = DefaultExtensionServiceTest, locations = '{}', classes = '{class cm.pak.TrainingCoreConfig}', contextInitializerClasses = '[]', activeProfiles = '{}', propertySourceLocations = '{}', propertySourceProperties = '{}', contextCustomizers = set[[empty]], contextLoader = 'org.springframework.test.context.support.DelegatingSmartContextLoader', parent = [null]]]
11:35:19.487 [main] DEBUG org.springframework.test.context.cache - Spring test ApplicationContext cache statistics: [DefaultContextCache@193eb1ba size = 1, maxSize = 32, parentContextCount = 0, hitCount = 4, missCount = 1]
11:35:19.488 [main] DEBUG org.springframework.test.context.cache.DefaultCacheAwareContextLoaderDelegate - Retrieved ApplicationContext [1146147158] from cache with key [[MergedContextConfiguration@23bb8443 testClass = DefaultExtensionServiceTest, locations = '{}', classes = '{class cm.pak.TrainingCoreConfig}', contextInitializerClasses = '[]', activeProfiles = '{}', propertySourceLocations = '{}', propertySourceProperties = '{}', contextCustomizers = set[[empty]], contextLoader = 'org.springframework.test.context.support.DelegatingSmartContextLoader', parent = [null]]]
11:35:19.488 [main] DEBUG org.springframework.test.context.cache - Spring test ApplicationContext cache statistics: [DefaultContextCache@193eb1ba size = 1, maxSize = 32, parentContextCount = 0, hitCount = 5, missCount = 1]
11:35:19.488 [main] DEBUG org.springframework.test.context.support.AbstractDirtiesContextTestExecutionListener - Before test method: context [DefaultTestContext@3ffcd140 testClass = DefaultExtensionServiceTest, testInstance = cm.pak.services.impl.DefaultExtensionServiceTest@7c1503a3, testMethod = uninstallModule@DefaultExtensionServiceTest, testException = [null], mergedContextConfiguration = [MergedContextConfiguration@23bb8443 testClass = DefaultExtensionServiceTest, locations = '{}', classes = '{class cm.pak.TrainingCoreConfig}', contextInitializerClasses = '[]', activeProfiles = '{}', propertySourceLocations = '{}', propertySourceProperties = '{}', contextCustomizers = set[[empty]], contextLoader = 'org.springframework.test.context.support.DelegatingSmartContextLoader', parent = [null]], attributes = map['org.springframework.test.context.event.ApplicationEventsTestExecutionListener.recordApplicationEvents' -> false]], class annotated with @DirtiesContext [false] with mode [null], method annotated with @DirtiesContext [false] with mode [null].
11:35:19.488 [main] DEBUG org.springframework.test.context.cache.DefaultCacheAwareContextLoaderDelegate - Retrieved ApplicationContext [1146147158] from cache with key [[MergedContextConfiguration@23bb8443 testClass = DefaultExtensionServiceTest, locations = '{}', classes = '{class cm.pak.TrainingCoreConfig}', contextInitializerClasses = '[]', activeProfiles = '{}', propertySourceLocations = '{}', propertySourceProperties = '{}', contextCustomizers = set[[empty]], contextLoader = 'org.springframework.test.context.support.DelegatingSmartContextLoader', parent = [null]]]
11:35:19.489 [main] DEBUG org.springframework.test.context.cache - Spring test ApplicationContext cache statistics: [DefaultContextCache@193eb1ba size = 1, maxSize = 32, parentContextCount = 0, hitCount = 6, missCount = 1]
11:35:19.489 [main] DEBUG org.springframework.orm.jpa.SharedEntityManagerCreator$SharedEntityManagerInvocationHandler - Creating new EntityManager for shared EntityManager invocation
11:35:19.489 [main] DEBUG org.hibernate.SQL - select extensionm0_.p_pk as p_pk1_2_0_, extensionm0_.p_create as p_create2_2_0_, extensionm0_.p_update as p_update3_2_0_, extensionm0_.t_code as t_code4_2_0_, extensionm0_.t_inst as t_inst5_2_0_, extensionm0_.t_longD as t_longd6_2_0_, extensionm0_.t_owne as t_owne7_2_0_, extensionm0_.sequence as sequence8_2_0_, extensionm0_.t_shortD as t_shortd9_2_0_, extensionm0_.t_vers as t_vers10_2_0_ from t_ext extensionm0_ where extensionm0_.p_pk=?
Hibernate: select extensionm0_.p_pk as p_pk1_2_0_, extensionm0_.p_create as p_create2_2_0_, extensionm0_.p_update as p_update3_2_0_, extensionm0_.t_code as t_code4_2_0_, extensionm0_.t_inst as t_inst5_2_0_, extensionm0_.t_longD as t_longd6_2_0_, extensionm0_.t_owne as t_owne7_2_0_, extensionm0_.sequence as sequence8_2_0_, extensionm0_.t_shortD as t_shortd9_2_0_, extensionm0_.t_vers as t_vers10_2_0_ from t_ext extensionm0_ where extensionm0_.p_pk=?
11:35:19.490 [main] DEBUG org.hibernate.loader.entity.plan.AbstractLoadPlanBasedEntityLoader - Done entity load : cm.pak.models.core.ExtensionModel#1
11:35:19.490 [main] DEBUG org.springframework.orm.jpa.JpaTransactionManager - Creating new transaction with name [cm.pak.services.impl.DefaultExtensionService.load]: PROPAGATION_REQUIRED,ISOLATION_DEFAULT
11:35:19.490 [main] DEBUG org.springframework.orm.jpa.JpaTransactionManager - Opened new EntityManager [SessionImpl(705602706<open>)] for JPA transaction
11:35:19.490 [main] DEBUG org.hibernate.engine.transaction.internal.TransactionImpl - On TransactionImpl creation, JpaCompliance#isJpaTransactionComplianceEnabled == false
11:35:19.490 [main] DEBUG org.hibernate.engine.transaction.internal.TransactionImpl - begin
11:35:19.491 [main] DEBUG org.springframework.orm.jpa.JpaTransactionManager - Exposing JPA transaction as JDBC [org.springframework.orm.jpa.vendor.HibernateJpaDialect$HibernateConnectionHandle@7e52a26b]
11:35:19.508 [main] DEBUG org.springframework.orm.jpa.JpaTransactionManager - Initiating transaction commit
11:35:19.508 [main] DEBUG org.springframework.orm.jpa.JpaTransactionManager - Committing JPA transaction on EntityManager [SessionImpl(705602706<open>)]
11:35:19.508 [main] DEBUG org.hibernate.engine.transaction.internal.TransactionImpl - committing
11:35:19.508 [main] DEBUG org.springframework.orm.jpa.JpaTransactionManager - Closing JPA EntityManager [SessionImpl(705602706<open>)] after transaction
11:35:19.509 [main] DEBUG org.springframework.test.context.cache.DefaultCacheAwareContextLoaderDelegate - Retrieved ApplicationContext [1146147158] from cache with key [[MergedContextConfiguration@23bb8443 testClass = DefaultExtensionServiceTest, locations = '{}', classes = '{class cm.pak.TrainingCoreConfig}', contextInitializerClasses = '[]', activeProfiles = '{}', propertySourceLocations = '{}', propertySourceProperties = '{}', contextCustomizers = set[[empty]], contextLoader = 'org.springframework.test.context.support.DelegatingSmartContextLoader', parent = [null]]]
11:35:19.509 [main] DEBUG org.springframework.test.context.cache - Spring test ApplicationContext cache statistics: [DefaultContextCache@193eb1ba size = 1, maxSize = 32, parentContextCount = 0, hitCount = 7, missCount = 1]
11:35:19.509 [main] DEBUG org.springframework.test.context.support.AbstractDirtiesContextTestExecutionListener - After test method: context [DefaultTestContext@3ffcd140 testClass = DefaultExtensionServiceTest, testInstance = cm.pak.services.impl.DefaultExtensionServiceTest@7c1503a3, testMethod = uninstallModule@DefaultExtensionServiceTest, testException = com.fasterxml.jackson.databind.exc.UnrecognizedPropertyException: Unrecognized field "path" (class cm.pak.data.MenuData), not marked as ignorable (10 known properties: "label", "viewComponent", "name", "actions", "order", "listComponent", "viewMode", "source", "metadata", "children"])
 at [Source: (File); line: 14, column: 16] (through reference chain: cm.pak.data.ModuleData["menus"]->java.util.HashSet[0]->cm.pak.data.MenuData["path"]), mergedContextConfiguration = [MergedContextConfiguration@23bb8443 testClass = DefaultExtensionServiceTest, locations = '{}', classes = '{class cm.pak.TrainingCoreConfig}', contextInitializerClasses = '[]', activeProfiles = '{}', propertySourceLocations = '{}', propertySourceProperties = '{}', contextCustomizers = set[[empty]], contextLoader = 'org.springframework.test.context.support.DelegatingSmartContextLoader', parent = [null]], attributes = map['org.springframework.test.context.event.ApplicationEventsTestExecutionListener.recordApplicationEvents' -> false]], class annotated with @DirtiesContext [false] with mode [null], method annotated with @DirtiesContext [false] with mode [null].
]]></system-out>
  </testcase>
  <testcase name="get" classname="cm.pak.services.impl.DefaultExtensionServiceTest" time="0.032">
    <error message="Unrecognized field &quot;path&quot; (class cm.pak.data.MenuData), not marked as ignorable (10 known properties: &quot;label&quot;, &quot;viewComponent&quot;, &quot;name&quot;, &quot;actions&quot;, &quot;order&quot;, &quot;listComponent&quot;, &quot;viewMode&quot;, &quot;source&quot;, &quot;metadata&quot;, &quot;children&quot;])&#10; at [Source: (File); line: 14, column: 16] (through reference chain: cm.pak.data.ModuleData[&quot;menus&quot;]-&gt;java.util.HashSet[0]-&gt;cm.pak.data.MenuData[&quot;path&quot;])" type="com.fasterxml.jackson.databind.exc.UnrecognizedPropertyException">com.fasterxml.jackson.databind.exc.UnrecognizedPropertyException: 
Unrecognized field "path" (class cm.pak.data.MenuData), not marked as ignorable (10 known properties: "label", "viewComponent", "name", "actions", "order", "listComponent", "viewMode", "source", "metadata", "children"])
 at [Source: (File); line: 14, column: 16] (through reference chain: cm.pak.data.ModuleData["menus"]->java.util.HashSet[0]->cm.pak.data.MenuData["path"])
	at cm.pak.services.impl.DefaultExtensionServiceTest.setUp(DefaultExtensionServiceTest.java:40)
</error>
    <system-out><![CDATA[11:35:19.510 [main] DEBUG org.springframework.test.annotation.ProfileValueUtils - Retrieved @ProfileValueSourceConfiguration [null] for test class [cm.pak.services.impl.DefaultExtensionServiceTest]
11:35:19.511 [main] DEBUG org.springframework.test.annotation.ProfileValueUtils - Retrieved ProfileValueSource type [class org.springframework.test.annotation.SystemProfileValueSource] for class [cm.pak.services.impl.DefaultExtensionServiceTest]
11:35:19.511 [main] DEBUG org.springframework.test.context.support.DependencyInjectionTestExecutionListener - Performing dependency injection for test context [[DefaultTestContext@3ffcd140 testClass = DefaultExtensionServiceTest, testInstance = cm.pak.services.impl.DefaultExtensionServiceTest@2e56b4d, testMethod = [null], testException = [null], mergedContextConfiguration = [MergedContextConfiguration@23bb8443 testClass = DefaultExtensionServiceTest, locations = '{}', classes = '{class cm.pak.TrainingCoreConfig}', contextInitializerClasses = '[]', activeProfiles = '{}', propertySourceLocations = '{}', propertySourceProperties = '{}', contextCustomizers = set[[empty]], contextLoader = 'org.springframework.test.context.support.DelegatingSmartContextLoader', parent = [null]], attributes = map['org.springframework.test.context.event.ApplicationEventsTestExecutionListener.recordApplicationEvents' -> false]]].
11:35:19.511 [main] DEBUG org.springframework.test.context.cache.DefaultCacheAwareContextLoaderDelegate - Retrieved ApplicationContext [1146147158] from cache with key [[MergedContextConfiguration@23bb8443 testClass = DefaultExtensionServiceTest, locations = '{}', classes = '{class cm.pak.TrainingCoreConfig}', contextInitializerClasses = '[]', activeProfiles = '{}', propertySourceLocations = '{}', propertySourceProperties = '{}', contextCustomizers = set[[empty]], contextLoader = 'org.springframework.test.context.support.DelegatingSmartContextLoader', parent = [null]]]
11:35:19.511 [main] DEBUG org.springframework.test.context.cache - Spring test ApplicationContext cache statistics: [DefaultContextCache@193eb1ba size = 1, maxSize = 32, parentContextCount = 0, hitCount = 8, missCount = 1]
11:35:19.511 [main] DEBUG org.springframework.test.context.cache.DefaultCacheAwareContextLoaderDelegate - Retrieved ApplicationContext [1146147158] from cache with key [[MergedContextConfiguration@23bb8443 testClass = DefaultExtensionServiceTest, locations = '{}', classes = '{class cm.pak.TrainingCoreConfig}', contextInitializerClasses = '[]', activeProfiles = '{}', propertySourceLocations = '{}', propertySourceProperties = '{}', contextCustomizers = set[[empty]], contextLoader = 'org.springframework.test.context.support.DelegatingSmartContextLoader', parent = [null]]]
11:35:19.511 [main] DEBUG org.springframework.test.context.cache - Spring test ApplicationContext cache statistics: [DefaultContextCache@193eb1ba size = 1, maxSize = 32, parentContextCount = 0, hitCount = 9, missCount = 1]
11:35:19.512 [main] DEBUG org.springframework.test.context.support.AbstractDirtiesContextTestExecutionListener - Before test method: context [DefaultTestContext@3ffcd140 testClass = DefaultExtensionServiceTest, testInstance = cm.pak.services.impl.DefaultExtensionServiceTest@2e56b4d, testMethod = get@DefaultExtensionServiceTest, testException = [null], mergedContextConfiguration = [MergedContextConfiguration@23bb8443 testClass = DefaultExtensionServiceTest, locations = '{}', classes = '{class cm.pak.TrainingCoreConfig}', contextInitializerClasses = '[]', activeProfiles = '{}', propertySourceLocations = '{}', propertySourceProperties = '{}', contextCustomizers = set[[empty]], contextLoader = 'org.springframework.test.context.support.DelegatingSmartContextLoader', parent = [null]], attributes = map['org.springframework.test.context.event.ApplicationEventsTestExecutionListener.recordApplicationEvents' -> false]], class annotated with @DirtiesContext [false] with mode [null], method annotated with @DirtiesContext [false] with mode [null].
11:35:19.512 [main] DEBUG org.springframework.test.context.cache.DefaultCacheAwareContextLoaderDelegate - Retrieved ApplicationContext [1146147158] from cache with key [[MergedContextConfiguration@23bb8443 testClass = DefaultExtensionServiceTest, locations = '{}', classes = '{class cm.pak.TrainingCoreConfig}', contextInitializerClasses = '[]', activeProfiles = '{}', propertySourceLocations = '{}', propertySourceProperties = '{}', contextCustomizers = set[[empty]], contextLoader = 'org.springframework.test.context.support.DelegatingSmartContextLoader', parent = [null]]]
11:35:19.512 [main] DEBUG org.springframework.test.context.cache - Spring test ApplicationContext cache statistics: [DefaultContextCache@193eb1ba size = 1, maxSize = 32, parentContextCount = 0, hitCount = 10, missCount = 1]
11:35:19.513 [main] DEBUG org.springframework.orm.jpa.SharedEntityManagerCreator$SharedEntityManagerInvocationHandler - Creating new EntityManager for shared EntityManager invocation
11:35:19.513 [main] DEBUG org.hibernate.SQL - select extensionm0_.p_pk as p_pk1_2_0_, extensionm0_.p_create as p_create2_2_0_, extensionm0_.p_update as p_update3_2_0_, extensionm0_.t_code as t_code4_2_0_, extensionm0_.t_inst as t_inst5_2_0_, extensionm0_.t_longD as t_longd6_2_0_, extensionm0_.t_owne as t_owne7_2_0_, extensionm0_.sequence as sequence8_2_0_, extensionm0_.t_shortD as t_shortd9_2_0_, extensionm0_.t_vers as t_vers10_2_0_ from t_ext extensionm0_ where extensionm0_.p_pk=?
Hibernate: select extensionm0_.p_pk as p_pk1_2_0_, extensionm0_.p_create as p_create2_2_0_, extensionm0_.p_update as p_update3_2_0_, extensionm0_.t_code as t_code4_2_0_, extensionm0_.t_inst as t_inst5_2_0_, extensionm0_.t_longD as t_longd6_2_0_, extensionm0_.t_owne as t_owne7_2_0_, extensionm0_.sequence as sequence8_2_0_, extensionm0_.t_shortD as t_shortd9_2_0_, extensionm0_.t_vers as t_vers10_2_0_ from t_ext extensionm0_ where extensionm0_.p_pk=?
11:35:19.513 [main] DEBUG org.hibernate.loader.entity.plan.AbstractLoadPlanBasedEntityLoader - Done entity load : cm.pak.models.core.ExtensionModel#1
11:35:19.513 [main] DEBUG org.springframework.orm.jpa.JpaTransactionManager - Creating new transaction with name [cm.pak.services.impl.DefaultExtensionService.load]: PROPAGATION_REQUIRED,ISOLATION_DEFAULT
11:35:19.513 [main] DEBUG org.springframework.orm.jpa.JpaTransactionManager - Opened new EntityManager [SessionImpl(190496961<open>)] for JPA transaction
11:35:19.514 [main] DEBUG org.hibernate.engine.transaction.internal.TransactionImpl - On TransactionImpl creation, JpaCompliance#isJpaTransactionComplianceEnabled == false
11:35:19.514 [main] DEBUG org.hibernate.engine.transaction.internal.TransactionImpl - begin
11:35:19.514 [main] DEBUG org.springframework.orm.jpa.JpaTransactionManager - Exposing JPA transaction as JDBC [org.springframework.orm.jpa.vendor.HibernateJpaDialect$HibernateConnectionHandle@224c7de4]
11:35:19.515 [main] DEBUG org.springframework.orm.jpa.JpaTransactionManager - Initiating transaction commit
11:35:19.515 [main] DEBUG org.springframework.orm.jpa.JpaTransactionManager - Committing JPA transaction on EntityManager [SessionImpl(190496961<open>)]
11:35:19.515 [main] DEBUG org.hibernate.engine.transaction.internal.TransactionImpl - committing
11:35:19.515 [main] DEBUG org.springframework.orm.jpa.JpaTransactionManager - Closing JPA EntityManager [SessionImpl(190496961<open>)] after transaction
11:35:19.515 [main] DEBUG org.springframework.test.context.cache.DefaultCacheAwareContextLoaderDelegate - Retrieved ApplicationContext [1146147158] from cache with key [[MergedContextConfiguration@23bb8443 testClass = DefaultExtensionServiceTest, locations = '{}', classes = '{class cm.pak.TrainingCoreConfig}', contextInitializerClasses = '[]', activeProfiles = '{}', propertySourceLocations = '{}', propertySourceProperties = '{}', contextCustomizers = set[[empty]], contextLoader = 'org.springframework.test.context.support.DelegatingSmartContextLoader', parent = [null]]]
11:35:19.515 [main] DEBUG org.springframework.test.context.cache - Spring test ApplicationContext cache statistics: [DefaultContextCache@193eb1ba size = 1, maxSize = 32, parentContextCount = 0, hitCount = 11, missCount = 1]
11:35:19.516 [main] DEBUG org.springframework.test.context.support.AbstractDirtiesContextTestExecutionListener - After test method: context [DefaultTestContext@3ffcd140 testClass = DefaultExtensionServiceTest, testInstance = cm.pak.services.impl.DefaultExtensionServiceTest@2e56b4d, testMethod = get@DefaultExtensionServiceTest, testException = com.fasterxml.jackson.databind.exc.UnrecognizedPropertyException: Unrecognized field "path" (class cm.pak.data.MenuData), not marked as ignorable (10 known properties: "label", "viewComponent", "name", "actions", "order", "listComponent", "viewMode", "source", "metadata", "children"])
 at [Source: (File); line: 14, column: 16] (through reference chain: cm.pak.data.ModuleData["menus"]->java.util.HashSet[0]->cm.pak.data.MenuData["path"]), mergedContextConfiguration = [MergedContextConfiguration@23bb8443 testClass = DefaultExtensionServiceTest, locations = '{}', classes = '{class cm.pak.TrainingCoreConfig}', contextInitializerClasses = '[]', activeProfiles = '{}', propertySourceLocations = '{}', propertySourceProperties = '{}', contextCustomizers = set[[empty]], contextLoader = 'org.springframework.test.context.support.DelegatingSmartContextLoader', parent = [null]], attributes = map['org.springframework.test.context.event.ApplicationEventsTestExecutionListener.recordApplicationEvents' -> false]], class annotated with @DirtiesContext [false] with mode [null], method annotated with @DirtiesContext [false] with mode [null].
]]></system-out>
  </testcase>
  <testcase name="createAdminExtension" classname="cm.pak.services.impl.DefaultExtensionServiceTest" time="0.022">
    <error message="Unrecognized field &quot;path&quot; (class cm.pak.data.MenuData), not marked as ignorable (10 known properties: &quot;label&quot;, &quot;viewComponent&quot;, &quot;name&quot;, &quot;actions&quot;, &quot;order&quot;, &quot;listComponent&quot;, &quot;viewMode&quot;, &quot;source&quot;, &quot;metadata&quot;, &quot;children&quot;])&#10; at [Source: (File); line: 14, column: 16] (through reference chain: cm.pak.data.ModuleData[&quot;menus&quot;]-&gt;java.util.HashSet[0]-&gt;cm.pak.data.MenuData[&quot;path&quot;])" type="com.fasterxml.jackson.databind.exc.UnrecognizedPropertyException">com.fasterxml.jackson.databind.exc.UnrecognizedPropertyException: 
Unrecognized field "path" (class cm.pak.data.MenuData), not marked as ignorable (10 known properties: "label", "viewComponent", "name", "actions", "order", "listComponent", "viewMode", "source", "metadata", "children"])
 at [Source: (File); line: 14, column: 16] (through reference chain: cm.pak.data.ModuleData["menus"]->java.util.HashSet[0]->cm.pak.data.MenuData["path"])
	at cm.pak.services.impl.DefaultExtensionServiceTest.setUp(DefaultExtensionServiceTest.java:40)
</error>
    <system-out><![CDATA[11:35:19.517 [main] DEBUG org.springframework.test.annotation.ProfileValueUtils - Retrieved @ProfileValueSourceConfiguration [null] for test class [cm.pak.services.impl.DefaultExtensionServiceTest]
11:35:19.517 [main] DEBUG org.springframework.test.annotation.ProfileValueUtils - Retrieved ProfileValueSource type [class org.springframework.test.annotation.SystemProfileValueSource] for class [cm.pak.services.impl.DefaultExtensionServiceTest]
11:35:19.517 [main] DEBUG org.springframework.test.context.support.DependencyInjectionTestExecutionListener - Performing dependency injection for test context [[DefaultTestContext@3ffcd140 testClass = DefaultExtensionServiceTest, testInstance = cm.pak.services.impl.DefaultExtensionServiceTest@36ad229b, testMethod = [null], testException = [null], mergedContextConfiguration = [MergedContextConfiguration@23bb8443 testClass = DefaultExtensionServiceTest, locations = '{}', classes = '{class cm.pak.TrainingCoreConfig}', contextInitializerClasses = '[]', activeProfiles = '{}', propertySourceLocations = '{}', propertySourceProperties = '{}', contextCustomizers = set[[empty]], contextLoader = 'org.springframework.test.context.support.DelegatingSmartContextLoader', parent = [null]], attributes = map['org.springframework.test.context.event.ApplicationEventsTestExecutionListener.recordApplicationEvents' -> false]]].
11:35:19.517 [main] DEBUG org.springframework.test.context.cache.DefaultCacheAwareContextLoaderDelegate - Retrieved ApplicationContext [1146147158] from cache with key [[MergedContextConfiguration@23bb8443 testClass = DefaultExtensionServiceTest, locations = '{}', classes = '{class cm.pak.TrainingCoreConfig}', contextInitializerClasses = '[]', activeProfiles = '{}', propertySourceLocations = '{}', propertySourceProperties = '{}', contextCustomizers = set[[empty]], contextLoader = 'org.springframework.test.context.support.DelegatingSmartContextLoader', parent = [null]]]
11:35:19.517 [main] DEBUG org.springframework.test.context.cache - Spring test ApplicationContext cache statistics: [DefaultContextCache@193eb1ba size = 1, maxSize = 32, parentContextCount = 0, hitCount = 12, missCount = 1]
11:35:19.518 [main] DEBUG org.springframework.test.context.cache.DefaultCacheAwareContextLoaderDelegate - Retrieved ApplicationContext [1146147158] from cache with key [[MergedContextConfiguration@23bb8443 testClass = DefaultExtensionServiceTest, locations = '{}', classes = '{class cm.pak.TrainingCoreConfig}', contextInitializerClasses = '[]', activeProfiles = '{}', propertySourceLocations = '{}', propertySourceProperties = '{}', contextCustomizers = set[[empty]], contextLoader = 'org.springframework.test.context.support.DelegatingSmartContextLoader', parent = [null]]]
11:35:19.518 [main] DEBUG org.springframework.test.context.cache - Spring test ApplicationContext cache statistics: [DefaultContextCache@193eb1ba size = 1, maxSize = 32, parentContextCount = 0, hitCount = 13, missCount = 1]
11:35:19.520 [main] DEBUG org.springframework.test.context.support.AbstractDirtiesContextTestExecutionListener - Before test method: context [DefaultTestContext@3ffcd140 testClass = DefaultExtensionServiceTest, testInstance = cm.pak.services.impl.DefaultExtensionServiceTest@36ad229b, testMethod = createAdminExtension@DefaultExtensionServiceTest, testException = [null], mergedContextConfiguration = [MergedContextConfiguration@23bb8443 testClass = DefaultExtensionServiceTest, locations = '{}', classes = '{class cm.pak.TrainingCoreConfig}', contextInitializerClasses = '[]', activeProfiles = '{}', propertySourceLocations = '{}', propertySourceProperties = '{}', contextCustomizers = set[[empty]], contextLoader = 'org.springframework.test.context.support.DelegatingSmartContextLoader', parent = [null]], attributes = map['org.springframework.test.context.event.ApplicationEventsTestExecutionListener.recordApplicationEvents' -> false]], class annotated with @DirtiesContext [false] with mode [null], method annotated with @DirtiesContext [false] with mode [null].
11:35:19.520 [main] DEBUG org.springframework.test.context.cache.DefaultCacheAwareContextLoaderDelegate - Retrieved ApplicationContext [1146147158] from cache with key [[MergedContextConfiguration@23bb8443 testClass = DefaultExtensionServiceTest, locations = '{}', classes = '{class cm.pak.TrainingCoreConfig}', contextInitializerClasses = '[]', activeProfiles = '{}', propertySourceLocations = '{}', propertySourceProperties = '{}', contextCustomizers = set[[empty]], contextLoader = 'org.springframework.test.context.support.DelegatingSmartContextLoader', parent = [null]]]
11:35:19.520 [main] DEBUG org.springframework.test.context.cache - Spring test ApplicationContext cache statistics: [DefaultContextCache@193eb1ba size = 1, maxSize = 32, parentContextCount = 0, hitCount = 14, missCount = 1]
11:35:19.520 [main] DEBUG org.springframework.orm.jpa.SharedEntityManagerCreator$SharedEntityManagerInvocationHandler - Creating new EntityManager for shared EntityManager invocation
11:35:19.520 [main] DEBUG org.hibernate.SQL - select extensionm0_.p_pk as p_pk1_2_0_, extensionm0_.p_create as p_create2_2_0_, extensionm0_.p_update as p_update3_2_0_, extensionm0_.t_code as t_code4_2_0_, extensionm0_.t_inst as t_inst5_2_0_, extensionm0_.t_longD as t_longd6_2_0_, extensionm0_.t_owne as t_owne7_2_0_, extensionm0_.sequence as sequence8_2_0_, extensionm0_.t_shortD as t_shortd9_2_0_, extensionm0_.t_vers as t_vers10_2_0_ from t_ext extensionm0_ where extensionm0_.p_pk=?
Hibernate: select extensionm0_.p_pk as p_pk1_2_0_, extensionm0_.p_create as p_create2_2_0_, extensionm0_.p_update as p_update3_2_0_, extensionm0_.t_code as t_code4_2_0_, extensionm0_.t_inst as t_inst5_2_0_, extensionm0_.t_longD as t_longd6_2_0_, extensionm0_.t_owne as t_owne7_2_0_, extensionm0_.sequence as sequence8_2_0_, extensionm0_.t_shortD as t_shortd9_2_0_, extensionm0_.t_vers as t_vers10_2_0_ from t_ext extensionm0_ where extensionm0_.p_pk=?
11:35:19.521 [main] DEBUG org.hibernate.loader.entity.plan.AbstractLoadPlanBasedEntityLoader - Done entity load : cm.pak.models.core.ExtensionModel#1
11:35:19.522 [main] DEBUG org.springframework.orm.jpa.JpaTransactionManager - Creating new transaction with name [cm.pak.services.impl.DefaultExtensionService.load]: PROPAGATION_REQUIRED,ISOLATION_DEFAULT
11:35:19.523 [main] DEBUG org.springframework.orm.jpa.JpaTransactionManager - Opened new EntityManager [SessionImpl(1231493271<open>)] for JPA transaction
11:35:19.523 [main] DEBUG org.hibernate.engine.transaction.internal.TransactionImpl - On TransactionImpl creation, JpaCompliance#isJpaTransactionComplianceEnabled == false
11:35:19.523 [main] DEBUG org.hibernate.engine.transaction.internal.TransactionImpl - begin
11:35:19.523 [main] DEBUG org.springframework.orm.jpa.JpaTransactionManager - Exposing JPA transaction as JDBC [org.springframework.orm.jpa.vendor.HibernateJpaDialect$HibernateConnectionHandle@168142da]
11:35:19.524 [main] DEBUG org.springframework.orm.jpa.JpaTransactionManager - Initiating transaction commit
11:35:19.524 [main] DEBUG org.springframework.orm.jpa.JpaTransactionManager - Committing JPA transaction on EntityManager [SessionImpl(1231493271<open>)]
11:35:19.524 [main] DEBUG org.hibernate.engine.transaction.internal.TransactionImpl - committing
11:35:19.525 [main] DEBUG org.springframework.orm.jpa.JpaTransactionManager - Closing JPA EntityManager [SessionImpl(1231493271<open>)] after transaction
11:35:19.526 [main] DEBUG org.springframework.test.context.cache.DefaultCacheAwareContextLoaderDelegate - Retrieved ApplicationContext [1146147158] from cache with key [[MergedContextConfiguration@23bb8443 testClass = DefaultExtensionServiceTest, locations = '{}', classes = '{class cm.pak.TrainingCoreConfig}', contextInitializerClasses = '[]', activeProfiles = '{}', propertySourceLocations = '{}', propertySourceProperties = '{}', contextCustomizers = set[[empty]], contextLoader = 'org.springframework.test.context.support.DelegatingSmartContextLoader', parent = [null]]]
11:35:19.528 [main] DEBUG org.springframework.test.context.cache - Spring test ApplicationContext cache statistics: [DefaultContextCache@193eb1ba size = 1, maxSize = 32, parentContextCount = 0, hitCount = 15, missCount = 1]
11:35:19.533 [main] DEBUG org.springframework.test.context.support.AbstractDirtiesContextTestExecutionListener - After test method: context [DefaultTestContext@3ffcd140 testClass = DefaultExtensionServiceTest, testInstance = cm.pak.services.impl.DefaultExtensionServiceTest@36ad229b, testMethod = createAdminExtension@DefaultExtensionServiceTest, testException = com.fasterxml.jackson.databind.exc.UnrecognizedPropertyException: Unrecognized field "path" (class cm.pak.data.MenuData), not marked as ignorable (10 known properties: "label", "viewComponent", "name", "actions", "order", "listComponent", "viewMode", "source", "metadata", "children"])
 at [Source: (File); line: 14, column: 16] (through reference chain: cm.pak.data.ModuleData["menus"]->java.util.HashSet[0]->cm.pak.data.MenuData["path"]), mergedContextConfiguration = [MergedContextConfiguration@23bb8443 testClass = DefaultExtensionServiceTest, locations = '{}', classes = '{class cm.pak.TrainingCoreConfig}', contextInitializerClasses = '[]', activeProfiles = '{}', propertySourceLocations = '{}', propertySourceProperties = '{}', contextCustomizers = set[[empty]], contextLoader = 'org.springframework.test.context.support.DelegatingSmartContextLoader', parent = [null]], attributes = map['org.springframework.test.context.event.ApplicationEventsTestExecutionListener.recordApplicationEvents' -> false]], class annotated with @DirtiesContext [false] with mode [null], method annotated with @DirtiesContext [false] with mode [null].
]]></system-out>
  </testcase>
</testsuite>